<?xml version="1.0" encoding="UTF-8"?>
<coverage generated="1787672378431" clover="3.2.0">
  <project timestamp="1787672378431" name="All files">
    <metrics statements="894" coveredstatements="791" conditionals="415" coveredconditionals="341" methods="91" coveredmethods="85" elements="1400" coveredelements="1217" complexity="0" loc="894" ncloc="894" packages="6" files="17" classes="17"/>
    <package name="src">
      <metrics statements="20" coveredstatements="19" conditionals="1" coveredconditionals="0" methods="2" coveredmethods="2"/>
      <file name="app.ts" path="/app/backend/src/app.ts">
        <metrics statements="20" coveredstatements="19" conditionals="1" coveredconditionals="0" methods="2" coveredmethods="2"/>
        <line num="1" count="6" type="stmt"/>
        <line num="2" count="6" type="stmt"/>
        <line num="3" count="6" type="stmt"/>
        <line num="5" count="6" type="stmt"/>
        <line num="8" count="6" type="stmt"/>
        <line num="9" count="57" type="stmt"/>
        <line num="10" count="57" type="stmt"/>
        <line num="11" count="57" type="stmt"/>
        <line num="12" count="57" type="stmt"/>
        <line num="13" count="57" type="cond" truecount="0" falsecount="1"/>
        <line num="14" count="0" type="stmt"/>
        <line num="16" count="57" type="stmt"/>
        <line num="19" count="6" type="stmt"/>
        <line num="21" count="6" type="stmt"/>
        <line num="22" count="6" type="stmt"/>
        <line num="25" count="6" type="stmt"/>
        <line num="26" count="1" type="stmt"/>
        <line num="30" count="6" type="stmt"/>
        <line num="33" count="6" type="stmt"/>
        <line num="35" count="6" type="stmt"/>
      </file>
    </package>
    <package name="src.controllers">
      <metrics statements="58" coveredstatements="52" conditionals="20" coveredconditionals="16" methods="11" coveredmethods="10"/>
      <file name="incidentController.ts" path="/app/backend/src/controllers/incidentController.ts">
        <metrics statements="11" coveredstatements="9" conditionals="3" coveredconditionals="3" methods="1" coveredmethods="1"/>
        <line num="2" count="7" type="stmt"/>
        <line num="5" count="7" type="stmt"/>
        <line num="6" count="9" type="stmt"/>
        <line num="7" count="9" type="stmt"/>
        <line num="9" count="9" type="cond" truecount="3" falsecount="0"/>
        <line num="10" count="1" type="stmt"/>
        <line num="14" count="1" type="stmt"/>
        <line num="17" count="8" type="stmt"/>
        <line num="19" count="8" type="stmt"/>
        <line num="24" count="0" type="stmt"/>
        <line num="25" count="0" type="stmt"/>
      </file>
      <file name="intelController.ts" path="/app/backend/src/controllers/intelController.ts">
        <metrics statements="15" coveredstatements="13" conditionals="4" coveredconditionals="2" methods="4" coveredmethods="4"/>
        <line num="2" count="7" type="stmt"/>
        <line num="4" count="7" type="stmt"/>
        <line num="5" count="1" type="stmt"/>
        <line num="6" count="1" type="cond" truecount="1" falsecount="1"/>
        <line num="7" count="1" type="stmt"/>
        <line num="9" count="1" type="stmt"/>
        <line num="12" count="5" type="stmt"/>
        <line num="21" count="0" type="stmt"/>
        <line num="25" count="7" type="stmt"/>
        <line num="26" count="2" type="stmt"/>
        <line num="27" count="2" type="cond" truecount="1" falsecount="1"/>
        <line num="28" count="2" type="stmt"/>
        <line num="30" count="2" type="stmt"/>
        <line num="33" count="10" type="stmt"/>
        <line num="43" count="0" type="stmt"/>
      </file>
      <file name="reportController.ts" path="/app/backend/src/controllers/reportController.ts">
        <metrics statements="13" coveredstatements="12" conditionals="4" coveredconditionals="4" methods="2" coveredmethods="2"/>
        <line num="3" count="7" type="stmt"/>
        <line num="4" count="7" type="stmt"/>
        <line num="6" count="7" type="stmt"/>
        <line num="7" count="2" type="stmt"/>
        <line num="8" count="2" type="stmt"/>
        <line num="11" count="2" type="cond" truecount="1" falsecount="0"/>
        <line num="12" count="1" type="stmt"/>
        <line num="16" count="2" type="cond" truecount="3" falsecount="0"/>
        <line num="17" count="1" type="stmt"/>
        <line num="18" count="1" type="stmt"/>
        <line num="22" count="2" type="stmt"/>
        <line num="24" count="2" type="stmt"/>
        <line num="29" count="0" type="stmt"/>
      </file>
      <file name="scanController.ts" path="/app/backend/src/controllers/scanController.ts">
        <metrics statements="19" coveredstatements="18" conditionals="9" coveredconditionals="7" methods="4" coveredmethods="3"/>
        <line num="2" count="7" type="stmt"/>
        <line num="5" count="7" type="stmt"/>
        <line num="8" count="7" type="stmt"/>
        <line num="10" count="7" type="stmt"/>
        <line num="11" count="39" type="stmt"/>
        <line num="12" count="39" type="stmt"/>
        <line num="15" count="39" type="cond" truecount="1" falsecount="0"/>
        <line num="16" count="1" type="stmt"/>
        <line num="23" count="38" type="stmt"/>
        <line num="25" count="38" type="stmt"/>
        <line num="26" count="38" type="stmt"/>
        <line num="30" count="38" type="stmt"/>
        <line num="31" count="38" type="stmt"/>
        <line num="36" count="38" type="stmt"/>
        <line num="40" count="38" type="cond" truecount="3" falsecount="1"/>
        <line num="42" count="160" type="cond" truecount="2" falsecount="0"/>
        <line num="46" count="38" type="cond" truecount="1" falsecount="1"/>
        <line num="47" count="38" type="stmt"/>
        <line num="49" count="0" type="stmt"/>
      </file>
    </package>
    <package name="src.middleware">
      <metrics statements="88" coveredstatements="70" conditionals="31" coveredconditionals="17" methods="11" coveredmethods="10"/>
      <file name="errorHandler.ts" path="/app/backend/src/middleware/errorHandler.ts">
        <metrics statements="12" coveredstatements="4" conditionals="10" coveredconditionals="5" methods="1" coveredmethods="1"/>
        <line num="4" count="6" type="stmt"/>
        <line num="11" count="1" type="cond" truecount="5" falsecount="0"/>
        <line num="12" count="1" type="stmt"/>
        <line num="16" count="1" type="stmt"/>
        <line num="19" count="0" type="cond" truecount="0" falsecount="1"/>
        <line num="20" count="0" type="cond" truecount="0" falsecount="1"/>
        <line num="21" count="0" type="stmt"/>
        <line num="27" count="0" type="cond" truecount="0" falsecount="3"/>
        <line num="28" count="0" type="stmt"/>
        <line num="35" count="0" type="stmt"/>
        <line num="37" count="0" type="stmt"/>
        <line num="42" count="0" type="stmt"/>
      </file>
      <file name="rateLimiter.ts" path="/app/backend/src/middleware/rateLimiter.ts">
        <metrics statements="32" coveredstatements="28" conditionals="14" coveredconditionals="8" methods="2" coveredmethods="2"/>
        <line num="8" count="7" type="stmt"/>
        <line num="9" count="7" type="stmt"/>
        <line num="10" count="7" type="stmt"/>
        <line num="12" count="7" type="stmt"/>
        <line num="13" count="3" type="cond" truecount="1" falsecount="2"/>
        <line num="14" count="3" type="stmt"/>
        <line num="16" count="3" type="stmt"/>
        <line num="17" count="3" type="cond" truecount="3" falsecount="0"/>
        <line num="18" count="1" type="stmt"/>
        <line num="19" count="1" type="stmt"/>
        <line num="20" count="1" type="stmt"/>
        <line num="23" count="2" type="stmt"/>
        <line num="24" count="2" type="cond" truecount="0" falsecount="1"/>
        <line num="25" count="0" type="stmt"/>
        <line num="30" count="0" type="stmt"/>
        <line num="33" count="2" type="stmt"/>
        <line num="36" count="7" type="stmt"/>
        <line num="37" count="7" type="stmt"/>
        <line num="38" count="7" type="stmt"/>
        <line num="40" count="7" type="stmt"/>
        <line num="41" count="50" type="cond" truecount="1" falsecount="2"/>
        <line num="42" count="50" type="stmt"/>
        <line num="44" count="50" type="stmt"/>
        <line num="45" count="50" type="cond" truecount="3" falsecount="0"/>
        <line num="46" count="6" type="stmt"/>
        <line num="47" count="6" type="stmt"/>
        <line num="48" count="6" type="stmt"/>
        <line num="51" count="44" type="stmt"/>
        <line num="52" count="44" type="cond" truecount="0" falsecount="1"/>
        <line num="53" count="0" type="stmt"/>
        <line num="58" count="0" type="stmt"/>
        <line num="61" count="44" type="stmt"/>
      </file>
      <file name="validator.ts" path="/app/backend/src/middleware/validator.ts">
        <metrics statements="44" coveredstatements="38" conditionals="7" coveredconditionals="4" methods="8" coveredmethods="7"/>
        <line num="1" count="7" type="stmt"/>
        <line num="2" count="7" type="stmt"/>
        <line num="4" count="7" type="stmt"/>
        <line num="5" count="7" type="stmt"/>
        <line num="7" count="7" type="stmt"/>
        <line num="8" count="7" type="stmt"/>
        <line num="11" count="7" type="stmt"/>
        <line num="12" count="84" type="stmt"/>
        <line num="14" count="7" type="stmt"/>
        <line num="15" count="84" type="stmt"/>
        <line num="16" count="84" type="stmt"/>
        <line num="18" count="84" type="cond" truecount="1" falsecount="0"/>
        <line num="19" count="56" type="stmt"/>
        <line num="21" count="84" type="stmt"/>
        <line num="23" count="84" type="cond" truecount="1" falsecount="0"/>
        <line num="24" count="84" type="stmt"/>
        <line num="26" count="84" type="stmt"/>
        <line num="29" count="7" type="stmt"/>
        <line num="30" count="14" type="stmt"/>
        <line num="31" count="44" type="stmt"/>
        <line num="33" count="44" type="cond" truecount="0" falsecount="1"/>
        <line num="34" count="0" type="stmt"/>
        <line num="40" count="44" type="stmt"/>
        <line num="42" count="44" type="cond" truecount="1" falsecount="0"/>
        <line num="43" count="8" type="stmt"/>
        <line num="44" count="3" type="stmt"/>
        <line num="51" count="41" type="stmt"/>
        <line num="55" count="7" type="stmt"/>
        <line num="56" count="7" type="stmt"/>
        <line num="57" count="39" type="stmt"/>
        <line num="59" count="39" type="cond" truecount="0" falsecount="1"/>
        <line num="60" count="0" type="stmt"/>
        <line num="66" count="39" type="stmt"/>
        <line num="67" count="39" type="stmt"/>
        <line num="69" count="39" type="cond" truecount="1" falsecount="0"/>
        <line num="70" count="1" type="stmt"/>
        <line num="73" count="38" type="stmt"/>
        <line num="74" count="38" type="cond" truecount="0" falsecount="1"/>
        <line num="75" count="0" type="stmt"/>
        <line num="76" count="0" type="stmt"/>
        <line num="77" count="0" type="stmt"/>
        <line num="78" count="0" type="stmt"/>
        <line num="84" count="38" type="stmt"/>
        <line num="87" count="39" type="stmt"/>
      </file>
    </package>
    <package name="src.routes">
      <metrics statements="24" coveredstatements="18" conditionals="4" coveredconditionals="0" methods="2" coveredmethods="1"/>
      <file name="api.ts" path="/app/backend/src/routes/api.ts">
        <metrics statements="24" coveredstatements="18" conditionals="4" coveredconditionals="0" methods="2" coveredmethods="1"/>
        <line num="1" count="7" type="stmt"/>
        <line num="2" count="7" type="stmt"/>
        <line num="3" count="7" type="stmt"/>
        <line num="4" count="7" type="stmt"/>
        <line num="5" count="7" type="stmt"/>
        <line num="6" count="7" type="stmt"/>
        <line num="7" count="7" type="stmt"/>
        <line num="8" count="7" type="stmt"/>
        <line num="10" count="7" type="stmt"/>
        <line num="13" count="7" type="stmt"/>
        <line num="14" count="1" type="stmt"/>
        <line num="26" count="7" type="stmt"/>
        <line num="29" count="7" type="stmt"/>
        <line num="32" count="7" type="stmt"/>
        <line num="35" count="7" type="stmt"/>
        <line num="36" count="0" type="stmt"/>
        <line num="37" count="0" type="cond" truecount="0" falsecount="4"/>
        <line num="38" count="0" type="stmt"/>
        <line num="42" count="0" type="stmt"/>
        <line num="45" count="0" type="stmt"/>
        <line num="53" count="0" type="stmt"/>
        <line num="62" count="7" type="stmt"/>
        <line num="63" count="7" type="stmt"/>
        <line num="65" count="7" type="stmt"/>
      </file>
    </package>
    <package name="src.services">
      <metrics statements="548" coveredstatements="480" conditionals="336" coveredconditionals="289" methods="47" coveredmethods="44"/>
      <file name="analyzer.ts" path="/app/backend/src/services/analyzer.ts">
        <metrics statements="352" coveredstatements="304" conditionals="242" coveredconditionals="222" methods="4" coveredmethods="3"/>
        <line num="1" count="8" type="stmt"/>
        <line num="12" count="8" type="stmt"/>
        <line num="13" count="8" type="stmt"/>
        <line num="14" count="8" type="stmt"/>
        <line num="15" count="8" type="stmt"/>
        <line num="16" count="8" type="stmt"/>
        <line num="17" count="8" type="stmt"/>
        <line num="29" count="8" type="stmt"/>
        <line num="31" count="41" type="stmt"/>
        <line num="32" count="41" type="stmt"/>
        <line num="39" count="41" type="stmt"/>
        <line num="40" count="41" type="cond" truecount="2" falsecount="0"/>
        <line num="41" count="9" type="stmt"/>
        <line num="42" count="9" type="cond" truecount="1" falsecount="1"/>
        <line num="43" count="9" type="stmt"/>
        <line num="44" count="9" type="cond" truecount="1" falsecount="0"/>
        <line num="47" count="32" type="stmt"/>
        <line num="48" count="32" type="cond" truecount="1" falsecount="0"/>
        <line num="49" count="1" type="stmt"/>
        <line num="54" count="41" type="stmt"/>
        <line num="55" count="41" type="cond" truecount="1" falsecount="0"/>
        <line num="56" count="1" type="stmt"/>
        <line num="60" count="41" type="cond" truecount="1" falsecount="0"/>
        <line num="61" count="33" type="stmt"/>
        <line num="62" count="33" type="cond" truecount="1" falsecount="0"/>
        <line num="63" count="6" type="stmt"/>
        <line num="68" count="41" type="stmt"/>
        <line num="69" count="41" type="stmt"/>
        <line num="70" count="410" type="cond" truecount="1" falsecount="0"/>
        <line num="71" count="26" type="stmt"/>
        <line num="75" count="41" type="cond" truecount="3" falsecount="0"/>
        <line num="76" count="3" type="stmt"/>
        <line num="79" count="41" type="cond" truecount="3" falsecount="0"/>
        <line num="80" count="9" type="stmt"/>
        <line num="83" count="41" type="stmt"/>
        <line num="91" count="41" type="stmt"/>
        <line num="92" count="41" type="stmt"/>
        <line num="93" count="41" type="stmt"/>
        <line num="94" count="41" type="stmt"/>
        <line num="96" count="41" type="stmt"/>
        <line num="97" count="41" type="stmt"/>
        <line num="98" count="41" type="stmt"/>
        <line num="101" count="41" type="cond" truecount="2" falsecount="0"/>
        <line num="102" count="41" type="stmt"/>
        <line num="103" count="41" type="cond" truecount="2" falsecount="0"/>
        <line num="104" count="29" type="cond" truecount="2" falsecount="0"/>
        <line num="105" count="25" type="cond" truecount="2" falsecount="0"/>
        <line num="106" count="12" type="cond" truecount="1" falsecount="1"/>
        <line num="107" count="12" type="cond" truecount="1" falsecount="0"/>
        <line num="109" count="41" type="stmt"/>
        <line num="111" count="41" type="cond" truecount="1" falsecount="0"/>
        <line num="112" count="41" type="cond" truecount="1" falsecount="0"/>
        <line num="113" count="41" type="cond" truecount="1" falsecount="0"/>
        <line num="114" count="41" type="cond" truecount="1" falsecount="0"/>
        <line num="115" count="41" type="cond" truecount="1" falsecount="0"/>
        <line num="116" count="41" type="cond" truecount="1" falsecount="0"/>
        <line num="119" count="41" type="stmt"/>
        <line num="122" count="41" type="stmt"/>
        <line num="125" count="41" type="cond" truecount="4" falsecount="0"/>
        <line num="126" count="41" type="cond" truecount="2" falsecount="0"/>
        <line num="127" count="41" type="cond" truecount="2" falsecount="0"/>
        <line num="128" count="41" type="stmt"/>
        <line num="131" count="41" type="cond" truecount="2" falsecount="0"/>
        <line num="133" count="41" type="cond" truecount="1" falsecount="0"/>
        <line num="134" count="41" type="cond" truecount="1" falsecount="0"/>
        <line num="135" count="41" type="cond" truecount="1" falsecount="0"/>
        <line num="136" count="41" type="cond" truecount="1" falsecount="0"/>
        <line num="138" count="41" type="cond" truecount="1" falsecount="0"/>
        <line num="139" count="8" type="stmt"/>
        <line num="140" count="8" type="cond" truecount="1" falsecount="0"/>
        <line num="141" count="8" type="cond" truecount="1" falsecount="0"/>
        <line num="144" count="41" type="cond" truecount="1" falsecount="0"/>
        <line num="145" count="8" type="stmt"/>
        <line num="148" count="41" type="stmt"/>
        <line num="149" count="41" type="stmt"/>
        <line num="150" count="41" type="stmt"/>
        <line num="153" count="41" type="cond" truecount="6" falsecount="0"/>
        <line num="154" count="41" type="cond" truecount="2" falsecount="0"/>
        <line num="155" count="1" type="stmt"/>
        <line num="156" count="1" type="stmt"/>
        <line num="157" count="1" type="stmt"/>
        <line num="158" count="40" type="cond" truecount="2" falsecount="0"/>
        <line num="159" count="5" type="stmt"/>
        <line num="160" count="5" type="stmt"/>
        <line num="161" count="5" type="stmt"/>
        <line num="162" count="35" type="cond" truecount="2" falsecount="0"/>
        <line num="163" count="2" type="stmt"/>
        <line num="164" count="2" type="stmt"/>
        <line num="165" count="2" type="stmt"/>
        <line num="166" count="33" type="cond" truecount="2" falsecount="0"/>
        <line num="167" count="1" type="stmt"/>
        <line num="168" count="1" type="stmt"/>
        <line num="169" count="1" type="stmt"/>
        <line num="170" count="32" type="cond" truecount="2" falsecount="0"/>
        <line num="171" count="13" type="stmt"/>
        <line num="172" count="13" type="stmt"/>
        <line num="173" count="13" type="stmt"/>
        <line num="174" count="19" type="cond" truecount="3" falsecount="0"/>
        <line num="175" count="2" type="stmt"/>
        <line num="176" count="2" type="stmt"/>
        <line num="177" count="2" type="cond" truecount="1" falsecount="1"/>
        <line num="181" count="41" type="cond" truecount="3" falsecount="0"/>
        <line num="182" count="8" type="stmt"/>
        <line num="184" count="8" type="cond" truecount="3" falsecount="0"/>
        <line num="185" count="4" type="cond" truecount="1" falsecount="0"/>
        <line num="186" count="4" type="stmt"/>
        <line num="187" count="4" type="stmt"/>
        <line num="191" count="8" type="cond" truecount="3" falsecount="0"/>
        <line num="192" count="1" type="stmt"/>
        <line num="193" count="1" type="stmt"/>
        <line num="196" count="8" type="cond" truecount="4" falsecount="0"/>
        <line num="197" count="1" type="stmt"/>
        <line num="198" count="1" type="stmt"/>
        <line num="201" count="8" type="cond" truecount="1" falsecount="0"/>
        <line num="202" count="4" type="stmt"/>
        <line num="203" count="4" type="cond" truecount="1" falsecount="0"/>
        <line num="206" count="8" type="cond" truecount="1" falsecount="2"/>
        <line num="207" count="0" type="stmt"/>
        <line num="208" count="0" type="stmt"/>
        <line num="211" count="8" type="cond" truecount="2" falsecount="1"/>
        <line num="212" count="0" type="stmt"/>
        <line num="213" count="0" type="stmt"/>
        <line num="216" count="8" type="cond" truecount="2" falsecount="1"/>
        <line num="217" count="0" type="stmt"/>
        <line num="218" count="0" type="cond" truecount="0" falsecount="1"/>
        <line num="223" count="41" type="cond" truecount="1" falsecount="0"/>
        <line num="224" count="8" type="stmt"/>
        <line num="226" count="8" type="cond" truecount="4" falsecount="0"/>
        <line num="227" count="3" type="stmt"/>
        <line num="228" count="3" type="stmt"/>
        <line num="231" count="8" type="cond" truecount="5" falsecount="0"/>
        <line num="232" count="4" type="cond" truecount="5" falsecount="0"/>
        <line num="233" count="1" type="stmt"/>
        <line num="234" count="1" type="stmt"/>
        <line num="236" count="3" type="stmt"/>
        <line num="237" count="3" type="stmt"/>
        <line num="241" count="8" type="cond" truecount="1" falsecount="0"/>
        <line num="242" count="1" type="stmt"/>
        <line num="243" count="1" type="cond" truecount="1" falsecount="0"/>
        <line num="248" count="41" type="cond" truecount="3" falsecount="0"/>
        <line num="249" count="4" type="stmt"/>
        <line num="250" count="4" type="cond" truecount="1" falsecount="0"/>
        <line num="251" count="4" type="stmt"/>
        <line num="254" count="41" type="cond" truecount="3" falsecount="0"/>
        <line num="255" count="1" type="stmt"/>
        <line num="256" count="1" type="stmt"/>
        <line num="257" count="1" type="stmt"/>
        <line num="260" count="41" type="cond" truecount="5" falsecount="0"/>
        <line num="261" count="2" type="stmt"/>
        <line num="262" count="2" type="stmt"/>
        <line num="263" count="2" type="stmt"/>
        <line num="267" count="41" type="stmt"/>
        <line num="268" count="41" type="cond" truecount="1" falsecount="0"/>
        <line num="269" count="6" type="stmt"/>
        <line num="270" count="6" type="stmt"/>
        <line num="277" count="6" type="cond" truecount="0" falsecount="1"/>
        <line num="278" count="0" type="stmt"/>
        <line num="279" count="0" type="stmt"/>
        <line num="280" count="0" type="stmt"/>
        <line num="281" count="0" type="stmt"/>
        <line num="286" count="41" type="cond" truecount="2" falsecount="0"/>
        <line num="287" count="19" type="cond" truecount="2" falsecount="0"/>
        <line num="288" count="17" type="cond" truecount="2" falsecount="0"/>
        <line num="289" count="13" type="stmt"/>
        <line num="292" count="41" type="stmt"/>
        <line num="293" count="41" type="stmt"/>
        <line num="294" count="41" type="cond" truecount="1" falsecount="1"/>
        <line num="295" count="41" type="stmt"/>
        <line num="298" count="41" type="cond" truecount="2" falsecount="0"/>
        <line num="299" count="41" type="cond" truecount="2" falsecount="0"/>
        <line num="300" count="22" type="cond" truecount="2" falsecount="0"/>
        <line num="301" count="22" type="stmt"/>
        <line num="302" count="22" type="stmt"/>
        <line num="324" count="19" type="cond" truecount="2" falsecount="0"/>
        <line num="325" count="2" type="stmt"/>
        <line num="326" count="2" type="stmt"/>
        <line num="338" count="17" type="cond" truecount="2" falsecount="0"/>
        <line num="339" count="4" type="stmt"/>
        <line num="348" count="13" type="stmt"/>
        <line num="349" count="13" type="stmt"/>
        <line num="361" count="41" type="stmt"/>
        <line num="372" count="41" type="stmt"/>
        <line num="385" count="41" type="stmt"/>
        <line num="406" count="41" type="cond" truecount="1" falsecount="1"/>
        <line num="411" count="41" type="stmt"/>
        <line num="412" count="41" type="cond" truecount="1" falsecount="0"/>
        <line num="413" count="28" type="stmt"/>
        <line num="414" count="28" type="stmt"/>
        <line num="415" count="28" type="stmt"/>
        <line num="416" count="28" type="stmt"/>
        <line num="417" count="28" type="stmt"/>
        <line num="418" count="28" type="stmt"/>
        <line num="419" count="28" type="stmt"/>
        <line num="420" count="28" type="stmt"/>
        <line num="421" count="28" type="stmt"/>
        <line num="422" count="28" type="stmt"/>
        <line num="423" count="28" type="stmt"/>
        <line num="424" count="28" type="stmt"/>
        <line num="425" count="28" type="stmt"/>
        <line num="426" count="28" type="stmt"/>
        <line num="427" count="28" type="stmt"/>
        <line num="428" count="28" type="stmt"/>
        <line num="429" count="28" type="stmt"/>
        <line num="431" count="28" type="cond" truecount="2" falsecount="0"/>
        <line num="432" count="8" type="stmt"/>
        <line num="433" count="8" type="stmt"/>
        <line num="434" count="8" type="stmt"/>
        <line num="435" count="8" type="stmt"/>
        <line num="437" count="8" type="cond" truecount="4" falsecount="0"/>
        <line num="438" count="1" type="stmt"/>
        <line num="439" count="1" type="stmt"/>
        <line num="440" count="1" type="stmt"/>
        <line num="441" count="1" type="stmt"/>
        <line num="442" count="1" type="stmt"/>
        <line num="443" count="1" type="stmt"/>
        <line num="444" count="1" type="stmt"/>
        <line num="445" count="1" type="stmt"/>
        <line num="446" count="7" type="cond" truecount="3" falsecount="0"/>
        <line num="447" count="5" type="stmt"/>
        <line num="448" count="5" type="stmt"/>
        <line num="449" count="5" type="stmt"/>
        <line num="450" count="5" type="stmt"/>
        <line num="451" count="5" type="stmt"/>
        <line num="452" count="5" type="stmt"/>
        <line num="453" count="5" type="stmt"/>
        <line num="454" count="5" type="stmt"/>
        <line num="456" count="8" type="stmt"/>
        <line num="457" count="8" type="stmt"/>
        <line num="458" count="8" type="stmt"/>
        <line num="459" count="20" type="cond" truecount="2" falsecount="0"/>
        <line num="460" count="8" type="cond" truecount="2" falsecount="0"/>
        <line num="461" count="3" type="stmt"/>
        <line num="462" count="3" type="stmt"/>
        <line num="463" count="3" type="stmt"/>
        <line num="464" count="3" type="stmt"/>
        <line num="465" count="3" type="stmt"/>
        <line num="466" count="3" type="stmt"/>
        <line num="467" count="3" type="stmt"/>
        <line num="468" count="3" type="stmt"/>
        <line num="469" count="3" type="stmt"/>
        <line num="470" count="3" type="stmt"/>
        <line num="471" count="3" type="stmt"/>
        <line num="472" count="3" type="stmt"/>
        <line num="473" count="3" type="stmt"/>
        <line num="474" count="3" type="stmt"/>
        <line num="475" count="3" type="stmt"/>
        <line num="476" count="5" type="cond" truecount="2" falsecount="0"/>
        <line num="477" count="3" type="stmt"/>
        <line num="478" count="3" type="stmt"/>
        <line num="479" count="3" type="stmt"/>
        <line num="480" count="3" type="stmt"/>
        <line num="481" count="3" type="stmt"/>
        <line num="482" count="3" type="stmt"/>
        <line num="483" count="3" type="stmt"/>
        <line num="484" count="3" type="stmt"/>
        <line num="485" count="3" type="stmt"/>
        <line num="486" count="3" type="stmt"/>
        <line num="487" count="3" type="stmt"/>
        <line num="488" count="3" type="stmt"/>
        <line num="489" count="3" type="stmt"/>
        <line num="490" count="3" type="stmt"/>
        <line num="491" count="3" type="stmt"/>
        <line num="492" count="2" type="cond" truecount="1" falsecount="1"/>
        <line num="493" count="0" type="stmt"/>
        <line num="494" count="0" type="stmt"/>
        <line num="495" count="0" type="stmt"/>
        <line num="496" count="0" type="stmt"/>
        <line num="497" count="0" type="stmt"/>
        <line num="498" count="0" type="stmt"/>
        <line num="499" count="0" type="stmt"/>
        <line num="500" count="0" type="stmt"/>
        <line num="501" count="0" type="stmt"/>
        <line num="502" count="0" type="stmt"/>
        <line num="503" count="0" type="stmt"/>
        <line num="504" count="0" type="stmt"/>
        <line num="505" count="0" type="stmt"/>
        <line num="506" count="0" type="stmt"/>
        <line num="507" count="0" type="stmt"/>
        <line num="508" count="2" type="cond" truecount="1" falsecount="1"/>
        <line num="509" count="0" type="stmt"/>
        <line num="510" count="0" type="stmt"/>
        <line num="511" count="0" type="stmt"/>
        <line num="512" count="0" type="stmt"/>
        <line num="513" count="0" type="stmt"/>
        <line num="514" count="0" type="stmt"/>
        <line num="515" count="0" type="stmt"/>
        <line num="516" count="0" type="stmt"/>
        <line num="517" count="0" type="stmt"/>
        <line num="518" count="0" type="stmt"/>
        <line num="519" count="0" type="stmt"/>
        <line num="520" count="0" type="stmt"/>
        <line num="521" count="0" type="stmt"/>
        <line num="522" count="0" type="stmt"/>
        <line num="523" count="0" type="stmt"/>
        <line num="525" count="2" type="stmt"/>
        <line num="526" count="2" type="stmt"/>
        <line num="527" count="2" type="stmt"/>
        <line num="528" count="2" type="cond" truecount="1" falsecount="1"/>
        <line num="529" count="0" type="stmt"/>
        <line num="530" count="0" type="stmt"/>
        <line num="531" count="0" type="stmt"/>
        <line num="532" count="0" type="stmt"/>
        <line num="533" count="0" type="stmt"/>
        <line num="534" count="0" type="stmt"/>
        <line num="535" count="0" type="stmt"/>
        <line num="536" count="0" type="stmt"/>
        <line num="538" count="2" type="stmt"/>
        <line num="539" count="2" type="stmt"/>
        <line num="540" count="2" type="stmt"/>
        <line num="541" count="2" type="stmt"/>
        <line num="542" count="2" type="stmt"/>
        <line num="543" count="2" type="stmt"/>
        <line num="544" count="2" type="stmt"/>
        <line num="545" count="2" type="stmt"/>
        <line num="547" count="2" type="stmt"/>
        <line num="548" count="2" type="stmt"/>
        <line num="549" count="2" type="stmt"/>
        <line num="550" count="2" type="stmt"/>
        <line num="552" count="12" type="cond" truecount="2" falsecount="0"/>
        <line num="553" count="5" type="stmt"/>
        <line num="554" count="5" type="stmt"/>
        <line num="555" count="5" type="stmt"/>
        <line num="556" count="5" type="stmt"/>
        <line num="557" count="5" type="stmt"/>
        <line num="558" count="5" type="stmt"/>
        <line num="559" count="5" type="stmt"/>
        <line num="560" count="5" type="stmt"/>
        <line num="561" count="5" type="stmt"/>
        <line num="562" count="5" type="stmt"/>
        <line num="563" count="5" type="stmt"/>
        <line num="564" count="5" type="stmt"/>
        <line num="565" count="5" type="stmt"/>
        <line num="566" count="5" type="stmt"/>
        <line num="567" count="5" type="stmt"/>
        <line num="568" count="7" type="cond" truecount="1" falsecount="0"/>
        <line num="569" count="1" type="stmt"/>
        <line num="570" count="1" type="stmt"/>
        <line num="571" count="1" type="stmt"/>
        <line num="572" count="1" type="stmt"/>
        <line num="573" count="1" type="stmt"/>
        <line num="574" count="1" type="stmt"/>
        <line num="575" count="1" type="stmt"/>
        <line num="576" count="1" type="stmt"/>
        <line num="577" count="1" type="stmt"/>
        <line num="578" count="1" type="stmt"/>
        <line num="579" count="1" type="stmt"/>
        <line num="580" count="1" type="stmt"/>
        <line num="581" count="1" type="stmt"/>
        <line num="582" count="1" type="stmt"/>
        <line num="583" count="1" type="stmt"/>
        <line num="586" count="28" type="stmt"/>
        <line num="609" count="41" type="stmt"/>
      </file>
      <file name="communityStore.ts" path="/app/backend/src/services/communityStore.ts">
        <metrics statements="92" coveredstatements="73" conditionals="41" coveredconditionals="21" methods="20" coveredmethods="18"/>
        <line num="1" count="8" type="stmt"/>
        <line num="2" count="8" type="stmt"/>
        <line num="25" count="8" type="stmt"/>
        <line num="26" count="8" type="stmt"/>
        <line num="27" count="8" type="stmt"/>
        <line num="32" count="8" type="stmt"/>
        <line num="35" count="8" type="stmt"/>
        <line num="41" count="8" type="stmt"/>
        <line num="42" count="8" type="stmt"/>
        <line num="45" count="8" type="stmt"/>
        <line num="55" count="8" type="stmt"/>
        <line num="59" count="653" type="stmt"/>
        <line num="63" count="8" type="stmt"/>
        <line num="64" count="56" type="stmt"/>
        <line num="65" count="56" type="stmt"/>
        <line num="79" count="8" type="stmt"/>
        <line num="80" count="8" type="cond" truecount="1" falsecount="0"/>
        <line num="81" count="8" type="stmt"/>
        <line num="82" count="8" type="stmt"/>
        <line num="83" count="8" type="cond" truecount="1" falsecount="0"/>
        <line num="84" count="8" type="stmt"/>
        <line num="85" count="312" type="stmt"/>
        <line num="89" count="8" type="cond" truecount="1" falsecount="0"/>
        <line num="90" count="8" type="stmt"/>
        <line num="91" count="8" type="stmt"/>
        <line num="92" count="8" type="cond" truecount="1" falsecount="0"/>
        <line num="93" count="8" type="stmt"/>
        <line num="102" count="4" type="stmt"/>
        <line num="103" count="4" type="stmt"/>
        <line num="104" count="4" type="cond" truecount="0" falsecount="1"/>
        <line num="105" count="0" type="stmt"/>
        <line num="107" count="4" type="stmt"/>
        <line num="108" count="4" type="stmt"/>
        <line num="109" count="4" type="stmt"/>
        <line num="116" count="0" type="stmt"/>
        <line num="117" count="0" type="stmt"/>
        <line num="118" count="0" type="cond" truecount="0" falsecount="1"/>
        <line num="119" count="0" type="stmt"/>
        <line num="121" count="0" type="stmt"/>
        <line num="122" count="0" type="stmt"/>
        <line num="123" count="0" type="stmt"/>
        <line num="130" count="316" type="stmt"/>
        <line num="131" count="316" type="cond" truecount="0" falsecount="1"/>
        <line num="133" count="316" type="stmt"/>
        <line num="136" count="316" type="cond" truecount="0" falsecount="1"/>
        <line num="137" count="0" type="stmt"/>
        <line num="140" count="316" type="cond" truecount="2" falsecount="2"/>
        <line num="141" count="316" type="stmt"/>
        <line num="143" count="316" type="cond" truecount="2" falsecount="0"/>
        <line num="144" count="32" type="stmt"/>
        <line num="155" count="32" type="stmt"/>
        <line num="157" count="284" type="stmt"/>
        <line num="158" count="284" type="cond" truecount="1" falsecount="0"/>
        <line num="159" count="284" type="stmt"/>
        <line num="161" count="284" type="cond" truecount="1" falsecount="1"/>
        <line num="162" count="284" type="cond" truecount="1" falsecount="0"/>
        <line num="163" count="284" type="stmt"/>
        <line num="167" count="316" type="cond" truecount="1" falsecount="0"/>
        <line num="168" count="4" type="stmt"/>
        <line num="170" count="316" type="stmt"/>
        <line num="174" count="4" type="stmt"/>
        <line num="178" count="0" type="stmt"/>
        <line num="179" count="0" type="cond" truecount="0" falsecount="1"/>
        <line num="180" count="0" type="stmt"/>
        <line num="181" count="0" type="stmt"/>
        <line num="182" count="0" type="cond" truecount="0" falsecount="1"/>
        <line num="183" count="0" type="cond" truecount="0" falsecount="1"/>
        <line num="184" count="0" type="stmt"/>
        <line num="186" count="0" type="cond" truecount="0" falsecount="3"/>
        <line num="187" count="0" type="stmt"/>
        <line num="192" count="0" type="stmt"/>
        <line num="196" count="11" type="cond" truecount="0" falsecount="1"/>
        <line num="197" count="11" type="stmt"/>
        <line num="200" count="11" type="cond" truecount="1" falsecount="0"/>
        <line num="201" count="1" type="stmt"/>
        <line num="204" count="10" type="stmt"/>
        <line num="205" count="107" type="cond" truecount="1" falsecount="0"/>
        <line num="206" count="107" type="cond" truecount="3" falsecount="0"/>
        <line num="207" count="1" type="stmt"/>
        <line num="211" count="9" type="stmt"/>
        <line num="215" count="1" type="stmt"/>
        <line num="219" count="1" type="stmt"/>
        <line num="222" count="1" type="stmt"/>
        <line num="223" count="11" type="stmt"/>
        <line num="225" count="24" type="stmt"/>
        <line num="226" count="1" type="stmt"/>
        <line num="231" count="2" type="stmt"/>
        <line num="232" count="78" type="cond" truecount="1" falsecount="1"/>
        <line num="233" count="78" type="cond" truecount="1" falsecount="1"/>
        <line num="234" count="78" type="stmt"/>
        <line num="236" count="2" type="stmt"/>
        <line num="240" count="8" type="stmt"/>
      </file>
      <file name="evidenceAggregator.ts" path="/app/backend/src/services/evidenceAggregator.ts">
        <metrics statements="13" coveredstatements="13" conditionals="0" coveredconditionals="0" methods="13" coveredmethods="13"/>
        <line num="12" count="8" type="stmt"/>
        <line num="13" count="41" type="stmt"/>
        <line num="18" count="41" type="stmt"/>
        <line num="19" count="41" type="stmt"/>
        <line num="23" count="172" type="stmt"/>
        <line num="24" count="172" type="stmt"/>
        <line num="25" count="172" type="stmt"/>
        <line num="29" count="418" type="stmt"/>
        <line num="33" count="344" type="stmt"/>
        <line num="37" count="315" type="stmt"/>
        <line num="41" count="41" type="stmt"/>
        <line num="44" count="172" type="stmt"/>
        <line num="53" count="41" type="stmt"/>
      </file>
      <file name="geminiReasoningService.ts" path="/app/backend/src/services/geminiReasoningService.ts">
        <metrics statements="40" coveredstatements="39" conditionals="16" coveredconditionals="11" methods="5" coveredmethods="5"/>
        <line num="19" count="10" type="stmt"/>
        <line num="45" count="10" type="stmt"/>
        <line num="46" count="10" type="stmt"/>
        <line num="47" count="10" type="stmt"/>
        <line num="48" count="10" type="stmt"/>
        <line num="50" count="10" type="stmt"/>
        <line num="82" count="10" type="stmt"/>
        <line num="83" count="49" type="cond" truecount="2" falsecount="0"/>
        <line num="92" count="10" type="stmt"/>
        <line num="93" count="17" type="stmt"/>
        <line num="102" count="17" type="stmt"/>
        <line num="103" count="17" type="cond" truecount="1" falsecount="0"/>
        <line num="104" count="7" type="stmt"/>
        <line num="107" count="10" type="stmt"/>
        <line num="108" count="10" type="stmt"/>
        <line num="110" count="10" type="stmt"/>
        <line num="121" count="10" type="stmt"/>
        <line num="122" count="10" type="stmt"/>
        <line num="125" count="10" type="stmt"/>
        <line num="136" count="10" type="stmt"/>
        <line num="137" count="10" type="stmt"/>
        <line num="139" count="10" type="stmt"/>
        <line num="142" count="7" type="cond" truecount="1" falsecount="0"/>
        <line num="144" count="2" type="stmt"/>
        <line num="148" count="5" type="stmt"/>
        <line num="149" count="5" type="cond" truecount="0" falsecount="1"/>
        <line num="150" count="0" type="stmt"/>
        <line num="154" count="5" type="stmt"/>
        <line num="155" count="5" type="stmt"/>
        <line num="156" count="5" type="cond" truecount="1" falsecount="0"/>
        <line num="157" count="3" type="stmt"/>
        <line num="160" count="5" type="stmt"/>
        <line num="163" count="3" type="cond" truecount="1" falsecount="1"/>
        <line num="167" count="3" type="cond" truecount="1" falsecount="1"/>
        <line num="171" count="3" type="cond" truecount="1" falsecount="1"/>
        <line num="175" count="3" type="cond" truecount="2" falsecount="0"/>
        <line num="176" count="2" type="stmt"/>
        <line num="179" count="3" type="stmt"/>
        <line num="189" count="5" type="cond" truecount="1" falsecount="1"/>
        <line num="190" count="5" type="stmt"/>
      </file>
      <file name="incidentResponseService.ts" path="/app/backend/src/services/incidentResponseService.ts">
        <metrics statements="51" coveredstatements="51" conditionals="37" coveredconditionals="35" methods="5" coveredmethods="5"/>
        <line num="14" count="7" type="stmt"/>
        <line num="16" count="8" type="stmt"/>
        <line num="17" count="8" type="cond" truecount="1" falsecount="1"/>
        <line num="20" count="8" type="cond" truecount="1" falsecount="0"/>
        <line num="21" count="2" type="stmt"/>
        <line num="34" count="6" type="stmt"/>
        <line num="35" count="6" type="cond" truecount="1" falsecount="1"/>
        <line num="37" count="10" type="cond" truecount="5" falsecount="0"/>
        <line num="38" count="11" type="cond" truecount="4" falsecount="0"/>
        <line num="39" count="10" type="cond" truecount="4" falsecount="0"/>
        <line num="40" count="11" type="cond" truecount="5" falsecount="0"/>
        <line num="42" count="6" type="cond" truecount="2" falsecount="0"/>
        <line num="43" count="2" type="stmt"/>
        <line num="44" count="4" type="cond" truecount="2" falsecount="0"/>
        <line num="45" count="1" type="stmt"/>
        <line num="46" count="3" type="cond" truecount="2" falsecount="0"/>
        <line num="47" count="1" type="stmt"/>
        <line num="48" count="2" type="cond" truecount="1" falsecount="0"/>
        <line num="49" count="1" type="stmt"/>
        <line num="53" count="6" type="stmt"/>
        <line num="54" count="6" type="stmt"/>
        <line num="55" count="6" type="stmt"/>
        <line num="56" count="6" type="stmt"/>
        <line num="57" count="6" type="stmt"/>
        <line num="59" count="6" type="cond" truecount="5" falsecount="0"/>
        <line num="61" count="1" type="stmt"/>
        <line num="62" count="1" type="stmt"/>
        <line num="63" count="1" type="stmt"/>
        <line num="64" count="1" type="stmt"/>
        <line num="65" count="1" type="stmt"/>
        <line num="67" count="1" type="stmt"/>
        <line num="68" count="1" type="stmt"/>
        <line num="69" count="1" type="stmt"/>
        <line num="70" count="1" type="stmt"/>
        <line num="71" count="1" type="stmt"/>
        <line num="72" count="1" type="stmt"/>
        <line num="74" count="2" type="stmt"/>
        <line num="75" count="2" type="stmt"/>
        <line num="76" count="2" type="stmt"/>
        <line num="77" count="2" type="stmt"/>
        <line num="78" count="2" type="stmt"/>
        <line num="80" count="1" type="stmt"/>
        <line num="81" count="1" type="stmt"/>
        <line num="82" count="1" type="stmt"/>
        <line num="83" count="1" type="stmt"/>
        <line num="84" count="1" type="stmt"/>
        <line num="86" count="1" type="stmt"/>
        <line num="87" count="1" type="stmt"/>
        <line num="91" count="6" type="cond" truecount="2" falsecount="0"/>
        <line num="93" count="6" type="stmt"/>
        <line num="106" count="7" type="stmt"/>
      </file>
    </package>
    <package name="src.services.extractors">
      <metrics statements="156" coveredstatements="152" conditionals="23" coveredconditionals="19" methods="18" coveredmethods="18"/>
      <file name="piiSanitizer.ts" path="/app/backend/src/services/extractors/piiSanitizer.ts">
        <metrics statements="40" coveredstatements="40" conditionals="1" coveredconditionals="0" methods="8" coveredmethods="8"/>
        <line num="24" count="10" type="stmt"/>
        <line num="27" count="10" type="stmt"/>
        <line num="30" count="10" type="stmt"/>
        <line num="33" count="10" type="stmt"/>
        <line num="36" count="10" type="stmt"/>
        <line num="39" count="10" type="stmt"/>
        <line num="45" count="10" type="stmt"/>
        <line num="46" count="59" type="stmt"/>
        <line num="47" count="59" type="stmt"/>
        <line num="53" count="59" type="stmt"/>
        <line num="55" count="3" type="stmt"/>
        <line num="56" count="3" type="cond" truecount="0" falsecount="1"/>
        <line num="58" count="3" type="stmt"/>
        <line num="59" count="3" type="stmt"/>
        <line num="65" count="3" type="stmt"/>
        <line num="69" count="59" type="stmt"/>
        <line num="70" count="3" type="stmt"/>
        <line num="71" count="3" type="stmt"/>
        <line num="77" count="3" type="stmt"/>
        <line num="81" count="59" type="stmt"/>
        <line num="82" count="2" type="stmt"/>
        <line num="83" count="2" type="stmt"/>
        <line num="89" count="2" type="stmt"/>
        <line num="93" count="59" type="stmt"/>
        <line num="94" count="3" type="stmt"/>
        <line num="95" count="3" type="stmt"/>
        <line num="101" count="3" type="stmt"/>
        <line num="105" count="59" type="stmt"/>
        <line num="106" count="7" type="stmt"/>
        <line num="107" count="7" type="stmt"/>
        <line num="108" count="7" type="stmt"/>
        <line num="114" count="7" type="stmt"/>
        <line num="118" count="59" type="stmt"/>
        <line num="119" count="4" type="stmt"/>
        <line num="120" count="4" type="stmt"/>
        <line num="121" count="4" type="stmt"/>
        <line num="127" count="4" type="stmt"/>
        <line num="130" count="59" type="stmt"/>
        <line num="141" count="10" type="stmt"/>
        <line num="142" count="1" type="stmt"/>
      </file>
      <file name="tradingFraudExtractor.ts" path="/app/backend/src/services/extractors/tradingFraudExtractor.ts">
        <metrics statements="78" coveredstatements="78" conditionals="14" coveredconditionals="13" methods="1" coveredmethods="1"/>
        <line num="36" count="10" type="stmt"/>
        <line num="44" count="10" type="stmt"/>
        <line num="51" count="10" type="stmt"/>
        <line num="58" count="10" type="stmt"/>
        <line num="66" count="10" type="stmt"/>
        <line num="76" count="10" type="stmt"/>
        <line num="85" count="10" type="stmt"/>
        <line num="95" count="10" type="stmt"/>
        <line num="104" count="10" type="stmt"/>
        <line num="111" count="10" type="stmt"/>
        <line num="117" count="10" type="stmt"/>
        <line num="118" count="59" type="stmt"/>
        <line num="137" count="59" type="stmt"/>
        <line num="140" count="59" type="stmt"/>
        <line num="141" count="173" type="cond" truecount="1" falsecount="0"/>
        <line num="142" count="2" type="stmt"/>
        <line num="143" count="2" type="stmt"/>
        <line num="144" count="2" type="stmt"/>
        <line num="149" count="59" type="stmt"/>
        <line num="150" count="945" type="cond" truecount="1" falsecount="0"/>
        <line num="152" count="4" type="stmt"/>
        <line num="153" count="4" type="cond" truecount="1" falsecount="0"/>
        <line num="154" count="4" type="stmt"/>
        <line num="155" count="4" type="stmt"/>
        <line num="156" count="4" type="stmt"/>
        <line num="158" count="4" type="stmt"/>
        <line num="163" count="59" type="stmt"/>
        <line num="164" count="525" type="cond" truecount="1" falsecount="0"/>
        <line num="165" count="1" type="stmt"/>
        <line num="166" count="1" type="stmt"/>
        <line num="167" count="1" type="cond" truecount="2" falsecount="1"/>
        <line num="168" count="1" type="stmt"/>
        <line num="169" count="1" type="stmt"/>
        <line num="170" count="1" type="stmt"/>
        <line num="176" count="59" type="stmt"/>
        <line num="177" count="236" type="stmt"/>
        <line num="178" count="236" type="cond" truecount="1" falsecount="0"/>
        <line num="179" count="3" type="stmt"/>
        <line num="180" count="3" type="stmt"/>
        <line num="181" count="3" type="stmt"/>
        <line num="186" count="59" type="stmt"/>
        <line num="187" count="312" type="stmt"/>
        <line num="188" count="312" type="cond" truecount="1" falsecount="0"/>
        <line num="189" count="10" type="stmt"/>
        <line num="190" count="10" type="stmt"/>
        <line num="191" count="10" type="stmt"/>
        <line num="192" count="10" type="stmt"/>
        <line num="197" count="59" type="stmt"/>
        <line num="198" count="285" type="cond" truecount="1" falsecount="0"/>
        <line num="199" count="3" type="stmt"/>
        <line num="200" count="3" type="stmt"/>
        <line num="201" count="3" type="stmt"/>
        <line num="206" count="59" type="stmt"/>
        <line num="207" count="344" type="cond" truecount="1" falsecount="0"/>
        <line num="208" count="3" type="stmt"/>
        <line num="209" count="3" type="stmt"/>
        <line num="210" count="3" type="stmt"/>
        <line num="215" count="59" type="stmt"/>
        <line num="216" count="263" type="cond" truecount="1" falsecount="0"/>
        <line num="217" count="8" type="stmt"/>
        <line num="218" count="8" type="stmt"/>
        <line num="219" count="8" type="stmt"/>
        <line num="224" count="59" type="stmt"/>
        <line num="225" count="169" type="cond" truecount="1" falsecount="0"/>
        <line num="226" count="5" type="stmt"/>
        <line num="227" count="5" type="stmt"/>
        <line num="228" count="5" type="stmt"/>
        <line num="233" count="59" type="stmt"/>
        <line num="234" count="171" type="stmt"/>
        <line num="235" count="171" type="cond" truecount="1" falsecount="0"/>
        <line num="236" count="3" type="stmt"/>
        <line num="237" count="3" type="stmt"/>
        <line num="238" count="3" type="stmt"/>
        <line num="239" count="3" type="stmt"/>
        <line num="244" count="59" type="stmt"/>
        <line num="257" count="59" type="stmt"/>
        <line num="258" count="59" type="stmt"/>
        <line num="260" count="59" type="stmt"/>
      </file>
      <file name="upiFraudExtractor.ts" path="/app/backend/src/services/extractors/upiFraudExtractor.ts">
        <metrics statements="38" coveredstatements="34" conditionals="8" coveredconditionals="6" methods="9" coveredmethods="9"/>
        <line num="27" count="9" type="stmt"/>
        <line num="34" count="9" type="stmt"/>
        <line num="41" count="9" type="stmt"/>
        <line num="49" count="9" type="stmt"/>
        <line num="57" count="9" type="stmt"/>
        <line num="64" count="9" type="stmt"/>
        <line num="70" count="9" type="stmt"/>
        <line num="77" count="9" type="stmt"/>
        <line num="82" count="9" type="stmt"/>
        <line num="83" count="47" type="stmt"/>
        <line num="97" count="133" type="cond" truecount="1" falsecount="0"/>
        <line num="98" count="4" type="stmt"/>
        <line num="99" count="4" type="stmt"/>
        <line num="102" count="141" type="cond" truecount="1" falsecount="0"/>
        <line num="103" count="1" type="stmt"/>
        <line num="104" count="1" type="stmt"/>
        <line num="107" count="176" type="cond" truecount="1" falsecount="0"/>
        <line num="108" count="4" type="stmt"/>
        <line num="109" count="4" type="stmt"/>
        <line num="112" count="182" type="cond" truecount="1" falsecount="0"/>
        <line num="113" count="2" type="stmt"/>
        <line num="114" count="2" type="stmt"/>
        <line num="117" count="139" type="cond" truecount="1" falsecount="0"/>
        <line num="118" count="1" type="stmt"/>
        <line num="119" count="1" type="stmt"/>
        <line num="122" count="94" type="cond" truecount="1" falsecount="0"/>
        <line num="123" count="1" type="stmt"/>
        <line num="124" count="1" type="stmt"/>
        <line num="127" count="141" type="cond" truecount="0" falsecount="1"/>
        <line num="128" count="0" type="stmt"/>
        <line num="129" count="0" type="stmt"/>
        <line num="132" count="94" type="cond" truecount="0" falsecount="1"/>
        <line num="133" count="0" type="stmt"/>
        <line num="134" count="0" type="stmt"/>
        <line num="137" count="47" type="stmt"/>
        <line num="148" count="47" type="stmt"/>
        <line num="149" count="47" type="stmt"/>
        <line num="151" count="47" type="stmt"/>
      </file>
    </package>
  </project>
</coverage>
