{"/app/backend/src/app.ts": {"path":"/app/backend/src/app.ts","statementMap":{"0":{"start":{"line":1,"column":0},"end":{"line":1,"column":53}},"1":{"start":{"line":2,"column":0},"end":{"line":2,"column":37}},"2":{"start":{"line":3,"column":0},"end":{"line":3,"column":57}},"3":{"start":{"line":5,"column":12},"end":{"line":5,"column":21}},"4":{"start":{"line":8,"column":0},"end":{"line":17,"column":3}},"5":{"start":{"line":9,"column":2},"end":{"line":9,"column":52}},"6":{"start":{"line":10,"column":2},"end":{"line":10,"column":83}},"7":{"start":{"line":11,"column":2},"end":{"line":11,"column":90}},"8":{"start":{"line":12,"column":2},"end":{"line":12,"column":66}},"9":{"start":{"line":13,"column":2},"end":{"line":15,"column":3}},"10":{"start":{"line":14,"column":4},"end":{"line":14,"column":31}},"11":{"start":{"line":16,"column":2},"end":{"line":16,"column":9}},"12":{"start":{"line":19,"column":0},"end":{"line":19,"column":24}},"13":{"start":{"line":21,"column":0},"end":{"line":21,"column":24}},"14":{"start":{"line":22,"column":0},"end":{"line":22,"column":79}},"15":{"start":{"line":25,"column":0},"end":{"line":27,"column":3}},"16":{"start":{"line":26,"column":2},"end":{"line":26,"column":62}},"17":{"start":{"line":30,"column":0},"end":{"line":30,"column":30}},"18":{"start":{"line":33,"column":0},"end":{"line":33,"column":22}},"19":{"start":{"line":35,"column":0},"end":{"line":35,"column":19}}},"fnMap":{"0":{"name":"(anonymous_1)","decl":{"start":{"line":8,"column":8},"end":{"line":8,"column":9}},"loc":{"start":{"line":8,"column":27},"end":{"line":17,"column":1}}},"1":{"name":"(anonymous_2)","decl":{"start":{"line":25,"column":19},"end":{"line":25,"column":20}},"loc":{"start":{"line":25,"column":52},"end":{"line":27,"column":1}}}},"branchMap":{"0":{"loc":{"start":{"line":13,"column":2},"end":{"line":15,"column":3}},"type":"if","locations":[{"start":{"line":13,"column":2},"end":{"line":15,"column":3}}]}},"s":{"0":6,"1":6,"2":6,"3":6,"4":6,"5":57,"6":57,"7":57,"8":57,"9":57,"10":0,"11":57,"12":6,"13":6,"14":6,"15":6,"16":1,"17":6,"18":6,"19":6},"f":{"0":57,"1":1},"b":{"0":[0]}}
,"/app/backend/src/controllers/incidentController.ts": {"path":"/app/backend/src/controllers/incidentController.ts","statementMap":{"0":{"start":{"line":2,"column":0},"end":{"line":2,"column":78}},"1":{"start":{"line":5,"column":41},"end":{"line":30,"column":1}},"2":{"start":{"line":6,"column":2},"end":{"line":29,"column":3}},"3":{"start":{"line":7,"column":39},"end":{"line":7,"column":47}},"4":{"start":{"line":9,"column":4},"end":{"line":15,"column":5}},"5":{"start":{"line":10,"column":6},"end":{"line":13,"column":9}},"6":{"start":{"line":14,"column":6},"end":{"line":14,"column":13}},"7":{"start":{"line":17,"column":27},"end":{"line":17,"column":87}},"8":{"start":{"line":19,"column":4},"end":{"line":22,"column":7}},"9":{"start":{"line":24,"column":4},"end":{"line":24,"column":70}},"10":{"start":{"line":25,"column":4},"end":{"line":28,"column":7}},"11":{"start":{"line":5,"column":13},"end":{"line":5,"column":41}}},"fnMap":{"0":{"name":"(anonymous_0)","decl":{"start":{"line":5,"column":41},"end":{"line":5,"column":42}},"loc":{"start":{"line":5,"column":79},"end":{"line":30,"column":1}}}},"branchMap":{"0":{"loc":{"start":{"line":9,"column":4},"end":{"line":15,"column":5}},"type":"if","locations":[{"start":{"line":9,"column":4},"end":{"line":15,"column":5}}]},"1":{"loc":{"start":{"line":9,"column":8},"end":{"line":9,"column":54}},"type":"binary-expr","locations":[{"start":{"line":9,"column":8},"end":{"line":9,"column":21}},{"start":{"line":9,"column":25},"end":{"line":9,"column":54}}]}},"s":{"0":7,"1":7,"2":9,"3":9,"4":9,"5":1,"6":1,"7":8,"8":8,"9":0,"10":0,"11":7},"f":{"0":9},"b":{"0":[1],"1":[9,9]}}
,"/app/backend/src/controllers/intelController.ts": {"path":"/app/backend/src/controllers/intelController.ts","statementMap":{"0":{"start":{"line":2,"column":0},"end":{"line":2,"column":60}},"1":{"start":{"line":4,"column":32},"end":{"line":23,"column":1}},"2":{"start":{"line":5,"column":2},"end":{"line":22,"column":3}},"3":{"start":{"line":6,"column":18},"end":{"line":6,"column":59}},"4":{"start":{"line":7,"column":21},"end":{"line":7,"column":64}},"5":{"start":{"line":9,"column":4},"end":{"line":19,"column":7}},"6":{"start":{"line":12,"column":51},"end":{"line":18,"column":8}},"7":{"start":{"line":21,"column":4},"end":{"line":21,"column":16}},"8":{"start":{"line":4,"column":13},"end":{"line":4,"column":32}},"9":{"start":{"line":25,"column":32},"end":{"line":45,"column":1}},"10":{"start":{"line":26,"column":2},"end":{"line":44,"column":3}},"11":{"start":{"line":27,"column":18},"end":{"line":27,"column":59}},"12":{"start":{"line":28,"column":20},"end":{"line":28,"column":58}},"13":{"start":{"line":30,"column":4},"end":{"line":41,"column":7}},"14":{"start":{"line":33,"column":45},"end":{"line":40,"column":8}},"15":{"start":{"line":43,"column":4},"end":{"line":43,"column":16}},"16":{"start":{"line":25,"column":13},"end":{"line":25,"column":32}}},"fnMap":{"0":{"name":"(anonymous_0)","decl":{"start":{"line":4,"column":32},"end":{"line":4,"column":33}},"loc":{"start":{"line":4,"column":84},"end":{"line":23,"column":1}}},"1":{"name":"(anonymous_1)","decl":{"start":{"line":12,"column":40},"end":{"line":12,"column":46}},"loc":{"start":{"line":12,"column":51},"end":{"line":18,"column":8}}},"2":{"name":"(anonymous_2)","decl":{"start":{"line":25,"column":32},"end":{"line":25,"column":33}},"loc":{"start":{"line":25,"column":84},"end":{"line":45,"column":1}}},"3":{"name":"(anonymous_3)","decl":{"start":{"line":33,"column":34},"end":{"line":33,"column":40}},"loc":{"start":{"line":33,"column":45},"end":{"line":40,"column":8}}}},"branchMap":{"0":{"loc":{"start":{"line":6,"column":18},"end":{"line":6,"column":59}},"type":"binary-expr","locations":[{"start":{"line":6,"column":18},"end":{"line":6,"column":53}},{"start":{"line":6,"column":57},"end":{"line":6,"column":59}}]},"1":{"loc":{"start":{"line":27,"column":18},"end":{"line":27,"column":59}},"type":"binary-expr","locations":[{"start":{"line":27,"column":18},"end":{"line":27,"column":53}},{"start":{"line":27,"column":57},"end":{"line":27,"column":59}}]}},"s":{"0":7,"1":7,"2":1,"3":1,"4":1,"5":1,"6":5,"7":0,"8":7,"9":7,"10":2,"11":2,"12":2,"13":2,"14":10,"15":0,"16":7},"f":{"0":1,"1":5,"2":2,"3":10},"b":{"0":[1,0],"1":[2,0]}}
,"/app/backend/src/controllers/reportController.ts": {"path":"/app/backend/src/controllers/reportController.ts","statementMap":{"0":{"start":{"line":3,"column":0},"end":{"line":3,"column":60}},"1":{"start":{"line":4,"column":0},"end":{"line":4,"column":67}},"2":{"start":{"line":6,"column":28},"end":{"line":31,"column":1}},"3":{"start":{"line":7,"column":2},"end":{"line":30,"column":3}},"4":{"start":{"line":8,"column":31},"end":{"line":8,"column":39}},"5":{"start":{"line":11,"column":4},"end":{"line":13,"column":5}},"6":{"start":{"line":12,"column":6},"end":{"line":12,"column":74}},"7":{"start":{"line":16,"column":4},"end":{"line":20,"column":5}},"8":{"start":{"line":17,"column":6},"end":{"line":19,"column":8}},"9":{"start":{"line":18,"column":15},"end":{"line":18,"column":46}},"10":{"start":{"line":22,"column":4},"end":{"line":22,"column":37}},"11":{"start":{"line":24,"column":4},"end":{"line":27,"column":7}},"12":{"start":{"line":29,"column":4},"end":{"line":29,"column":16}},"13":{"start":{"line":6,"column":13},"end":{"line":6,"column":28}}},"fnMap":{"0":{"name":"(anonymous_0)","decl":{"start":{"line":6,"column":28},"end":{"line":6,"column":29}},"loc":{"start":{"line":6,"column":80},"end":{"line":31,"column":1}}},"1":{"name":"(anonymous_1)","decl":{"start":{"line":18,"column":8},"end":{"line":18,"column":11}},"loc":{"start":{"line":18,"column":15},"end":{"line":18,"column":46}}}},"branchMap":{"0":{"loc":{"start":{"line":11,"column":4},"end":{"line":13,"column":5}},"type":"if","locations":[{"start":{"line":11,"column":4},"end":{"line":13,"column":5}}]},"1":{"loc":{"start":{"line":16,"column":4},"end":{"line":20,"column":5}},"type":"if","locations":[{"start":{"line":16,"column":4},"end":{"line":20,"column":5}}]},"2":{"loc":{"start":{"line":16,"column":8},"end":{"line":16,"column":79}},"type":"binary-expr","locations":[{"start":{"line":16,"column":8},"end":{"line":16,"column":34}},{"start":{"line":16,"column":38},"end":{"line":16,"column":79}}]}},"s":{"0":7,"1":7,"2":7,"3":2,"4":2,"5":2,"6":1,"7":2,"8":1,"9":1,"10":2,"11":2,"12":0,"13":7},"f":{"0":2,"1":1},"b":{"0":[1],"1":[1],"2":[2,1]}}
,"/app/backend/src/controllers/scanController.ts": {"path":"/app/backend/src/controllers/scanController.ts","statementMap":{"0":{"start":{"line":2,"column":0},"end":{"line":2,"column":55}},"1":{"start":{"line":5,"column":17},"end":{"line":5,"column":38}},"2":{"start":{"line":8,"column":31},"end":{"line":8,"column":179}},"3":{"start":{"line":10,"column":27},"end":{"line":51,"column":1}},"4":{"start":{"line":11,"column":2},"end":{"line":50,"column":3}},"5":{"start":{"line":12,"column":33},"end":{"line":12,"column":41}},"6":{"start":{"line":15,"column":4},"end":{"line":20,"column":5}},"7":{"start":{"line":16,"column":6},"end":{"line":19,"column":9}},"8":{"start":{"line":23,"column":22},"end":{"line":23,"column":27}},"9":{"start":{"line":25,"column":27},"end":{"line":27,"column":6}},"10":{"start":{"line":26,"column":6},"end":{"line":26,"column":81}},"11":{"start":{"line":26,"column":31},"end":{"line":26,"column":68}},"12":{"start":{"line":30,"column":4},"end":{"line":37,"column":5}},"13":{"start":{"line":31,"column":6},"end":{"line":34,"column":26}},"14":{"start":{"line":36,"column":6},"end":{"line":36,"column":27}},"15":{"start":{"line":40,"column":25},"end":{"line":44,"column":13}},"16":{"start":{"line":42,"column":20},"end":{"line":42,"column":106}},"17":{"start":{"line":46,"column":4},"end":{"line":46,"column":68}},"18":{"start":{"line":47,"column":4},"end":{"line":47,"column":35}},"19":{"start":{"line":49,"column":4},"end":{"line":49,"column":16}},"20":{"start":{"line":10,"column":13},"end":{"line":10,"column":27}}},"fnMap":{"0":{"name":"(anonymous_0)","decl":{"start":{"line":10,"column":27},"end":{"line":10,"column":32}},"loc":{"start":{"line":10,"column":85},"end":{"line":51,"column":1}}},"1":{"name":"(anonymous_1)","decl":{"start":{"line":25,"column":39},"end":{"line":25,"column":40}},"loc":{"start":{"line":25,"column":53},"end":{"line":27,"column":5}}},"2":{"name":"(anonymous_2)","decl":{"start":{"line":26,"column":25},"end":{"line":26,"column":28}},"loc":{"start":{"line":26,"column":31},"end":{"line":26,"column":68}}},"3":{"name":"(anonymous_3)","decl":{"start":{"line":42,"column":10},"end":{"line":42,"column":11}},"loc":{"start":{"line":42,"column":20},"end":{"line":42,"column":106}}}},"branchMap":{"0":{"loc":{"start":{"line":15,"column":4},"end":{"line":20,"column":5}},"type":"if","locations":[{"start":{"line":15,"column":4},"end":{"line":20,"column":5}}]},"1":{"loc":{"start":{"line":40,"column":25},"end":{"line":44,"column":13}},"type":"cond-expr","locations":[{"start":{"line":41,"column":8},"end":{"line":42,"column":null}},{"start":{"line":44,"column":8},"end":{"line":44,"column":13}}]},"2":{"loc":{"start":{"line":40,"column":25},"end":{"line":40,"column":79}},"type":"binary-expr","locations":[{"start":{"line":40,"column":25},"end":{"line":40,"column":47}},{"start":{"line":40,"column":51},"end":{"line":40,"column":79}}]},"3":{"loc":{"start":{"line":42,"column":20},"end":{"line":42,"column":106}},"type":"binary-expr","locations":[{"start":{"line":42,"column":20},"end":{"line":42,"column":56}},{"start":{"line":42,"column":60},"end":{"line":42,"column":106}}]},"4":{"loc":{"start":{"line":46,"column":35},"end":{"line":46,"column":66}},"type":"cond-expr","locations":[{"start":{"line":46,"column":50},"end":{"line":46,"column":56}},{"start":{"line":46,"column":59},"end":{"line":46,"column":66}}]}},"s":{"0":7,"1":7,"2":7,"3":7,"4":39,"5":39,"6":39,"7":1,"8":38,"9":38,"10":38,"11":0,"12":38,"13":38,"14":38,"15":38,"16":160,"17":38,"18":38,"19":0,"20":7},"f":{"0":39,"1":38,"2":0,"3":160},"b":{"0":[1],"1":[38,0],"2":[38,38],"3":[160,22],"4":[0,38]}}
,"/app/backend/src/middleware/errorHandler.ts": {"path":"/app/backend/src/middleware/errorHandler.ts","statementMap":{"0":{"start":{"line":4,"column":28},"end":{"line":43,"column":1}},"1":{"start":{"line":11,"column":2},"end":{"line":17,"column":3}},"2":{"start":{"line":12,"column":41},"end":{"line":15,"column":6}},"3":{"start":{"line":16,"column":4},"end":{"line":16,"column":47}},"4":{"start":{"line":19,"column":2},"end":{"line":33,"column":3}},"5":{"start":{"line":20,"column":4},"end":{"line":25,"column":5}},"6":{"start":{"line":21,"column":6},"end":{"line":24,"column":9}},"7":{"start":{"line":27,"column":4},"end":{"line":32,"column":5}},"8":{"start":{"line":28,"column":6},"end":{"line":31,"column":9}},"9":{"start":{"line":35,"column":2},"end":{"line":35,"column":41}},"10":{"start":{"line":37,"column":39},"end":{"line":40,"column":4}},"11":{"start":{"line":42,"column":2},"end":{"line":42,"column":38}},"12":{"start":{"line":4,"column":13},"end":{"line":4,"column":28}}},"fnMap":{"0":{"name":"(anonymous_0)","decl":{"start":{"line":4,"column":28},"end":{"line":4,"column":null}},"loc":{"start":{"line":10,"column":4},"end":{"line":43,"column":1}}}},"branchMap":{"0":{"loc":{"start":{"line":11,"column":2},"end":{"line":17,"column":3}},"type":"if","locations":[{"start":{"line":11,"column":2},"end":{"line":17,"column":3}}]},"1":{"loc":{"start":{"line":11,"column":6},"end":{"line":11,"column":92}},"type":"binary-expr","locations":[{"start":{"line":11,"column":6},"end":{"line":11,"column":32}},{"start":{"line":11,"column":36},"end":{"line":11,"column":59}},{"start":{"line":11,"column":63},"end":{"line":11,"column":75}},{"start":{"line":11,"column":79},"end":{"line":11,"column":92}}]},"2":{"loc":{"start":{"line":19,"column":2},"end":{"line":33,"column":3}},"type":"if","locations":[{"start":{"line":19,"column":2},"end":{"line":33,"column":3}}]},"3":{"loc":{"start":{"line":20,"column":4},"end":{"line":25,"column":5}},"type":"if","locations":[{"start":{"line":20,"column":4},"end":{"line":25,"column":5}}]},"4":{"loc":{"start":{"line":27,"column":4},"end":{"line":32,"column":5}},"type":"if","locations":[{"start":{"line":27,"column":4},"end":{"line":32,"column":5}}]},"5":{"loc":{"start":{"line":27,"column":8},"end":{"line":27,"column":77}},"type":"binary-expr","locations":[{"start":{"line":27,"column":8},"end":{"line":27,"column":43}},{"start":{"line":27,"column":47},"end":{"line":27,"column":77}}]}},"s":{"0":6,"1":1,"2":1,"3":1,"4":0,"5":0,"6":0,"7":0,"8":0,"9":0,"10":0,"11":0,"12":6},"f":{"0":1},"b":{"0":[1],"1":[1,1,1,1],"2":[0],"3":[0],"4":[0],"5":[0,0]}}
,"/app/backend/src/middleware/rateLimiter.ts": {"path":"/app/backend/src/middleware/rateLimiter.ts","statementMap":{"0":{"start":{"line":8,"column":18},"end":{"line":8,"column":50}},"1":{"start":{"line":9,"column":18},"end":{"line":9,"column":27}},"2":{"start":{"line":10,"column":31},"end":{"line":10,"column":33}},"3":{"start":{"line":12,"column":33},"end":{"line":34,"column":1}},"4":{"start":{"line":13,"column":13},"end":{"line":13,"column":63}},"5":{"start":{"line":14,"column":14},"end":{"line":14,"column":24}},"6":{"start":{"line":16,"column":15},"end":{"line":16,"column":32}},"7":{"start":{"line":17,"column":2},"end":{"line":21,"column":3}},"8":{"start":{"line":18,"column":4},"end":{"line":18,"column":54}},"9":{"start":{"line":19,"column":4},"end":{"line":19,"column":30}},"10":{"start":{"line":20,"column":4},"end":{"line":20,"column":18}},"11":{"start":{"line":23,"column":2},"end":{"line":23,"column":17}},"12":{"start":{"line":24,"column":2},"end":{"line":31,"column":3}},"13":{"start":{"line":25,"column":4},"end":{"line":29,"column":7}},"14":{"start":{"line":30,"column":4},"end":{"line":30,"column":11}},"15":{"start":{"line":33,"column":2},"end":{"line":33,"column":9}},"16":{"start":{"line":12,"column":13},"end":{"line":12,"column":33}},"17":{"start":{"line":36,"column":20},"end":{"line":36,"column":52}},"18":{"start":{"line":37,"column":23},"end":{"line":37,"column":32}},"19":{"start":{"line":38,"column":29},"end":{"line":38,"column":31}},"20":{"start":{"line":40,"column":31},"end":{"line":62,"column":1}},"21":{"start":{"line":41,"column":13},"end":{"line":41,"column":63}},"22":{"start":{"line":42,"column":14},"end":{"line":42,"column":24}},"23":{"start":{"line":44,"column":15},"end":{"line":44,"column":34}},"24":{"start":{"line":45,"column":2},"end":{"line":49,"column":3}},"25":{"start":{"line":46,"column":4},"end":{"line":46,"column":59}},"26":{"start":{"line":47,"column":4},"end":{"line":47,"column":32}},"27":{"start":{"line":48,"column":4},"end":{"line":48,"column":18}},"28":{"start":{"line":51,"column":2},"end":{"line":51,"column":17}},"29":{"start":{"line":52,"column":2},"end":{"line":59,"column":3}},"30":{"start":{"line":53,"column":4},"end":{"line":57,"column":7}},"31":{"start":{"line":58,"column":4},"end":{"line":58,"column":11}},"32":{"start":{"line":61,"column":2},"end":{"line":61,"column":9}},"33":{"start":{"line":40,"column":13},"end":{"line":40,"column":31}}},"fnMap":{"0":{"name":"(anonymous_0)","decl":{"start":{"line":12,"column":33},"end":{"line":12,"column":34}},"loc":{"start":{"line":12,"column":91},"end":{"line":34,"column":1}}},"1":{"name":"(anonymous_1)","decl":{"start":{"line":40,"column":31},"end":{"line":40,"column":32}},"loc":{"start":{"line":40,"column":89},"end":{"line":62,"column":1}}}},"branchMap":{"0":{"loc":{"start":{"line":13,"column":13},"end":{"line":13,"column":63}},"type":"binary-expr","locations":[{"start":{"line":13,"column":13},"end":{"line":13,"column":19}},{"start":{"line":13,"column":23},"end":{"line":13,"column":47}},{"start":{"line":13,"column":51},"end":{"line":13,"column":63}}]},"1":{"loc":{"start":{"line":17,"column":2},"end":{"line":21,"column":3}},"type":"if","locations":[{"start":{"line":17,"column":2},"end":{"line":21,"column":3}}]},"2":{"loc":{"start":{"line":17,"column":6},"end":{"line":17,"column":39}},"type":"binary-expr","locations":[{"start":{"line":17,"column":6},"end":{"line":17,"column":13}},{"start":{"line":17,"column":17},"end":{"line":17,"column":39}}]},"3":{"loc":{"start":{"line":24,"column":2},"end":{"line":31,"column":3}},"type":"if","locations":[{"start":{"line":24,"column":2},"end":{"line":31,"column":3}}]},"4":{"loc":{"start":{"line":41,"column":13},"end":{"line":41,"column":63}},"type":"binary-expr","locations":[{"start":{"line":41,"column":13},"end":{"line":41,"column":19}},{"start":{"line":41,"column":23},"end":{"line":41,"column":47}},{"start":{"line":41,"column":51},"end":{"line":41,"column":63}}]},"5":{"loc":{"start":{"line":45,"column":2},"end":{"line":49,"column":3}},"type":"if","locations":[{"start":{"line":45,"column":2},"end":{"line":49,"column":3}}]},"6":{"loc":{"start":{"line":45,"column":6},"end":{"line":45,"column":39}},"type":"binary-expr","locations":[{"start":{"line":45,"column":6},"end":{"line":45,"column":13}},{"start":{"line":45,"column":17},"end":{"line":45,"column":39}}]},"7":{"loc":{"start":{"line":52,"column":2},"end":{"line":59,"column":3}},"type":"if","locations":[{"start":{"line":52,"column":2},"end":{"line":59,"column":3}}]}},"s":{"0":7,"1":7,"2":7,"3":7,"4":3,"5":3,"6":3,"7":3,"8":1,"9":1,"10":1,"11":2,"12":2,"13":0,"14":0,"15":2,"16":7,"17":7,"18":7,"19":7,"20":7,"21":50,"22":50,"23":50,"24":50,"25":6,"26":6,"27":6,"28":44,"29":44,"30":0,"31":0,"32":44,"33":7},"f":{"0":3,"1":50},"b":{"0":[3,0,0],"1":[1],"2":[3,2],"3":[0],"4":[50,0,0],"5":[6],"6":[50,44],"7":[0]}}
,"/app/backend/src/middleware/validator.ts": {"path":"/app/backend/src/middleware/validator.ts","statementMap":{"0":{"start":{"line":1,"column":0},"end":{"line":1,"column":22}},"1":{"start":{"line":2,"column":0},"end":{"line":2,"column":37}},"2":{"start":{"line":4,"column":0},"end":{"line":4,"column":20}},"3":{"start":{"line":5,"column":0},"end":{"line":5,"column":24}},"4":{"start":{"line":7,"column":12},"end":{"line":7,"column":53}},"5":{"start":{"line":8,"column":0},"end":{"line":8,"column":16}},"6":{"start":{"line":11,"column":18},"end":{"line":11,"column":68}},"7":{"start":{"line":12,"column":20},"end":{"line":12,"column":84}},"8":{"start":{"line":12,"column":61},"end":{"line":12,"column":83}},"9":{"start":{"line":14,"column":0},"end":{"line":27,"column":1}},"10":{"start":{"line":15,"column":23},"end":{"line":15,"column":49}},"11":{"start":{"line":16,"column":21},"end":{"line":16,"column":57}},"12":{"start":{"line":18,"column":4},"end":{"line":20,"column":5}},"13":{"start":{"line":19,"column":8},"end":{"line":19,"column":41}},"14":{"start":{"line":21,"column":26},"end":{"line":21,"column":48}},"15":{"start":{"line":23,"column":4},"end":{"line":25,"column":5}},"16":{"start":{"line":24,"column":8},"end":{"line":24,"column":33}},"17":{"start":{"line":26,"column":4},"end":{"line":26,"column":33}},"18":{"start":{"line":29,"column":31},"end":{"line":53,"column":1}},"19":{"start":{"line":30,"column":4},"end":{"line":52,"column":6}},"20":{"start":{"line":31,"column":25},"end":{"line":31,"column":50}},"21":{"start":{"line":33,"column":8},"end":{"line":38,"column":9}},"22":{"start":{"line":34,"column":12},"end":{"line":37,"column":15}},"23":{"start":{"line":40,"column":22},"end":{"line":40,"column":40}},"24":{"start":{"line":42,"column":8},"end":{"line":49,"column":9}},"25":{"start":{"line":43,"column":27},"end":{"line":43,"column":97}},"26":{"start":{"line":43,"column":53},"end":{"line":43,"column":85}},"27":{"start":{"line":44,"column":12},"end":{"line":48,"column":15}},"28":{"start":{"line":51,"column":8},"end":{"line":51,"column":15}},"29":{"start":{"line":29,"column":13},"end":{"line":29,"column":31}},"30":{"start":{"line":55,"column":32},"end":{"line":89,"column":1}},"31":{"start":{"line":56,"column":4},"end":{"line":88,"column":6}},"32":{"start":{"line":57,"column":25},"end":{"line":57,"column":50}},"33":{"start":{"line":59,"column":8},"end":{"line":64,"column":9}},"34":{"start":{"line":60,"column":12},"end":{"line":63,"column":15}},"35":{"start":{"line":66,"column":29},"end":{"line":66,"column":37}},"36":{"start":{"line":67,"column":8},"end":{"line":85,"column":10}},"37":{"start":{"line":69,"column":12},"end":{"line":71,"column":13}},"38":{"start":{"line":70,"column":15},"end":{"line":70,"column":52}},"39":{"start":{"line":73,"column":26},"end":{"line":73,"column":40}},"40":{"start":{"line":74,"column":12},"end":{"line":83,"column":13}},"41":{"start":{"line":75,"column":31},"end":{"line":75,"column":101}},"42":{"start":{"line":75,"column":57},"end":{"line":75,"column":89}},"43":{"start":{"line":76,"column":16},"end":{"line":76,"column":69}},"44":{"start":{"line":77,"column":16},"end":{"line":77,"column":33}},"45":{"start":{"line":78,"column":16},"end":{"line":82,"column":19}},"46":{"start":{"line":84,"column":12},"end":{"line":84,"column":49}},"47":{"start":{"line":87,"column":8},"end":{"line":87,"column":15}},"48":{"start":{"line":55,"column":13},"end":{"line":55,"column":32}}},"fnMap":{"0":{"name":"(anonymous_1)","decl":{"start":{"line":12,"column":53},"end":{"line":12,"column":57}},"loc":{"start":{"line":12,"column":61},"end":{"line":12,"column":83}}},"1":{"name":"(anonymous_2)","decl":{"start":{"line":29,"column":31},"end":{"line":29,"column":32}},"loc":{"start":{"line":29,"column":54},"end":{"line":53,"column":1}}},"2":{"name":"(anonymous_3)","decl":{"start":{"line":30,"column":11},"end":{"line":30,"column":12}},"loc":{"start":{"line":30,"column":63},"end":{"line":52,"column":5}}},"3":{"name":"(anonymous_4)","decl":{"start":{"line":43,"column":48},"end":{"line":43,"column":49}},"loc":{"start":{"line":43,"column":53},"end":{"line":43,"column":85}}},"4":{"name":"(anonymous_5)","decl":{"start":{"line":55,"column":32},"end":{"line":55,"column":33}},"loc":{"start":{"line":55,"column":55},"end":{"line":89,"column":1}}},"5":{"name":"(anonymous_6)","decl":{"start":{"line":56,"column":11},"end":{"line":56,"column":12}},"loc":{"start":{"line":56,"column":63},"end":{"line":88,"column":5}}},"6":{"name":"(anonymous_7)","decl":{"start":{"line":67,"column":19},"end":{"line":67,"column":29}},"loc":{"start":{"line":67,"column":33},"end":{"line":85,"column":9}}},"7":{"name":"(anonymous_8)","decl":{"start":{"line":75,"column":52},"end":{"line":75,"column":53}},"loc":{"start":{"line":75,"column":57},"end":{"line":75,"column":89}}}},"branchMap":{"0":{"loc":{"start":{"line":18,"column":4},"end":{"line":20,"column":5}},"type":"if","locations":[{"start":{"line":18,"column":4},"end":{"line":20,"column":5}}]},"1":{"loc":{"start":{"line":23,"column":4},"end":{"line":25,"column":5}},"type":"if","locations":[{"start":{"line":23,"column":4},"end":{"line":25,"column":5}}]},"2":{"loc":{"start":{"line":33,"column":8},"end":{"line":38,"column":9}},"type":"if","locations":[{"start":{"line":33,"column":8},"end":{"line":38,"column":9}}]},"3":{"loc":{"start":{"line":42,"column":8},"end":{"line":49,"column":9}},"type":"if","locations":[{"start":{"line":42,"column":8},"end":{"line":49,"column":9}}]},"4":{"loc":{"start":{"line":59,"column":8},"end":{"line":64,"column":9}},"type":"if","locations":[{"start":{"line":59,"column":8},"end":{"line":64,"column":9}}]},"5":{"loc":{"start":{"line":69,"column":12},"end":{"line":71,"column":13}},"type":"if","locations":[{"start":{"line":69,"column":12},"end":{"line":71,"column":13}}]},"6":{"loc":{"start":{"line":74,"column":12},"end":{"line":83,"column":13}},"type":"if","locations":[{"start":{"line":74,"column":12},"end":{"line":83,"column":13}}]}},"s":{"0":7,"1":7,"2":7,"3":7,"4":7,"5":7,"6":7,"7":7,"8":84,"9":7,"10":84,"11":84,"12":84,"13":56,"14":84,"15":84,"16":84,"17":84,"18":7,"19":14,"20":44,"21":44,"22":0,"23":44,"24":44,"25":3,"26":8,"27":3,"28":41,"29":7,"30":7,"31":7,"32":39,"33":39,"34":0,"35":39,"36":39,"37":39,"38":1,"39":38,"40":38,"41":0,"42":0,"43":0,"44":0,"45":0,"46":38,"47":39,"48":7},"f":{"0":84,"1":14,"2":44,"3":8,"4":7,"5":39,"6":39,"7":0},"b":{"0":[56],"1":[84],"2":[0],"3":[3],"4":[0],"5":[1],"6":[0]}}
,"/app/backend/src/routes/api.ts": {"path":"/app/backend/src/routes/api.ts","statementMap":{"0":{"start":{"line":1,"column":0},"end":{"line":1,"column":52}},"1":{"start":{"line":2,"column":0},"end":{"line":2,"column":60}},"2":{"start":{"line":3,"column":0},"end":{"line":3,"column":63}},"3":{"start":{"line":4,"column":0},"end":{"line":4,"column":78}},"4":{"start":{"line":5,"column":0},"end":{"line":5,"column":84}},"5":{"start":{"line":6,"column":0},"end":{"line":6,"column":76}},"6":{"start":{"line":7,"column":0},"end":{"line":7,"column":79}},"7":{"start":{"line":8,"column":0},"end":{"line":8,"column":60}},"8":{"start":{"line":10,"column":15},"end":{"line":10,"column":23}},"9":{"start":{"line":13,"column":0},"end":{"line":23,"column":3}},"10":{"start":{"line":14,"column":2},"end":{"line":22,"column":5}},"11":{"start":{"line":26,"column":0},"end":{"line":26,"column":129}},"12":{"start":{"line":29,"column":0},"end":{"line":29,"column":84}},"13":{"start":{"line":32,"column":0},"end":{"line":32,"column":93}},"14":{"start":{"line":35,"column":0},"end":{"line":59,"column":3}},"15":{"start":{"line":36,"column":54},"end":{"line":36,"column":62}},"16":{"start":{"line":37,"column":2},"end":{"line":43,"column":3}},"17":{"start":{"line":38,"column":4},"end":{"line":41,"column":7}},"18":{"start":{"line":42,"column":4},"end":{"line":42,"column":11}},"19":{"start":{"line":45,"column":2},"end":{"line":51,"column":5}},"20":{"start":{"line":53,"column":2},"end":{"line":58,"column":5}},"21":{"start":{"line":62,"column":0},"end":{"line":62,"column":48}},"22":{"start":{"line":63,"column":0},"end":{"line":63,"column":47}},"23":{"start":{"line":65,"column":0},"end":{"line":65,"column":22}}},"fnMap":{"0":{"name":"(anonymous_0)","decl":{"start":{"line":13,"column":22},"end":{"line":13,"column":23}},"loc":{"start":{"line":13,"column":55},"end":{"line":23,"column":1}}},"1":{"name":"(anonymous_1)","decl":{"start":{"line":35,"column":25},"end":{"line":35,"column":26}},"loc":{"start":{"line":35,"column":57},"end":{"line":59,"column":1}}}},"branchMap":{"0":{"loc":{"start":{"line":37,"column":2},"end":{"line":43,"column":3}},"type":"if","locations":[{"start":{"line":37,"column":2},"end":{"line":43,"column":3}}]},"1":{"loc":{"start":{"line":37,"column":6},"end":{"line":37,"column":83}},"type":"binary-expr","locations":[{"start":{"line":37,"column":6},"end":{"line":37,"column":14}},{"start":{"line":37,"column":18},"end":{"line":37,"column":26}},{"start":{"line":37,"column":30},"end":{"line":37,"column":83}}]}},"s":{"0":7,"1":7,"2":7,"3":7,"4":7,"5":7,"6":7,"7":7,"8":7,"9":7,"10":1,"11":7,"12":7,"13":7,"14":7,"15":0,"16":0,"17":0,"18":0,"19":0,"20":0,"21":7,"22":7,"23":7},"f":{"0":1,"1":0},"b":{"0":[0],"1":[0,0,0]}}
,"/app/backend/src/services/analyzer.ts": {"path":"/app/backend/src/services/analyzer.ts","statementMap":{"0":{"start":{"line":1,"column":0},"end":{"line":1,"column":36}},"1":{"start":{"line":12,"column":0},"end":{"line":12,"column":50}},"2":{"start":{"line":13,"column":0},"end":{"line":13,"column":80}},"3":{"start":{"line":14,"column":0},"end":{"line":14,"column":72}},"4":{"start":{"line":15,"column":0},"end":{"line":15,"column":57}},"5":{"start":{"line":16,"column":0},"end":{"line":16,"column":100}},"6":{"start":{"line":17,"column":0},"end":{"line":17,"column":58}},"7":{"start":{"line":31,"column":17},"end":{"line":31,"column":38}},"8":{"start":{"line":32,"column":37},"end":{"line":36,"column":6}},"9":{"start":{"line":39,"column":21},"end":{"line":39,"column":62}},"10":{"start":{"line":40,"column":4},"end":{"line":51,"column":5}},"11":{"start":{"line":41,"column":21},"end":{"line":41,"column":53}},"12":{"start":{"line":42,"column":6},"end":{"line":42,"column":51}},"13":{"start":{"line":43,"column":17},"end":{"line":43,"column":33}},"14":{"start":{"line":44,"column":6},"end":{"line":44,"column":47}},"15":{"start":{"line":44,"column":14},"end":{"line":44,"column":47}},"16":{"start":{"line":47,"column":23},"end":{"line":47,"column":74}},"17":{"start":{"line":48,"column":6},"end":{"line":50,"column":7}},"18":{"start":{"line":49,"column":8},"end":{"line":49,"column":35}},"19":{"start":{"line":54,"column":21},"end":{"line":54,"column":53}},"20":{"start":{"line":55,"column":4},"end":{"line":57,"column":5}},"21":{"start":{"line":56,"column":6},"end":{"line":56,"column":33}},"22":{"start":{"line":60,"column":4},"end":{"line":65,"column":5}},"23":{"start":{"line":61,"column":23},"end":{"line":61,"column":76}},"24":{"start":{"line":62,"column":6},"end":{"line":64,"column":7}},"25":{"start":{"line":63,"column":8},"end":{"line":63,"column":68}},"26":{"start":{"line":68,"column":28},"end":{"line":68,"column":139}},"27":{"start":{"line":69,"column":4},"end":{"line":73,"column":7}},"28":{"start":{"line":70,"column":6},"end":{"line":72,"column":7}},"29":{"start":{"line":71,"column":8},"end":{"line":71,"column":39}},"30":{"start":{"line":75,"column":4},"end":{"line":77,"column":5}},"31":{"start":{"line":76,"column":6},"end":{"line":76,"column":41}},"32":{"start":{"line":79,"column":4},"end":{"line":81,"column":5}},"33":{"start":{"line":80,"column":6},"end":{"line":80,"column":39}},"34":{"start":{"line":83,"column":4},"end":{"line":83,"column":20}},"35":{"start":{"line":91,"column":19},"end":{"line":91,"column":27}},"36":{"start":{"line":92,"column":22},"end":{"line":92,"column":46}},"37":{"start":{"line":93,"column":21},"end":{"line":93,"column":50}},"38":{"start":{"line":94,"column":17},"end":{"line":94,"column":52}},"39":{"start":{"line":96,"column":31},"end":{"line":96,"column":72}},"40":{"start":{"line":97,"column":29},"end":{"line":97,"column":64}},"41":{"start":{"line":98,"column":4},"end":{"line":98,"column":113}},"42":{"start":{"line":101,"column":22},"end":{"line":101,"column":57}},"43":{"start":{"line":102,"column":27},"end":{"line":102,"column":36}},"44":{"start":{"line":103,"column":4},"end":{"line":107,"column":92}},"45":{"start":{"line":103,"column":37},"end":{"line":103,"column":67}},"46":{"start":{"line":104,"column":9},"end":{"line":107,"column":92}},"47":{"start":{"line":104,"column":42},"end":{"line":104,"column":72}},"48":{"start":{"line":105,"column":9},"end":{"line":107,"column":92}},"49":{"start":{"line":105,"column":49},"end":{"line":105,"column":74}},"50":{"start":{"line":106,"column":9},"end":{"line":107,"column":92}},"51":{"start":{"line":106,"column":38},"end":{"line":106,"column":65}},"52":{"start":{"line":107,"column":9},"end":{"line":107,"column":92}},"53":{"start":{"line":107,"column":59},"end":{"line":107,"column":92}},"54":{"start":{"line":109,"column":4},"end":{"line":109,"column":104}},"55":{"start":{"line":111,"column":4},"end":{"line":111,"column":81}},"56":{"start":{"line":111,"column":22},"end":{"line":111,"column":81}},"57":{"start":{"line":112,"column":4},"end":{"line":112,"column":92}},"58":{"start":{"line":112,"column":22},"end":{"line":112,"column":92}},"59":{"start":{"line":113,"column":4},"end":{"line":113,"column":117}},"60":{"start":{"line":113,"column":25},"end":{"line":113,"column":117}},"61":{"start":{"line":114,"column":4},"end":{"line":114,"column":158}},"62":{"start":{"line":114,"column":42},"end":{"line":114,"column":158}},"63":{"start":{"line":115,"column":4},"end":{"line":115,"column":131}},"64":{"start":{"line":115,"column":37},"end":{"line":115,"column":131}},"65":{"start":{"line":116,"column":4},"end":{"line":116,"column":124}},"66":{"start":{"line":116,"column":35},"end":{"line":116,"column":124}},"67":{"start":{"line":119,"column":27},"end":{"line":119,"column":76}},"68":{"start":{"line":122,"column":23},"end":{"line":122,"column":68}},"69":{"start":{"line":125,"column":32},"end":{"line":125,"column":157}},"70":{"start":{"line":126,"column":29},"end":{"line":126,"column":110}},"71":{"start":{"line":127,"column":33},"end":{"line":127,"column":119}},"72":{"start":{"line":128,"column":28},"end":{"line":128,"column":101}},"73":{"start":{"line":131,"column":23},"end":{"line":131,"column":67}},"74":{"start":{"line":133,"column":4},"end":{"line":133,"column":130}},"75":{"start":{"line":133,"column":29},"end":{"line":133,"column":130}},"76":{"start":{"line":134,"column":4},"end":{"line":134,"column":115}},"77":{"start":{"line":134,"column":26},"end":{"line":134,"column":115}},"78":{"start":{"line":135,"column":4},"end":{"line":135,"column":112}},"79":{"start":{"line":135,"column":25},"end":{"line":135,"column":112}},"80":{"start":{"line":136,"column":4},"end":{"line":136,"column":149}},"81":{"start":{"line":136,"column":20},"end":{"line":136,"column":149}},"82":{"start":{"line":138,"column":4},"end":{"line":142,"column":5}},"83":{"start":{"line":139,"column":6},"end":{"line":139,"column":134}},"84":{"start":{"line":140,"column":6},"end":{"line":140,"column":197}},"85":{"start":{"line":140,"column":61},"end":{"line":140,"column":197}},"86":{"start":{"line":141,"column":6},"end":{"line":141,"column":190}},"87":{"start":{"line":141,"column":57},"end":{"line":141,"column":190}},"88":{"start":{"line":144,"column":4},"end":{"line":146,"column":5}},"89":{"start":{"line":145,"column":6},"end":{"line":145,"column":138}},"90":{"start":{"line":148,"column":20},"end":{"line":148,"column":22}},"91":{"start":{"line":149,"column":63},"end":{"line":149,"column":68}},"92":{"start":{"line":150,"column":30},"end":{"line":150,"column":32}},"93":{"start":{"line":153,"column":35},"end":{"line":153,"column":247}},"94":{"start":{"line":154,"column":4},"end":{"line":178,"column":5}},"95":{"start":{"line":155,"column":6},"end":{"line":155,"column":21}},"96":{"start":{"line":156,"column":6},"end":{"line":156,"column":32}},"97":{"start":{"line":157,"column":6},"end":{"line":157,"column":48}},"98":{"start":{"line":158,"column":11},"end":{"line":178,"column":5}},"99":{"start":{"line":159,"column":6},"end":{"line":159,"column":21}},"100":{"start":{"line":160,"column":6},"end":{"line":160,"column":32}},"101":{"start":{"line":161,"column":6},"end":{"line":161,"column":74}},"102":{"start":{"line":162,"column":11},"end":{"line":178,"column":5}},"103":{"start":{"line":163,"column":6},"end":{"line":163,"column":21}},"104":{"start":{"line":164,"column":6},"end":{"line":164,"column":28}},"105":{"start":{"line":165,"column":6},"end":{"line":165,"column":50}},"106":{"start":{"line":166,"column":11},"end":{"line":178,"column":5}},"107":{"start":{"line":167,"column":6},"end":{"line":167,"column":21}},"108":{"start":{"line":168,"column":6},"end":{"line":168,"column":28}},"109":{"start":{"line":169,"column":6},"end":{"line":169,"column":44}},"110":{"start":{"line":170,"column":11},"end":{"line":178,"column":5}},"111":{"start":{"line":171,"column":6},"end":{"line":171,"column":21}},"112":{"start":{"line":172,"column":6},"end":{"line":172,"column":30}},"113":{"start":{"line":173,"column":6},"end":{"line":173,"column":43}},"114":{"start":{"line":174,"column":11},"end":{"line":178,"column":5}},"115":{"start":{"line":175,"column":6},"end":{"line":175,"column":20}},"116":{"start":{"line":176,"column":6},"end":{"line":176,"column":27}},"117":{"start":{"line":177,"column":6},"end":{"line":177,"column":105}},"118":{"start":{"line":181,"column":4},"end":{"line":220,"column":5}},"119":{"start":{"line":182,"column":6},"end":{"line":182,"column":54}},"120":{"start":{"line":184,"column":6},"end":{"line":189,"column":7}},"121":{"start":{"line":185,"column":8},"end":{"line":188,"column":9}},"122":{"start":{"line":186,"column":10},"end":{"line":186,"column":46}},"123":{"start":{"line":187,"column":10},"end":{"line":187,"column":32}},"124":{"start":{"line":191,"column":6},"end":{"line":194,"column":7}},"125":{"start":{"line":192,"column":8},"end":{"line":192,"column":44}},"126":{"start":{"line":193,"column":8},"end":{"line":193,"column":34}},"127":{"start":{"line":196,"column":6},"end":{"line":199,"column":7}},"128":{"start":{"line":197,"column":8},"end":{"line":197,"column":44}},"129":{"start":{"line":198,"column":8},"end":{"line":198,"column":30}},"130":{"start":{"line":201,"column":6},"end":{"line":204,"column":7}},"131":{"start":{"line":202,"column":8},"end":{"line":202,"column":44}},"132":{"start":{"line":203,"column":8},"end":{"line":203,"column":60}},"133":{"start":{"line":203,"column":36},"end":{"line":203,"column":60}},"134":{"start":{"line":206,"column":6},"end":{"line":209,"column":7}},"135":{"start":{"line":207,"column":8},"end":{"line":207,"column":44}},"136":{"start":{"line":208,"column":8},"end":{"line":208,"column":30}},"137":{"start":{"line":211,"column":6},"end":{"line":214,"column":7}},"138":{"start":{"line":212,"column":8},"end":{"line":212,"column":44}},"139":{"start":{"line":213,"column":8},"end":{"line":213,"column":30}},"140":{"start":{"line":216,"column":6},"end":{"line":219,"column":7}},"141":{"start":{"line":217,"column":8},"end":{"line":217,"column":44}},"142":{"start":{"line":218,"column":8},"end":{"line":218,"column":60}},"143":{"start":{"line":218,"column":36},"end":{"line":218,"column":60}},"144":{"start":{"line":223,"column":4},"end":{"line":245,"column":5}},"145":{"start":{"line":224,"column":6},"end":{"line":224,"column":50}},"146":{"start":{"line":226,"column":6},"end":{"line":229,"column":7}},"147":{"start":{"line":227,"column":8},"end":{"line":227,"column":44}},"148":{"start":{"line":228,"column":8},"end":{"line":228,"column":34}},"149":{"start":{"line":231,"column":6},"end":{"line":239,"column":7}},"150":{"start":{"line":232,"column":8},"end":{"line":238,"column":9}},"151":{"start":{"line":233,"column":10},"end":{"line":233,"column":46}},"152":{"start":{"line":234,"column":10},"end":{"line":234,"column":36}},"153":{"start":{"line":236,"column":10},"end":{"line":236,"column":46}},"154":{"start":{"line":237,"column":10},"end":{"line":237,"column":32}},"155":{"start":{"line":241,"column":6},"end":{"line":244,"column":7}},"156":{"start":{"line":242,"column":8},"end":{"line":242,"column":44}},"157":{"start":{"line":243,"column":8},"end":{"line":243,"column":63}},"158":{"start":{"line":243,"column":41},"end":{"line":243,"column":63}},"159":{"start":{"line":248,"column":4},"end":{"line":252,"column":5}},"160":{"start":{"line":249,"column":6},"end":{"line":249,"column":42}},"161":{"start":{"line":250,"column":6},"end":{"line":250,"column":61}},"162":{"start":{"line":250,"column":39},"end":{"line":250,"column":61}},"163":{"start":{"line":251,"column":6},"end":{"line":251,"column":44}},"164":{"start":{"line":254,"column":4},"end":{"line":258,"column":5}},"165":{"start":{"line":255,"column":6},"end":{"line":255,"column":42}},"166":{"start":{"line":256,"column":6},"end":{"line":256,"column":32}},"167":{"start":{"line":257,"column":6},"end":{"line":257,"column":50}},"168":{"start":{"line":260,"column":4},"end":{"line":264,"column":5}},"169":{"start":{"line":261,"column":6},"end":{"line":261,"column":42}},"170":{"start":{"line":262,"column":6},"end":{"line":262,"column":32}},"171":{"start":{"line":263,"column":6},"end":{"line":263,"column":50}},"172":{"start":{"line":267,"column":46},"end":{"line":267,"column":50}},"173":{"start":{"line":268,"column":4},"end":{"line":283,"column":5}},"174":{"start":{"line":269,"column":33},"end":{"line":269,"column":68}},"175":{"start":{"line":270,"column":6},"end":{"line":275,"column":9}},"176":{"start":{"line":277,"column":6},"end":{"line":282,"column":7}},"177":{"start":{"line":278,"column":8},"end":{"line":278,"column":90}},"178":{"start":{"line":279,"column":8},"end":{"line":279,"column":116}},"179":{"start":{"line":279,"column":65},"end":{"line":279,"column":113}},"180":{"start":{"line":280,"column":8},"end":{"line":280,"column":49}},"181":{"start":{"line":281,"column":8},"end":{"line":281,"column":112}},"182":{"start":{"line":286,"column":4},"end":{"line":289,"column":30}},"183":{"start":{"line":286,"column":25},"end":{"line":286,"column":51}},"184":{"start":{"line":287,"column":9},"end":{"line":289,"column":30}},"185":{"start":{"line":287,"column":30},"end":{"line":287,"column":52}},"186":{"start":{"line":288,"column":9},"end":{"line":289,"column":30}},"187":{"start":{"line":288,"column":30},"end":{"line":288,"column":54}},"188":{"start":{"line":289,"column":9},"end":{"line":289,"column":30}},"189":{"start":{"line":292,"column":27},"end":{"line":292,"column":30}},"190":{"start":{"line":293,"column":24},"end":{"line":293,"column":61}},"191":{"start":{"line":294,"column":24},"end":{"line":294,"column":87}},"192":{"start":{"line":295,"column":23},"end":{"line":295,"column":94}},"193":{"start":{"line":298,"column":22},"end":{"line":298,"column":73}},"194":{"start":{"line":299,"column":4},"end":{"line":359,"column":5}},"195":{"start":{"line":300,"column":28},"end":{"line":300,"column":100}},"196":{"start":{"line":301,"column":24},"end":{"line":301,"column":53}},"197":{"start":{"line":302,"column":6},"end":{"line":323,"column":8}},"198":{"start":{"line":324,"column":11},"end":{"line":359,"column":5}},"199":{"start":{"line":325,"column":31},"end":{"line":325,"column":68}},"200":{"start":{"line":326,"column":6},"end":{"line":337,"column":8}},"201":{"start":{"line":338,"column":11},"end":{"line":359,"column":5}},"202":{"start":{"line":339,"column":6},"end":{"line":346,"column":8}},"203":{"start":{"line":348,"column":27},"end":{"line":348,"column":72}},"204":{"start":{"line":349,"column":6},"end":{"line":358,"column":8}},"205":{"start":{"line":361,"column":43},"end":{"line":369,"column":6}},"206":{"start":{"line":372,"column":57},"end":{"line":382,"column":6}},"207":{"start":{"line":385,"column":33},"end":{"line":403,"column":6}},"208":{"start":{"line":406,"column":39},"end":{"line":408,"column":74}},"209":{"start":{"line":411,"column":73},"end":{"line":411,"column":82}},"210":{"start":{"line":412,"column":4},"end":{"line":607,"column":5}},"211":{"start":{"line":413,"column":22},"end":{"line":413,"column":37}},"212":{"start":{"line":414,"column":26},"end":{"line":414,"column":43}},"213":{"start":{"line":415,"column":24},"end":{"line":415,"column":41}},"214":{"start":{"line":416,"column":24},"end":{"line":416,"column":25}},"215":{"start":{"line":417,"column":25},"end":{"line":417,"column":26}},"216":{"start":{"line":418,"column":28},"end":{"line":418,"column":92}},"217":{"start":{"line":419,"column":49},"end":{"line":419,"column":53}},"218":{"start":{"line":420,"column":45},"end":{"line":420,"column":58}},"219":{"start":{"line":421,"column":44},"end":{"line":421,"column":118}},"220":{"start":{"line":422,"column":31},"end":{"line":422,"column":47}},"221":{"start":{"line":423,"column":22},"end":{"line":423,"column":56}},"222":{"start":{"line":424,"column":31},"end":{"line":424,"column":61}},"223":{"start":{"line":425,"column":29},"end":{"line":425,"column":32}},"224":{"start":{"line":426,"column":29},"end":{"line":426,"column":57}},"225":{"start":{"line":427,"column":42},"end":{"line":427,"column":80}},"226":{"start":{"line":428,"column":40},"end":{"line":428,"column":42}},"227":{"start":{"line":429,"column":45},"end":{"line":429,"column":47}},"228":{"start":{"line":431,"column":6},"end":{"line":584,"column":7}},"229":{"start":{"line":432,"column":8},"end":{"line":432,"column":47}},"230":{"start":{"line":433,"column":8},"end":{"line":433,"column":140}},"231":{"start":{"line":434,"column":8},"end":{"line":434,"column":25}},"232":{"start":{"line":435,"column":8},"end":{"line":435,"column":71}},"233":{"start":{"line":437,"column":8},"end":{"line":455,"column":9}},"234":{"start":{"line":438,"column":11},"end":{"line":438,"column":51}},"235":{"start":{"line":439,"column":11},"end":{"line":439,"column":43}},"236":{"start":{"line":440,"column":11},"end":{"line":440,"column":27}},"237":{"start":{"line":441,"column":11},"end":{"line":441,"column":57}},"238":{"start":{"line":442,"column":11},"end":{"line":442,"column":48}},"239":{"start":{"line":443,"column":11},"end":{"line":443,"column":136}},"240":{"start":{"line":444,"column":11},"end":{"line":444,"column":93}},"241":{"start":{"line":445,"column":11},"end":{"line":445,"column":34}},"242":{"start":{"line":446,"column":15},"end":{"line":455,"column":9}},"243":{"start":{"line":447,"column":11},"end":{"line":447,"column":72}},"244":{"start":{"line":448,"column":11},"end":{"line":448,"column":38}},"245":{"start":{"line":449,"column":11},"end":{"line":449,"column":27}},"246":{"start":{"line":450,"column":11},"end":{"line":450,"column":53}},"247":{"start":{"line":451,"column":11},"end":{"line":451,"column":53}},"248":{"start":{"line":452,"column":11},"end":{"line":452,"column":139}},"249":{"start":{"line":453,"column":11},"end":{"line":453,"column":87}},"250":{"start":{"line":454,"column":11},"end":{"line":454,"column":34}},"251":{"start":{"line":456,"column":8},"end":{"line":456,"column":92}},"252":{"start":{"line":457,"column":8},"end":{"line":457,"column":77}},"253":{"start":{"line":458,"column":8},"end":{"line":458,"column":77}},"254":{"start":{"line":459,"column":13},"end":{"line":584,"column":7}},"255":{"start":{"line":460,"column":8},"end":{"line":551,"column":9}},"256":{"start":{"line":461,"column":11},"end":{"line":461,"column":66}},"257":{"start":{"line":462,"column":11},"end":{"line":462,"column":149}},"258":{"start":{"line":463,"column":11},"end":{"line":463,"column":28}},"259":{"start":{"line":464,"column":11},"end":{"line":464,"column":54}},"260":{"start":{"line":465,"column":11},"end":{"line":465,"column":40}},"261":{"start":{"line":466,"column":11},"end":{"line":466,"column":27}},"262":{"start":{"line":467,"column":11},"end":{"line":467,"column":65}},"263":{"start":{"line":468,"column":11},"end":{"line":468,"column":49}},"264":{"start":{"line":469,"column":11},"end":{"line":469,"column":131}},"265":{"start":{"line":470,"column":11},"end":{"line":470,"column":73}},"266":{"start":{"line":471,"column":11},"end":{"line":471,"column":101}},"267":{"start":{"line":472,"column":11},"end":{"line":472,"column":96}},"268":{"start":{"line":473,"column":11},"end":{"line":473,"column":96}},"269":{"start":{"line":474,"column":11},"end":{"line":474,"column":132}},"270":{"start":{"line":475,"column":11},"end":{"line":475,"column":35}},"271":{"start":{"line":476,"column":15},"end":{"line":551,"column":9}},"272":{"start":{"line":477,"column":11},"end":{"line":477,"column":52}},"273":{"start":{"line":478,"column":11},"end":{"line":478,"column":143}},"274":{"start":{"line":479,"column":11},"end":{"line":479,"column":28}},"275":{"start":{"line":480,"column":11},"end":{"line":480,"column":38}},"276":{"start":{"line":481,"column":11},"end":{"line":481,"column":36}},"277":{"start":{"line":482,"column":11},"end":{"line":482,"column":27}},"278":{"start":{"line":483,"column":11},"end":{"line":483,"column":40}},"279":{"start":{"line":484,"column":11},"end":{"line":484,"column":52}},"280":{"start":{"line":485,"column":11},"end":{"line":485,"column":129}},"281":{"start":{"line":486,"column":11},"end":{"line":486,"column":75}},"282":{"start":{"line":487,"column":11},"end":{"line":487,"column":103}},"283":{"start":{"line":488,"column":11},"end":{"line":488,"column":98}},"284":{"start":{"line":489,"column":11},"end":{"line":489,"column":74}},"285":{"start":{"line":490,"column":11},"end":{"line":490,"column":118}},"286":{"start":{"line":491,"column":11},"end":{"line":491,"column":34}},"287":{"start":{"line":492,"column":15},"end":{"line":551,"column":9}},"288":{"start":{"line":493,"column":11},"end":{"line":493,"column":68}},"289":{"start":{"line":494,"column":11},"end":{"line":494,"column":152}},"290":{"start":{"line":495,"column":11},"end":{"line":495,"column":28}},"291":{"start":{"line":496,"column":11},"end":{"line":496,"column":45}},"292":{"start":{"line":497,"column":11},"end":{"line":497,"column":43}},"293":{"start":{"line":498,"column":11},"end":{"line":498,"column":27}},"294":{"start":{"line":499,"column":11},"end":{"line":499,"column":58}},"295":{"start":{"line":500,"column":11},"end":{"line":500,"column":59}},"296":{"start":{"line":501,"column":11},"end":{"line":501,"column":116}},"297":{"start":{"line":502,"column":11},"end":{"line":502,"column":76}},"298":{"start":{"line":503,"column":11},"end":{"line":503,"column":99}},"299":{"start":{"line":504,"column":11},"end":{"line":504,"column":98}},"300":{"start":{"line":505,"column":11},"end":{"line":505,"column":69}},"301":{"start":{"line":506,"column":11},"end":{"line":506,"column":114}},"302":{"start":{"line":507,"column":11},"end":{"line":507,"column":34}},"303":{"start":{"line":508,"column":16},"end":{"line":551,"column":9}},"304":{"start":{"line":509,"column":11},"end":{"line":509,"column":52}},"305":{"start":{"line":510,"column":11},"end":{"line":510,"column":103}},"306":{"start":{"line":511,"column":11},"end":{"line":511,"column":28}},"307":{"start":{"line":512,"column":11},"end":{"line":512,"column":42}},"308":{"start":{"line":513,"column":11},"end":{"line":513,"column":40}},"309":{"start":{"line":514,"column":11},"end":{"line":514,"column":27}},"310":{"start":{"line":515,"column":11},"end":{"line":515,"column":55}},"311":{"start":{"line":516,"column":11},"end":{"line":516,"column":50}},"312":{"start":{"line":517,"column":11},"end":{"line":517,"column":113}},"313":{"start":{"line":518,"column":11},"end":{"line":518,"column":78}},"314":{"start":{"line":519,"column":11},"end":{"line":519,"column":95}},"315":{"start":{"line":520,"column":11},"end":{"line":520,"column":108}},"316":{"start":{"line":521,"column":11},"end":{"line":521,"column":73}},"317":{"start":{"line":522,"column":11},"end":{"line":522,"column":125}},"318":{"start":{"line":523,"column":11},"end":{"line":523,"column":35}},"319":{"start":{"line":525,"column":11},"end":{"line":525,"column":45}},"320":{"start":{"line":526,"column":11},"end":{"line":526,"column":107}},"321":{"start":{"line":527,"column":11},"end":{"line":527,"column":28}},"322":{"start":{"line":528,"column":11},"end":{"line":546,"column":12}},"323":{"start":{"line":529,"column":13},"end":{"line":529,"column":47}},"324":{"start":{"line":530,"column":13},"end":{"line":530,"column":45}},"325":{"start":{"line":531,"column":13},"end":{"line":531,"column":29}},"326":{"start":{"line":532,"column":13},"end":{"line":532,"column":59}},"327":{"start":{"line":533,"column":13},"end":{"line":533,"column":48}},"328":{"start":{"line":534,"column":13},"end":{"line":534,"column":103}},"329":{"start":{"line":535,"column":13},"end":{"line":535,"column":65}},"330":{"start":{"line":536,"column":13},"end":{"line":536,"column":88}},"331":{"start":{"line":538,"column":13},"end":{"line":538,"column":51}},"332":{"start":{"line":539,"column":13},"end":{"line":539,"column":44}},"333":{"start":{"line":540,"column":13},"end":{"line":540,"column":29}},"334":{"start":{"line":541,"column":13},"end":{"line":541,"column":55}},"335":{"start":{"line":542,"column":13},"end":{"line":542,"column":51}},"336":{"start":{"line":543,"column":13},"end":{"line":543,"column":96}},"337":{"start":{"line":544,"column":13},"end":{"line":544,"column":72}},"338":{"start":{"line":545,"column":13},"end":{"line":545,"column":84}},"339":{"start":{"line":547,"column":11},"end":{"line":547,"column":67}},"340":{"start":{"line":548,"column":11},"end":{"line":548,"column":31}},"341":{"start":{"line":549,"column":11},"end":{"line":549,"column":102}},"342":{"start":{"line":550,"column":11},"end":{"line":550,"column":34}},"343":{"start":{"line":552,"column":13},"end":{"line":584,"column":7}},"344":{"start":{"line":553,"column":8},"end":{"line":553,"column":66}},"345":{"start":{"line":554,"column":8},"end":{"line":554,"column":118}},"346":{"start":{"line":555,"column":8},"end":{"line":555,"column":25}},"347":{"start":{"line":556,"column":8},"end":{"line":556,"column":40}},"348":{"start":{"line":557,"column":8},"end":{"line":557,"column":34}},"349":{"start":{"line":558,"column":8},"end":{"line":558,"column":24}},"350":{"start":{"line":559,"column":8},"end":{"line":559,"column":55}},"351":{"start":{"line":560,"column":8},"end":{"line":560,"column":45}},"352":{"start":{"line":561,"column":8},"end":{"line":561,"column":107}},"353":{"start":{"line":562,"column":8},"end":{"line":562,"column":68}},"354":{"start":{"line":563,"column":8},"end":{"line":563,"column":79}},"355":{"start":{"line":564,"column":8},"end":{"line":564,"column":99}},"356":{"start":{"line":565,"column":8},"end":{"line":565,"column":76}},"357":{"start":{"line":566,"column":8},"end":{"line":566,"column":98}},"358":{"start":{"line":567,"column":8},"end":{"line":567,"column":32}},"359":{"start":{"line":568,"column":13},"end":{"line":584,"column":7}},"360":{"start":{"line":569,"column":8},"end":{"line":569,"column":55}},"361":{"start":{"line":570,"column":8},"end":{"line":570,"column":102}},"362":{"start":{"line":571,"column":8},"end":{"line":571,"column":25}},"363":{"start":{"line":572,"column":8},"end":{"line":572,"column":38}},"364":{"start":{"line":573,"column":8},"end":{"line":573,"column":36}},"365":{"start":{"line":574,"column":8},"end":{"line":574,"column":24}},"366":{"start":{"line":575,"column":8},"end":{"line":575,"column":52}},"367":{"start":{"line":576,"column":8},"end":{"line":576,"column":47}},"368":{"start":{"line":577,"column":8},"end":{"line":577,"column":125}},"369":{"start":{"line":578,"column":8},"end":{"line":578,"column":48}},"370":{"start":{"line":579,"column":8},"end":{"line":579,"column":93}},"371":{"start":{"line":580,"column":8},"end":{"line":580,"column":89}},"372":{"start":{"line":581,"column":8},"end":{"line":581,"column":66}},"373":{"start":{"line":582,"column":8},"end":{"line":582,"column":113}},"374":{"start":{"line":583,"column":8},"end":{"line":583,"column":31}},"375":{"start":{"line":586,"column":6},"end":{"line":606,"column":8}},"376":{"start":{"line":609,"column":4},"end":{"line":618,"column":6}},"377":{"start":{"line":29,"column":0},"end":{"line":29,"column":13}}},"fnMap":{"0":{"name":"(anonymous_0)","decl":{"start":{"line":30,"column":10},"end":{"line":30,"column":25}},"loc":{"start":{"line":30,"column":46},"end":{"line":84,"column":3}}},"1":{"name":"(anonymous_1)","decl":{"start":{"line":69,"column":28},"end":{"line":69,"column":30}},"loc":{"start":{"line":69,"column":33},"end":{"line":73,"column":5}}},"2":{"name":"(anonymous_2)","decl":{"start":{"line":90,"column":9},"end":{"line":90,"column":14}},"loc":{"start":{"line":90,"column":43},"end":{"line":619,"column":3}}},"3":{"name":"(anonymous_3)","decl":{"start":{"line":279,"column":60},"end":{"line":279,"column":61}},"loc":{"start":{"line":279,"column":65},"end":{"line":279,"column":113}}}},"branchMap":{"0":{"loc":{"start":{"line":40,"column":4},"end":{"line":51,"column":5}},"type":"if","locations":[{"start":{"line":40,"column":4},"end":{"line":51,"column":5}},{"start":{"line":45,"column":11},"end":{"line":51,"column":5}}]},"1":{"loc":{"start":{"line":42,"column":21},"end":{"line":42,"column":50}},"type":"binary-expr","locations":[{"start":{"line":42,"column":21},"end":{"line":42,"column":37}},{"start":{"line":42,"column":41},"end":{"line":42,"column":50}}]},"2":{"loc":{"start":{"line":44,"column":6},"end":{"line":44,"column":47}},"type":"if","locations":[{"start":{"line":44,"column":6},"end":{"line":44,"column":47}}]},"3":{"loc":{"start":{"line":48,"column":6},"end":{"line":50,"column":7}},"type":"if","locations":[{"start":{"line":48,"column":6},"end":{"line":50,"column":7}}]},"4":{"loc":{"start":{"line":55,"column":4},"end":{"line":57,"column":5}},"type":"if","locations":[{"start":{"line":55,"column":4},"end":{"line":57,"column":5}}]},"5":{"loc":{"start":{"line":60,"column":4},"end":{"line":65,"column":5}},"type":"if","locations":[{"start":{"line":60,"column":4},"end":{"line":65,"column":5}}]},"6":{"loc":{"start":{"line":62,"column":6},"end":{"line":64,"column":7}},"type":"if","locations":[{"start":{"line":62,"column":6},"end":{"line":64,"column":7}}]},"7":{"loc":{"start":{"line":70,"column":6},"end":{"line":72,"column":7}},"type":"if","locations":[{"start":{"line":70,"column":6},"end":{"line":72,"column":7}}]},"8":{"loc":{"start":{"line":75,"column":4},"end":{"line":77,"column":5}},"type":"if","locations":[{"start":{"line":75,"column":4},"end":{"line":77,"column":5}}]},"9":{"loc":{"start":{"line":75,"column":8},"end":{"line":75,"column":104}},"type":"binary-expr","locations":[{"start":{"line":75,"column":8},"end":{"line":75,"column":55}},{"start":{"line":75,"column":59},"end":{"line":75,"column":104}}]},"10":{"loc":{"start":{"line":79,"column":4},"end":{"line":81,"column":5}},"type":"if","locations":[{"start":{"line":79,"column":4},"end":{"line":81,"column":5}}]},"11":{"loc":{"start":{"line":79,"column":8},"end":{"line":79,"column":142}},"type":"binary-expr","locations":[{"start":{"line":79,"column":8},"end":{"line":79,"column":130}},{"start":{"line":79,"column":134},"end":{"line":79,"column":142}}]},"12":{"loc":{"start":{"line":101,"column":22},"end":{"line":101,"column":57}},"type":"binary-expr","locations":[{"start":{"line":101,"column":22},"end":{"line":101,"column":44}},{"start":{"line":101,"column":48},"end":{"line":101,"column":57}}]},"13":{"loc":{"start":{"line":103,"column":4},"end":{"line":107,"column":92}},"type":"if","locations":[{"start":{"line":103,"column":4},"end":{"line":107,"column":92}},{"start":{"line":104,"column":9},"end":{"line":107,"column":92}}]},"14":{"loc":{"start":{"line":104,"column":9},"end":{"line":107,"column":92}},"type":"if","locations":[{"start":{"line":104,"column":9},"end":{"line":107,"column":92}},{"start":{"line":105,"column":9},"end":{"line":107,"column":92}}]},"15":{"loc":{"start":{"line":105,"column":9},"end":{"line":107,"column":92}},"type":"if","locations":[{"start":{"line":105,"column":9},"end":{"line":107,"column":92}},{"start":{"line":106,"column":9},"end":{"line":107,"column":92}}]},"16":{"loc":{"start":{"line":106,"column":9},"end":{"line":107,"column":92}},"type":"if","locations":[{"start":{"line":106,"column":9},"end":{"line":107,"column":92}},{"start":{"line":107,"column":9},"end":{"line":107,"column":92}}]},"17":{"loc":{"start":{"line":107,"column":9},"end":{"line":107,"column":92}},"type":"if","locations":[{"start":{"line":107,"column":9},"end":{"line":107,"column":92}}]},"18":{"loc":{"start":{"line":111,"column":4},"end":{"line":111,"column":81}},"type":"if","locations":[{"start":{"line":111,"column":4},"end":{"line":111,"column":81}}]},"19":{"loc":{"start":{"line":112,"column":4},"end":{"line":112,"column":92}},"type":"if","locations":[{"start":{"line":112,"column":4},"end":{"line":112,"column":92}}]},"20":{"loc":{"start":{"line":113,"column":4},"end":{"line":113,"column":117}},"type":"if","locations":[{"start":{"line":113,"column":4},"end":{"line":113,"column":117}}]},"21":{"loc":{"start":{"line":114,"column":4},"end":{"line":114,"column":158}},"type":"if","locations":[{"start":{"line":114,"column":4},"end":{"line":114,"column":158}}]},"22":{"loc":{"start":{"line":115,"column":4},"end":{"line":115,"column":131}},"type":"if","locations":[{"start":{"line":115,"column":4},"end":{"line":115,"column":131}}]},"23":{"loc":{"start":{"line":116,"column":4},"end":{"line":116,"column":124}},"type":"if","locations":[{"start":{"line":116,"column":4},"end":{"line":116,"column":124}}]},"24":{"loc":{"start":{"line":125,"column":32},"end":{"line":125,"column":157}},"type":"cond-expr","locations":[{"start":{"line":125,"column":47},"end":{"line":125,"column":88}},{"start":{"line":125,"column":92},"end":{"line":125,"column":156}}]},"25":{"loc":{"start":{"line":125,"column":92},"end":{"line":125,"column":156}},"type":"cond-expr","locations":[{"start":{"line":125,"column":107},"end":{"line":125,"column":148}},{"start":{"line":125,"column":151},"end":{"line":125,"column":156}}]},"26":{"loc":{"start":{"line":126,"column":29},"end":{"line":126,"column":110}},"type":"cond-expr","locations":[{"start":{"line":126,"column":44},"end":{"line":126,"column":102}},{"start":{"line":126,"column":105},"end":{"line":126,"column":110}}]},"27":{"loc":{"start":{"line":127,"column":33},"end":{"line":127,"column":119}},"type":"cond-expr","locations":[{"start":{"line":127,"column":48},"end":{"line":127,"column":111}},{"start":{"line":127,"column":114},"end":{"line":127,"column":119}}]},"28":{"loc":{"start":{"line":131,"column":23},"end":{"line":131,"column":67}},"type":"binary-expr","locations":[{"start":{"line":131,"column":23},"end":{"line":131,"column":38}},{"start":{"line":131,"column":42},"end":{"line":131,"column":67}}]},"29":{"loc":{"start":{"line":133,"column":4},"end":{"line":133,"column":130}},"type":"if","locations":[{"start":{"line":133,"column":4},"end":{"line":133,"column":130}}]},"30":{"loc":{"start":{"line":134,"column":4},"end":{"line":134,"column":115}},"type":"if","locations":[{"start":{"line":134,"column":4},"end":{"line":134,"column":115}}]},"31":{"loc":{"start":{"line":135,"column":4},"end":{"line":135,"column":112}},"type":"if","locations":[{"start":{"line":135,"column":4},"end":{"line":135,"column":112}}]},"32":{"loc":{"start":{"line":136,"column":4},"end":{"line":136,"column":149}},"type":"if","locations":[{"start":{"line":136,"column":4},"end":{"line":136,"column":149}}]},"33":{"loc":{"start":{"line":138,"column":4},"end":{"line":142,"column":5}},"type":"if","locations":[{"start":{"line":138,"column":4},"end":{"line":142,"column":5}}]},"34":{"loc":{"start":{"line":140,"column":6},"end":{"line":140,"column":197}},"type":"if","locations":[{"start":{"line":140,"column":6},"end":{"line":140,"column":197}}]},"35":{"loc":{"start":{"line":141,"column":6},"end":{"line":141,"column":190}},"type":"if","locations":[{"start":{"line":141,"column":6},"end":{"line":141,"column":190}}]},"36":{"loc":{"start":{"line":144,"column":4},"end":{"line":146,"column":5}},"type":"if","locations":[{"start":{"line":144,"column":4},"end":{"line":146,"column":5}}]},"37":{"loc":{"start":{"line":153,"column":35},"end":{"line":153,"column":247}},"type":"binary-expr","locations":[{"start":{"line":153,"column":35},"end":{"line":153,"column":64}},{"start":{"line":153,"column":68},"end":{"line":153,"column":105}},{"start":{"line":153,"column":109},"end":{"line":153,"column":144}},{"start":{"line":153,"column":148},"end":{"line":153,"column":185}},{"start":{"line":153,"column":189},"end":{"line":153,"column":215}},{"start":{"line":153,"column":219},"end":{"line":153,"column":247}}]},"38":{"loc":{"start":{"line":154,"column":4},"end":{"line":178,"column":5}},"type":"if","locations":[{"start":{"line":154,"column":4},"end":{"line":178,"column":5}},{"start":{"line":158,"column":11},"end":{"line":178,"column":5}}]},"39":{"loc":{"start":{"line":158,"column":11},"end":{"line":178,"column":5}},"type":"if","locations":[{"start":{"line":158,"column":11},"end":{"line":178,"column":5}},{"start":{"line":162,"column":11},"end":{"line":178,"column":5}}]},"40":{"loc":{"start":{"line":162,"column":11},"end":{"line":178,"column":5}},"type":"if","locations":[{"start":{"line":162,"column":11},"end":{"line":178,"column":5}},{"start":{"line":166,"column":11},"end":{"line":178,"column":5}}]},"41":{"loc":{"start":{"line":166,"column":11},"end":{"line":178,"column":5}},"type":"if","locations":[{"start":{"line":166,"column":11},"end":{"line":178,"column":5}},{"start":{"line":170,"column":11},"end":{"line":178,"column":5}}]},"42":{"loc":{"start":{"line":170,"column":11},"end":{"line":178,"column":5}},"type":"if","locations":[{"start":{"line":170,"column":11},"end":{"line":178,"column":5}},{"start":{"line":174,"column":11},"end":{"line":178,"column":5}}]},"43":{"loc":{"start":{"line":174,"column":11},"end":{"line":178,"column":5}},"type":"if","locations":[{"start":{"line":174,"column":11},"end":{"line":178,"column":5}}]},"44":{"loc":{"start":{"line":174,"column":15},"end":{"line":174,"column":61}},"type":"binary-expr","locations":[{"start":{"line":174,"column":15},"end":{"line":174,"column":35}},{"start":{"line":174,"column":39},"end":{"line":174,"column":61}}]},"45":{"loc":{"start":{"line":177,"column":19},"end":{"line":177,"column":103}},"type":"cond-expr","locations":[{"start":{"line":177,"column":44},"end":{"line":177,"column":71}},{"start":{"line":177,"column":74},"end":{"line":177,"column":103}}]},"46":{"loc":{"start":{"line":181,"column":4},"end":{"line":220,"column":5}},"type":"if","locations":[{"start":{"line":181,"column":4},"end":{"line":220,"column":5}}]},"47":{"loc":{"start":{"line":181,"column":8},"end":{"line":181,"column":72}},"type":"binary-expr","locations":[{"start":{"line":181,"column":8},"end":{"line":181,"column":45}},{"start":{"line":181,"column":49},"end":{"line":181,"column":72}}]},"48":{"loc":{"start":{"line":184,"column":6},"end":{"line":189,"column":7}},"type":"if","locations":[{"start":{"line":184,"column":6},"end":{"line":189,"column":7}}]},"49":{"loc":{"start":{"line":184,"column":10},"end":{"line":184,"column":81}},"type":"binary-expr","locations":[{"start":{"line":184,"column":10},"end":{"line":184,"column":46}},{"start":{"line":184,"column":50},"end":{"line":184,"column":81}}]},"50":{"loc":{"start":{"line":185,"column":8},"end":{"line":188,"column":9}},"type":"if","locations":[{"start":{"line":185,"column":8},"end":{"line":188,"column":9}}]},"51":{"loc":{"start":{"line":191,"column":6},"end":{"line":194,"column":7}},"type":"if","locations":[{"start":{"line":191,"column":6},"end":{"line":194,"column":7}}]},"52":{"loc":{"start":{"line":191,"column":10},"end":{"line":191,"column":84}},"type":"binary-expr","locations":[{"start":{"line":191,"column":10},"end":{"line":191,"column":44}},{"start":{"line":191,"column":48},"end":{"line":191,"column":84}}]},"53":{"loc":{"start":{"line":196,"column":6},"end":{"line":199,"column":7}},"type":"if","locations":[{"start":{"line":196,"column":6},"end":{"line":199,"column":7}}]},"54":{"loc":{"start":{"line":196,"column":10},"end":{"line":196,"column":107}},"type":"binary-expr","locations":[{"start":{"line":196,"column":10},"end":{"line":196,"column":35}},{"start":{"line":196,"column":40},"end":{"line":196,"column":68}},{"start":{"line":196,"column":72},"end":{"line":196,"column":106}}]},"55":{"loc":{"start":{"line":201,"column":6},"end":{"line":204,"column":7}},"type":"if","locations":[{"start":{"line":201,"column":6},"end":{"line":204,"column":7}}]},"56":{"loc":{"start":{"line":203,"column":8},"end":{"line":203,"column":60}},"type":"if","locations":[{"start":{"line":203,"column":8},"end":{"line":203,"column":60}}]},"57":{"loc":{"start":{"line":206,"column":6},"end":{"line":209,"column":7}},"type":"if","locations":[{"start":{"line":206,"column":6},"end":{"line":209,"column":7}}]},"58":{"loc":{"start":{"line":206,"column":10},"end":{"line":206,"column":86}},"type":"binary-expr","locations":[{"start":{"line":206,"column":10},"end":{"line":206,"column":46}},{"start":{"line":206,"column":50},"end":{"line":206,"column":86}}]},"59":{"loc":{"start":{"line":211,"column":6},"end":{"line":214,"column":7}},"type":"if","locations":[{"start":{"line":211,"column":6},"end":{"line":214,"column":7}}]},"60":{"loc":{"start":{"line":211,"column":10},"end":{"line":211,"column":59}},"type":"binary-expr","locations":[{"start":{"line":211,"column":10},"end":{"line":211,"column":41}},{"start":{"line":211,"column":45},"end":{"line":211,"column":59}}]},"61":{"loc":{"start":{"line":216,"column":6},"end":{"line":219,"column":7}},"type":"if","locations":[{"start":{"line":216,"column":6},"end":{"line":219,"column":7}}]},"62":{"loc":{"start":{"line":216,"column":10},"end":{"line":216,"column":60}},"type":"binary-expr","locations":[{"start":{"line":216,"column":10},"end":{"line":216,"column":42}},{"start":{"line":216,"column":46},"end":{"line":216,"column":60}}]},"63":{"loc":{"start":{"line":218,"column":8},"end":{"line":218,"column":60}},"type":"if","locations":[{"start":{"line":218,"column":8},"end":{"line":218,"column":60}}]},"64":{"loc":{"start":{"line":223,"column":4},"end":{"line":245,"column":5}},"type":"if","locations":[{"start":{"line":223,"column":4},"end":{"line":245,"column":5}}]},"65":{"loc":{"start":{"line":226,"column":6},"end":{"line":229,"column":7}},"type":"if","locations":[{"start":{"line":226,"column":6},"end":{"line":229,"column":7}}]},"66":{"loc":{"start":{"line":226,"column":10},"end":{"line":226,"column":108}},"type":"binary-expr","locations":[{"start":{"line":226,"column":10},"end":{"line":226,"column":38}},{"start":{"line":226,"column":42},"end":{"line":226,"column":70}},{"start":{"line":226,"column":74},"end":{"line":226,"column":108}}]},"67":{"loc":{"start":{"line":231,"column":6},"end":{"line":239,"column":7}},"type":"if","locations":[{"start":{"line":231,"column":6},"end":{"line":239,"column":7}}]},"68":{"loc":{"start":{"line":231,"column":10},"end":{"line":231,"column":123}},"type":"binary-expr","locations":[{"start":{"line":231,"column":10},"end":{"line":231,"column":40}},{"start":{"line":231,"column":44},"end":{"line":231,"column":69}},{"start":{"line":231,"column":73},"end":{"line":231,"column":102}},{"start":{"line":231,"column":106},"end":{"line":231,"column":123}}]},"69":{"loc":{"start":{"line":232,"column":8},"end":{"line":238,"column":9}},"type":"if","locations":[{"start":{"line":232,"column":8},"end":{"line":238,"column":9}},{"start":{"line":235,"column":15},"end":{"line":238,"column":9}}]},"70":{"loc":{"start":{"line":232,"column":12},"end":{"line":232,"column":69}},"type":"binary-expr","locations":[{"start":{"line":232,"column":12},"end":{"line":232,"column":24}},{"start":{"line":232,"column":28},"end":{"line":232,"column":40}},{"start":{"line":232,"column":44},"end":{"line":232,"column":69}}]},"71":{"loc":{"start":{"line":241,"column":6},"end":{"line":244,"column":7}},"type":"if","locations":[{"start":{"line":241,"column":6},"end":{"line":244,"column":7}}]},"72":{"loc":{"start":{"line":243,"column":8},"end":{"line":243,"column":63}},"type":"if","locations":[{"start":{"line":243,"column":8},"end":{"line":243,"column":63}}]},"73":{"loc":{"start":{"line":248,"column":4},"end":{"line":252,"column":5}},"type":"if","locations":[{"start":{"line":248,"column":4},"end":{"line":252,"column":5}}]},"74":{"loc":{"start":{"line":248,"column":8},"end":{"line":248,"column":80}},"type":"binary-expr","locations":[{"start":{"line":248,"column":8},"end":{"line":248,"column":39}},{"start":{"line":248,"column":43},"end":{"line":248,"column":80}}]},"75":{"loc":{"start":{"line":250,"column":6},"end":{"line":250,"column":61}},"type":"if","locations":[{"start":{"line":250,"column":6},"end":{"line":250,"column":61}}]},"76":{"loc":{"start":{"line":254,"column":4},"end":{"line":258,"column":5}},"type":"if","locations":[{"start":{"line":254,"column":4},"end":{"line":258,"column":5}}]},"77":{"loc":{"start":{"line":254,"column":8},"end":{"line":254,"column":73}},"type":"binary-expr","locations":[{"start":{"line":254,"column":8},"end":{"line":254,"column":39}},{"start":{"line":254,"column":43},"end":{"line":254,"column":73}}]},"78":{"loc":{"start":{"line":260,"column":4},"end":{"line":264,"column":5}},"type":"if","locations":[{"start":{"line":260,"column":4},"end":{"line":264,"column":5}}]},"79":{"loc":{"start":{"line":260,"column":8},"end":{"line":260,"column":134}},"type":"binary-expr","locations":[{"start":{"line":260,"column":8},"end":{"line":260,"column":34}},{"start":{"line":260,"column":39},"end":{"line":260,"column":67}},{"start":{"line":260,"column":71},"end":{"line":260,"column":99}},{"start":{"line":260,"column":103},"end":{"line":260,"column":133}}]},"80":{"loc":{"start":{"line":268,"column":4},"end":{"line":283,"column":5}},"type":"if","locations":[{"start":{"line":268,"column":4},"end":{"line":283,"column":5}}]},"81":{"loc":{"start":{"line":277,"column":6},"end":{"line":282,"column":7}},"type":"if","locations":[{"start":{"line":277,"column":6},"end":{"line":282,"column":7}}]},"82":{"loc":{"start":{"line":286,"column":4},"end":{"line":289,"column":30}},"type":"if","locations":[{"start":{"line":286,"column":4},"end":{"line":289,"column":30}},{"start":{"line":287,"column":9},"end":{"line":289,"column":30}}]},"83":{"loc":{"start":{"line":287,"column":9},"end":{"line":289,"column":30}},"type":"if","locations":[{"start":{"line":287,"column":9},"end":{"line":289,"column":30}},{"start":{"line":288,"column":9},"end":{"line":289,"column":30}}]},"84":{"loc":{"start":{"line":288,"column":9},"end":{"line":289,"column":30}},"type":"if","locations":[{"start":{"line":288,"column":9},"end":{"line":289,"column":30}},{"start":{"line":289,"column":9},"end":{"line":289,"column":30}}]},"85":{"loc":{"start":{"line":294,"column":24},"end":{"line":294,"column":87}},"type":"cond-expr","locations":[{"start":{"line":294,"column":53},"end":{"line":294,"column":83}},{"start":{"line":294,"column":86},"end":{"line":294,"column":87}}]},"86":{"loc":{"start":{"line":298,"column":22},"end":{"line":298,"column":73}},"type":"cond-expr","locations":[{"start":{"line":298,"column":40},"end":{"line":298,"column":62}},{"start":{"line":298,"column":65},"end":{"line":298,"column":73}}]},"87":{"loc":{"start":{"line":299,"column":4},"end":{"line":359,"column":5}},"type":"if","locations":[{"start":{"line":299,"column":4},"end":{"line":359,"column":5}},{"start":{"line":324,"column":11},"end":{"line":359,"column":5}}]},"88":{"loc":{"start":{"line":300,"column":28},"end":{"line":300,"column":100}},"type":"binary-expr","locations":[{"start":{"line":300,"column":28},"end":{"line":300,"column":65}},{"start":{"line":300,"column":69},"end":{"line":300,"column":100}}]},"89":{"loc":{"start":{"line":304,"column":26},"end":{"line":310,"column":49}},"type":"cond-expr","locations":[{"start":{"line":305,"column":12},"end":{"line":305,"column":55}},{"start":{"line":306,"column":12},"end":{"line":310,"column":49}}]},"90":{"loc":{"start":{"line":306,"column":12},"end":{"line":310,"column":49}},"type":"cond-expr","locations":[{"start":{"line":307,"column":14},"end":{"line":307,"column":57}},{"start":{"line":308,"column":14},"end":{"line":310,"column":49}}]},"91":{"loc":{"start":{"line":308,"column":14},"end":{"line":310,"column":49}},"type":"cond-expr","locations":[{"start":{"line":309,"column":16},"end":{"line":309,"column":67}},{"start":{"line":310,"column":16},"end":{"line":310,"column":49}}]},"92":{"loc":{"start":{"line":311,"column":24},"end":{"line":317,"column":95}},"type":"cond-expr","locations":[{"start":{"line":312,"column":12},"end":{"line":312,"column":121}},{"start":{"line":313,"column":12},"end":{"line":317,"column":95}}]},"93":{"loc":{"start":{"line":313,"column":12},"end":{"line":317,"column":95}},"type":"cond-expr","locations":[{"start":{"line":314,"column":14},"end":{"line":314,"column":157}},{"start":{"line":315,"column":14},"end":{"line":317,"column":95}}]},"94":{"loc":{"start":{"line":315,"column":14},"end":{"line":317,"column":95}},"type":"cond-expr","locations":[{"start":{"line":316,"column":16},"end":{"line":316,"column":164}},{"start":{"line":317,"column":16},"end":{"line":317,"column":95}}]},"95":{"loc":{"start":{"line":318,"column":26},"end":{"line":322,"column":79}},"type":"cond-expr","locations":[{"start":{"line":319,"column":12},"end":{"line":319,"column":129}},{"start":{"line":320,"column":12},"end":{"line":322,"column":79}}]},"96":{"loc":{"start":{"line":320,"column":12},"end":{"line":322,"column":79}},"type":"cond-expr","locations":[{"start":{"line":321,"column":14},"end":{"line":321,"column":137}},{"start":{"line":322,"column":14},"end":{"line":322,"column":79}}]},"97":{"loc":{"start":{"line":324,"column":11},"end":{"line":359,"column":5}},"type":"if","locations":[{"start":{"line":324,"column":11},"end":{"line":359,"column":5}},{"start":{"line":338,"column":11},"end":{"line":359,"column":5}}]},"98":{"loc":{"start":{"line":328,"column":26},"end":{"line":330,"column":49}},"type":"cond-expr","locations":[{"start":{"line":329,"column":12},"end":{"line":329,"column":60}},{"start":{"line":330,"column":12},"end":{"line":330,"column":49}}]},"99":{"loc":{"start":{"line":331,"column":24},"end":{"line":333,"column":95}},"type":"cond-expr","locations":[{"start":{"line":332,"column":12},"end":{"line":332,"column":160}},{"start":{"line":333,"column":12},"end":{"line":333,"column":95}}]},"100":{"loc":{"start":{"line":334,"column":26},"end":{"line":336,"column":68}},"type":"cond-expr","locations":[{"start":{"line":335,"column":12},"end":{"line":335,"column":126}},{"start":{"line":336,"column":12},"end":{"line":336,"column":68}}]},"101":{"loc":{"start":{"line":338,"column":11},"end":{"line":359,"column":5}},"type":"if","locations":[{"start":{"line":338,"column":11},"end":{"line":359,"column":5}},{"start":{"line":347,"column":11},"end":{"line":359,"column":5}}]},"102":{"loc":{"start":{"line":342,"column":24},"end":{"line":344,"column":78}},"type":"cond-expr","locations":[{"start":{"line":343,"column":12},"end":{"line":343,"column":67}},{"start":{"line":344,"column":12},"end":{"line":344,"column":78}}]},"103":{"loc":{"start":{"line":351,"column":26},"end":{"line":351,"column":107}},"type":"cond-expr","locations":[{"start":{"line":351,"column":41},"end":{"line":351,"column":77}},{"start":{"line":351,"column":80},"end":{"line":351,"column":107}}]},"104":{"loc":{"start":{"line":352,"column":24},"end":{"line":354,"column":102}},"type":"cond-expr","locations":[{"start":{"line":353,"column":12},"end":{"line":353,"column":156}},{"start":{"line":354,"column":12},"end":{"line":354,"column":102}}]},"105":{"loc":{"start":{"line":355,"column":26},"end":{"line":357,"column":42}},"type":"cond-expr","locations":[{"start":{"line":356,"column":12},"end":{"line":356,"column":107}},{"start":{"line":357,"column":12},"end":{"line":357,"column":42}}]},"106":{"loc":{"start":{"line":373,"column":14},"end":{"line":373,"column":54}},"type":"cond-expr","locations":[{"start":{"line":373,"column":27},"end":{"line":373,"column":37}},{"start":{"line":373,"column":40},"end":{"line":373,"column":54}}]},"107":{"loc":{"start":{"line":374,"column":21},"end":{"line":374,"column":84}},"type":"cond-expr","locations":[{"start":{"line":374,"column":39},"end":{"line":374,"column":63}},{"start":{"line":374,"column":66},"end":{"line":374,"column":84}}]},"108":{"loc":{"start":{"line":375,"column":29},"end":{"line":375,"column":90}},"type":"cond-expr","locations":[{"start":{"line":375,"column":57},"end":{"line":375,"column":81}},{"star
[...]
},"end":{"line":27,"column":47}},"4":{"start":{"line":30,"column":22},"end":{"line":30,"column":59}},"5":{"start":{"line":33,"column":22},"end":{"line":33,"column":79}},"6":{"start":{"line":36,"column":24},"end":{"line":36,"column":79}},"7":{"start":{"line":39,"column":29},"end":{"line":39,"column":92}},"8":{"start":{"line":46,"column":39},"end":{"line":46,"column":41}},"9":{"start":{"line":47,"column":18},"end":{"line":47,"column":22}},"10":{"start":{"line":53,"column":2},"end":{"line":66,"column":5}},"11":{"start":{"line":55,"column":23},"end":{"line":55,"column":50}},"12":{"start":{"line":56,"column":4},"end":{"line":56,"column":47}},"13":{"start":{"line":56,"column":34},"end":{"line":56,"column":47}},"14":{"start":{"line":58,"column":21},"end":{"line":58,"column":41}},"15":{"start":{"line":59,"column":4},"end":{"line":64,"column":7}},"16":{"start":{"line":65,"column":4},"end":{"line":65,"column":20}},"17":{"start":{"line":69,"column":2},"end":{"line":78,"column":5}},"18":{"start":{"line":70,"column":21},"end":{"line":70,"column":37}},"19":{"start":{"line":71,"column":4},"end":{"line":76,"column":7}},"20":{"start":{"line":77,"column":4},"end":{"line":77,"column":20}},"21":{"start":{"line":81,"column":2},"end":{"line":90,"column":5}},"22":{"start":{"line":82,"column":21},"end":{"line":82,"column":64}},"23":{"start":{"line":83,"column":4},"end":{"line":88,"column":7}},"24":{"start":{"line":89,"column":4},"end":{"line":89,"column":20}},"25":{"start":{"line":93,"column":2},"end":{"line":102,"column":5}},"26":{"start":{"line":94,"column":21},"end":{"line":94,"column":56}},"27":{"start":{"line":95,"column":4},"end":{"line":100,"column":7}},"28":{"start":{"line":101,"column":4},"end":{"line":101,"column":20}},"29":{"start":{"line":105,"column":2},"end":{"line":115,"column":5}},"30":{"start":{"line":106,"column":18},"end":{"line":106,"column":34}},"31":{"start":{"line":107,"column":21},"end":{"line":107,"column":60}},"32":{"start":{"line":108,"column":4},"end":{"line":113,"column":7}},"33":{"start":{"line":114,"column":4},"end":{"line":114,"column":20}},"34":{"start":{"line":118,"column":2},"end":{"line":128,"column":5}},"35":{"start":{"line":119,"column":24},"end":{"line":119,"column":47}},"36":{"start":{"line":120,"column":21},"end":{"line":120,"column":47}},"37":{"start":{"line":121,"column":4},"end":{"line":126,"column":7}},"38":{"start":{"line":127,"column":4},"end":{"line":127,"column":20}},"39":{"start":{"line":130,"column":2},"end":{"line":134,"column":4}},"40":{"start":{"line":142,"column":2},"end":{"line":142,"column":42}}},"fnMap":{"0":{"name":"sanitizeText","decl":{"start":{"line":45,"column":16},"end":{"line":45,"column":28}},"loc":{"start":{"line":45,"column":41},"end":{"line":135,"column":1}}},"1":{"name":"(anonymous_1)","decl":{"start":{"line":53,"column":49},"end":{"line":53,"column":50}},"loc":{"start":{"line":53,"column":76},"end":{"line":66,"column":3}}},"2":{"name":"(anonymous_2)","decl":{"start":{"line":69,"column":45},"end":{"line":69,"column":46}},"loc":{"start":{"line":69,"column":69},"end":{"line":78,"column":3}}},"3":{"name":"(anonymous_3)","decl":{"start":{"line":81,"column":54},"end":{"line":81,"column":55}},"loc":{"start":{"line":81,"column":80},"end":{"line":90,"column":3}}},"4":{"name":"(anonymous_4)","decl":{"start":{"line":93,"column":49},"end":{"line":93,"column":50}},"loc":{"start":{"line":93,"column":75},"end":{"line":102,"column":3}}},"5":{"name":"(anonymous_5)","decl":{"start":{"line":105,"column":47},"end":{"line":105,"column":48}},"loc":{"start":{"line":105,"column":73},"end":{"line":115,"column":3}}},"6":{"name":"(anonymous_6)","decl":{"start":{"line":118,"column":47},"end":{"line":118,"column":48}},"loc":{"start":{"line":118,"column":80},"end":{"line":128,"column":3}}},"7":{"name":"sanitizeEvidenceData","decl":{"start":{"line":141,"column":16},"end":{"line":141,"column":36}},"loc":{"start":{"line":141,"column":49},"end":{"line":143,"column":1}}}},"branchMap":{"0":{"loc":{"start":{"line":56,"column":4},"end":{"line":56,"column":47}},"type":"if","locations":[{"start":{"line":56,"column":4},"end":{"line":56,"column":47}}]}},"s":{"0":10,"1":10,"2":10,"3":10,"4":10,"5":10,"6":10,"7":10,"8":59,"9":59,"10":59,"11":3,"12":3,"13":0,"14":3,"15":3,"16":3,"17":59,"18":3,"19":3,"20":3,"21":59,"22":2,"23":2,"24":2,"25":59,"26":3,"27":3,"28":3,"29":59,"30":7,"31":7,"32":7,"33":7,"34":59,"35":4,"36":4,"37":4,"38":4,"39":59,"40":1},"f":{"0":59,"1":3,"2":3,"3":2,"4":3,"5":7,"6":4,"7":1},"b":{"0":[0]}}
,"/app/backend/src/services/extractors/tradingFraudExtractor.ts": {"path":"/app/backend/src/services/extractors/tradingFraudExtractor.ts","statementMap":{"0":{"start":{"line":117,"column":0},"end":{"line":117,"column":16}},"1":{"start":{"line":36,"column":27},"end":{"line":41,"column":2}},"2":{"start":{"line":44,"column":31},"end":{"line":48,"column":2}},"3":{"start":{"line":51,"column":22},"end":{"line":55,"column":2}},"4":{"start":{"line":58,"column":32},"end":{"line":63,"column":2}},"5":{"start":{"line":66,"column":35},"end":{"line":73,"column":2}},"6":{"start":{"line":76,"column":26},"end":{"line":82,"column":2}},"7":{"start":{"line":85,"column":23},"end":{"line":92,"column":2}},"8":{"start":{"line":95,"column":27},"end":{"line":101,"column":2}},"9":{"start":{"line":104,"column":30},"end":{"line":108,"column":2}},"10":{"start":{"line":111,"column":33},"end":{"line":115,"column":2}},"11":{"start":{"line":118,"column":39},"end":{"line":135,"column":4}},"12":{"start":{"line":137,"column":20},"end":{"line":137,"column":38}},"13":{"start":{"line":140,"column":2},"end":{"line":146,"column":3}},"14":{"start":{"line":141,"column":4},"end":{"line":145,"column":5}},"15":{"start":{"line":142,"column":6},"end":{"line":142,"column":35}},"16":{"start":{"line":143,"column":6},"end":{"line":143,"column":53}},"17":{"start":{"line":144,"column":6},"end":{"line":144,"column":12}},"18":{"start":{"line":149,"column":2},"end":{"line":160,"column":3}},"19":{"start":{"line":150,"column":4},"end":{"line":159,"column":5}},"20":{"start":{"line":152,"column":35},"end":{"line":152,"column":146}},"21":{"start":{"line":153,"column":6},"end":{"line":157,"column":7}},"22":{"start":{"line":154,"column":8},"end":{"line":154,"column":43}},"23":{"start":{"line":155,"column":8},"end":{"line":155,"column":49}},"24":{"start":{"line":156,"column":8},"end":{"line":156,"column":62}},"25":{"start":{"line":158,"column":6},"end":{"line":158,"column":12}},"26":{"start":{"line":163,"column":2},"end":{"line":173,"column":3}},"27":{"start":{"line":164,"column":4},"end":{"line":172,"column":5}},"28":{"start":{"line":165,"column":22},"end":{"line":165,"column":53}},"29":{"start":{"line":166,"column":26},"end":{"line":166,"column":97}},"30":{"start":{"line":167,"column":6},"end":{"line":171,"column":7}},"31":{"start":{"line":168,"column":8},"end":{"line":168,"column":37}},"32":{"start":{"line":169,"column":8},"end":{"line":169,"column":56}},"33":{"start":{"line":170,"column":8},"end":{"line":170,"column":14}},"34":{"start":{"line":176,"column":2},"end":{"line":183,"column":3}},"35":{"start":{"line":177,"column":18},"end":{"line":177,"column":37}},"36":{"start":{"line":178,"column":4},"end":{"line":182,"column":5}},"37":{"start":{"line":179,"column":6},"end":{"line":179,"column":41}},"38":{"start":{"line":180,"column":6},"end":{"line":180,"column":53}},"39":{"start":{"line":181,"column":6},"end":{"line":181,"column":60}},"40":{"start":{"line":186,"column":2},"end":{"line":194,"column":3}},"41":{"start":{"line":187,"column":18},"end":{"line":187,"column":37}},"42":{"start":{"line":188,"column":4},"end":{"line":193,"column":5}},"43":{"start":{"line":189,"column":6},"end":{"line":189,"column":43}},"44":{"start":{"line":190,"column":6},"end":{"line":190,"column":50}},"45":{"start":{"line":191,"column":6},"end":{"line":191,"column":62}},"46":{"start":{"line":192,"column":6},"end":{"line":192,"column":12}},"47":{"start":{"line":197,"column":2},"end":{"line":203,"column":3}},"48":{"start":{"line":198,"column":4},"end":{"line":202,"column":5}},"49":{"start":{"line":199,"column":6},"end":{"line":199,"column":38}},"50":{"start":{"line":200,"column":6},"end":{"line":200,"column":57}},"51":{"start":{"line":201,"column":6},"end":{"line":201,"column":12}},"52":{"start":{"line":206,"column":2},"end":{"line":212,"column":3}},"53":{"start":{"line":207,"column":4},"end":{"line":211,"column":5}},"54":{"start":{"line":208,"column":6},"end":{"line":208,"column":43}},"55":{"start":{"line":209,"column":6},"end":{"line":209,"column":62}},"56":{"start":{"line":210,"column":6},"end":{"line":210,"column":12}},"57":{"start":{"line":215,"column":2},"end":{"line":221,"column":3}},"58":{"start":{"line":216,"column":4},"end":{"line":220,"column":5}},"59":{"start":{"line":217,"column":6},"end":{"line":217,"column":37}},"60":{"start":{"line":218,"column":6},"end":{"line":218,"column":56}},"61":{"start":{"line":219,"column":6},"end":{"line":219,"column":12}},"62":{"start":{"line":224,"column":2},"end":{"line":230,"column":3}},"63":{"start":{"line":225,"column":4},"end":{"line":229,"column":5}},"64":{"start":{"line":226,"column":6},"end":{"line":226,"column":32}},"65":{"start":{"line":227,"column":6},"end":{"line":227,"column":51}},"66":{"start":{"line":228,"column":6},"end":{"line":228,"column":12}},"67":{"start":{"line":233,"column":2},"end":{"line":241,"column":3}},"68":{"start":{"line":234,"column":18},"end":{"line":234,"column":37}},"69":{"start":{"line":235,"column":4},"end":{"line":240,"column":5}},"70":{"start":{"line":236,"column":6},"end":{"line":236,"column":43}},"71":{"start":{"line":237,"column":6},"end":{"line":237,"column":50}},"72":{"start":{"line":238,"column":6},"end":{"line":238,"column":62}},"73":{"start":{"line":239,"column":6},"end":{"line":239,"column":12}},"74":{"start":{"line":244,"column":25},"end":{"line":255,"column":4}},"75":{"start":{"line":257,"column":2},"end":{"line":257,"column":62}},"76":{"start":{"line":258,"column":2},"end":{"line":258,"column":59}},"77":{"start":{"line":260,"column":2},"end":{"line":260,"column":17}}},"fnMap":{"0":{"name":"extractTradingFraudSignals","decl":{"start":{"line":117,"column":16},"end":{"line":117,"column":42}},"loc":{"start":{"line":117,"column":55},"end":{"line":261,"column":1}}}},"branchMap":{"0":{"loc":{"start":{"line":141,"column":4},"end":{"line":145,"column":5}},"type":"if","locations":[{"start":{"line":141,"column":4},"end":{"line":145,"column":5}}]},"1":{"loc":{"start":{"line":150,"column":4},"end":{"line":159,"column":5}},"type":"if","locations":[{"start":{"line":150,"column":4},"end":{"line":159,"column":5}}]},"2":{"loc":{"start":{"line":153,"column":6},"end":{"line":157,"column":7}},"type":"if","locations":[{"start":{"line":153,"column":6},"end":{"line":157,"column":7}}]},"3":{"loc":{"start":{"line":164,"column":4},"end":{"line":172,"column":5}},"type":"if","locations":[{"start":{"line":164,"column":4},"end":{"line":172,"column":5}}]},"4":{"loc":{"start":{"line":167,"column":6},"end":{"line":171,"column":7}},"type":"if","locations":[{"start":{"line":167,"column":6},"end":{"line":171,"column":7}}]},"5":{"loc":{"start":{"line":167,"column":10},"end":{"line":167,"column":32}},"type":"binary-expr","locations":[{"start":{"line":167,"column":10},"end":{"line":167,"column":17}},{"start":{"line":167,"column":21},"end":{"line":167,"column":32}}]},"6":{"loc":{"start":{"line":178,"column":4},"end":{"line":182,"column":5}},"type":"if","locations":[{"start":{"line":178,"column":4},"end":{"line":182,"column":5}}]},"7":{"loc":{"start":{"line":188,"column":4},"end":{"line":193,"column":5}},"type":"if","locations":[{"start":{"line":188,"column":4},"end":{"line":193,"column":5}}]},"8":{"loc":{"start":{"line":198,"column":4},"end":{"line":202,"column":5}},"type":"if","locations":[{"start":{"line":198,"column":4},"end":{"line":202,"column":5}}]},"9":{"loc":{"start":{"line":207,"column":4},"end":{"line":211,"column":5}},"type":"if","locations":[{"start":{"line":207,"column":4},"end":{"line":211,"column":5}}]},"10":{"loc":{"start":{"line":216,"column":4},"end":{"line":220,"column":5}},"type":"if","locations":[{"start":{"line":216,"column":4},"end":{"line":220,"column":5}}]},"11":{"loc":{"start":{"line":225,"column":4},"end":{"line":229,"column":5}},"type":"if","locations":[{"start":{"line":225,"column":4},"end":{"line":229,"column":5}}]},"12":{"loc":{"start":{"line":235,"column":4},"end":{"line":240,"column":5}},"type":"if","locations":[{"start":{"line":235,"column":4},"end":{"line":240,"column":5}}]}},"s":{"0":10,"1":10,"2":10,"3":10,"4":10,"5":10,"6":10,"7":10,"8":10,"9":10,"10":10,"11":59,"12":59,"13":59,"14":173,"15":2,"16":2,"17":2,"18":59,"19":945,"20":4,"21":4,"22":4,"23":4,"24":4,"25":4,"26":59,"27":525,"28":1,"29":1,"30":1,"31":1,"32":1,"33":1,"34":59,"35":236,"36":236,"37":3,"38":3,"39":3,"40":59,"41":312,"42":312,"43":10,"44":10,"45":10,"46":10,"47":59,"48":285,"49":3,"50":3,"51":3,"52":59,"53":344,"54":3,"55":3,"56":3,"57":59,"58":263,"59":8,"60":8,"61":8,"62":59,"63":169,"64":5,"65":5,"66":5,"67":59,"68":171,"69":171,"70":3,"71":3,"72":3,"73":3,"74":59,"75":59,"76":59,"77":59},"f":{"0":59},"b":{"0":[2],"1":[4],"2":[4],"3":[1],"4":[1],"5":[1,0],"6":[3],"7":[10],"8":[3],"9":[3],"10":[8],"11":[5],"12":[3]}}
,"/app/backend/src/services/extractors/upiFraudExtractor.ts": {"path":"/app/backend/src/services/extractors/upiFraudExtractor.ts","statementMap":{"0":{"start":{"line":82,"column":0},"end":{"line":82,"column":16}},"1":{"start":{"line":27,"column":29},"end":{"line":31,"column":2}},"2":{"start":{"line":34,"column":33},"end":{"line":38,"column":2}},"3":{"start":{"line":41,"column":32},"end":{"line":46,"column":2}},"4":{"start":{"line":49,"column":29},"end":{"line":54,"column":2}},"5":{"start":{"line":57,"column":33},"end":{"line":61,"column":2}},"6":{"start":{"line":64,"column":27},"end":{"line":67,"column":2}},"7":{"start":{"line":70,"column":34},"end":{"line":74,"column":2}},"8":{"start":{"line":77,"column":20},"end":{"line":80,"column":2}},"9":{"start":{"line":83,"column":35},"end":{"line":95,"column":4}},"10":{"start":{"line":97,"column":2},"end":{"line":100,"column":3}},"11":{"start":{"line":97,"column":37},"end":{"line":97,"column":49}},"12":{"start":{"line":98,"column":4},"end":{"line":98,"column":39}},"13":{"start":{"line":99,"column":4},"end":{"line":99,"column":58}},"14":{"start":{"line":102,"column":2},"end":{"line":105,"column":3}},"15":{"start":{"line":102,"column":41},"end":{"line":102,"column":53}},"16":{"start":{"line":103,"column":4},"end":{"line":103,"column":37}},"17":{"start":{"line":104,"column":4},"end":{"line":104,"column":57}},"18":{"start":{"line":107,"column":2},"end":{"line":110,"column":3}},"19":{"start":{"line":107,"column":40},"end":{"line":107,"column":52}},"20":{"start":{"line":108,"column":4},"end":{"line":108,"column":37}},"21":{"start":{"line":109,"column":4},"end":{"line":109,"column":56}},"22":{"start":{"line":112,"column":2},"end":{"line":115,"column":3}},"23":{"start":{"line":112,"column":37},"end":{"line":112,"column":49}},"24":{"start":{"line":113,"column":4},"end":{"line":113,"column":34}},"25":{"start":{"line":114,"column":4},"end":{"line":114,"column":53}},"26":{"start":{"line":117,"column":2},"end":{"line":120,"column":3}},"27":{"start":{"line":117,"column":41},"end":{"line":117,"column":53}},"28":{"start":{"line":118,"column":4},"end":{"line":118,"column":38}},"29":{"start":{"line":119,"column":4},"end":{"line":119,"column":59}},"30":{"start":{"line":122,"column":2},"end":{"line":125,"column":3}},"31":{"start":{"line":122,"column":35},"end":{"line":122,"column":47}},"32":{"start":{"line":123,"column":4},"end":{"line":123,"column":39}},"33":{"start":{"line":124,"column":4},"end":{"line":124,"column":60}},"34":{"start":{"line":127,"column":2},"end":{"line":130,"column":3}},"35":{"start":{"line":127,"column":42},"end":{"line":127,"column":54}},"36":{"start":{"line":128,"column":4},"end":{"line":128,"column":43}},"37":{"start":{"line":129,"column":4},"end":{"line":129,"column":63}},"38":{"start":{"line":132,"column":2},"end":{"line":135,"column":3}},"39":{"start":{"line":132,"column":28},"end":{"line":132,"column":40}},"40":{"start":{"line":133,"column":4},"end":{"line":133,"column":26}},"41":{"start":{"line":134,"column":4},"end":{"line":134,"column":58}},"42":{"start":{"line":137,"column":25},"end":{"line":146,"column":4}},"43":{"start":{"line":148,"column":2},"end":{"line":148,"column":62}},"44":{"start":{"line":149,"column":2},"end":{"line":149,"column":55}},"45":{"start":{"line":151,"column":2},"end":{"line":151,"column":17}}},"fnMap":{"0":{"name":"extractUpiFraudSignals","decl":{"start":{"line":82,"column":16},"end":{"line":82,"column":38}},"loc":{"start":{"line":82,"column":51},"end":{"line":152,"column":1}}},"1":{"name":"(anonymous_1)","decl":{"start":{"line":97,"column":32},"end":{"line":97,"column":33}},"loc":{"start":{"line":97,"column":37},"end":{"line":97,"column":49}}},"2":{"name":"(anonymous_2)","decl":{"start":{"line":102,"column":36},"end":{"line":102,"column":37}},"loc":{"start":{"line":102,"column":41},"end":{"line":102,"column":53}}},"3":{"name":"(anonymous_3)","decl":{"start":{"line":107,"column":35},"end":{"line":107,"column":36}},"loc":{"start":{"line":107,"column":40},"end":{"line":107,"column":52}}},"4":{"name":"(anonymous_4)","decl":{"start":{"line":112,"column":32},"end":{"line":112,"column":33}},"loc":{"start":{"line":112,"column":37},"end":{"line":112,"column":49}}},"5":{"name":"(anonymous_5)","decl":{"start":{"line":117,"column":36},"end":{"line":117,"column":37}},"loc":{"start":{"line":117,"column":41},"end":{"line":117,"column":53}}},"6":{"name":"(anonymous_6)","decl":{"start":{"line":122,"column":30},"end":{"line":122,"column":31}},"loc":{"start":{"line":122,"column":35},"end":{"line":122,"column":47}}},"7":{"name":"(anonymous_7)","decl":{"start":{"line":127,"column":37},"end":{"line":127,"column":38}},"loc":{"start":{"line":127,"column":42},"end":{"line":127,"column":54}}},"8":{"name":"(anonymous_8)","decl":{"start":{"line":132,"column":23},"end":{"line":132,"column":24}},"loc":{"start":{"line":132,"column":28},"end":{"line":132,"column":40}}}},"branchMap":{"0":{"loc":{"start":{"line":97,"column":2},"end":{"line":100,"column":3}},"type":"if","locations":[{"start":{"line":97,"column":2},"end":{"line":100,"column":3}}]},"1":{"loc":{"start":{"line":102,"column":2},"end":{"line":105,"column":3}},"type":"if","locations":[{"start":{"line":102,"column":2},"end":{"line":105,"column":3}}]},"2":{"loc":{"start":{"line":107,"column":2},"end":{"line":110,"column":3}},"type":"if","locations":[{"start":{"line":107,"column":2},"end":{"line":110,"column":3}}]},"3":{"loc":{"start":{"line":112,"column":2},"end":{"line":115,"column":3}},"type":"if","locations":[{"start":{"line":112,"column":2},"end":{"line":115,"column":3}}]},"4":{"loc":{"start":{"line":117,"column":2},"end":{"line":120,"column":3}},"type":"if","locations":[{"start":{"line":117,"column":2},"end":{"line":120,"column":3}}]},"5":{"loc":{"start":{"line":122,"column":2},"end":{"line":125,"column":3}},"type":"if","locations":[{"start":{"line":122,"column":2},"end":{"line":125,"column":3}}]},"6":{"loc":{"start":{"line":127,"column":2},"end":{"line":130,"column":3}},"type":"if","locations":[{"start":{"line":127,"column":2},"end":{"line":130,"column":3}}]},"7":{"loc":{"start":{"line":132,"column":2},"end":{"line":135,"column":3}},"type":"if","locations":[{"start":{"line":132,"column":2},"end":{"line":135,"column":3}}]}},"s":{"0":9,"1":9,"2":9,"3":9,"4":9,"5":9,"6":9,"7":9,"8":9,"9":47,"10":47,"11":133,"12":4,"13":4,"14":47,"15":141,"16":1,"17":1,"18":47,"19":176,"20":4,"21":4,"22":47,"23":182,"24":2,"25":2,"26":47,"27":139,"28":1,"29":1,"30":47,"31":94,"32":1,"33":1,"34":47,"35":141,"36":0,"37":0,"38":47,"39":94,"40":0,"41":0,"42":47,"43":47,"44":47,"45":47},"f":{"0":47,"1":133,"2":141,"3":176,"4":182,"5":139,"6":94,"7":141,"8":94},"b":{"0":[4],"1":[1],"2":[4],"3":[2],"4":[1],"5":[1],"6":[0],"7":[0]}}
}
