TN:
SF:src/app.ts
FN:8,(anonymous_1)
FN:25,(anonymous_2)
FNF:2
FNH:2
FNDA:57,(anonymous_1)
FNDA:1,(anonymous_2)
DA:1,6
DA:2,6
DA:3,6
DA:5,6
DA:8,6
DA:9,57
DA:10,57
DA:11,57
DA:12,57
DA:13,57
DA:14,0
DA:16,57
DA:19,6
DA:21,6
DA:22,6
DA:25,6
DA:26,1
DA:30,6
DA:33,6
DA:35,6
LF:20
LH:19
BRDA:13,0,0,0
BRF:1
BRH:0
end_of_record
TN:
SF:src/controllers/incidentController.ts
FN:5,(anonymous_0)
FNF:1
FNH:1
FNDA:9,(anonymous_0)
DA:2,7
DA:5,7
DA:6,9
DA:7,9
DA:9,9
DA:10,1
DA:14,1
DA:17,8
DA:19,8
DA:24,0
DA:25,0
LF:11
LH:9
BRDA:9,0,0,1
BRDA:9,1,0,9
BRDA:9,1,1,9
BRF:3
BRH:3
end_of_record
TN:
SF:src/controllers/intelController.ts
FN:4,(anonymous_0)
FN:12,(anonymous_1)
FN:25,(anonymous_2)
FN:33,(anonymous_3)
FNF:4
FNH:4
FNDA:1,(anonymous_0)
FNDA:5,(anonymous_1)
FNDA:2,(anonymous_2)
FNDA:10,(anonymous_3)
DA:2,7
DA:4,7
DA:5,1
DA:6,1
DA:7,1
DA:9,1
DA:12,5
DA:21,0
DA:25,7
DA:26,2
DA:27,2
DA:28,2
DA:30,2
DA:33,10
DA:43,0
LF:15
LH:13
BRDA:6,0,0,1
BRDA:6,0,1,0
BRDA:27,1,0,2
BRDA:27,1,1,0
BRF:4
BRH:2
end_of_record
TN:
SF:src/controllers/reportController.ts
FN:6,(anonymous_0)
FN:18,(anonymous_1)
FNF:2
FNH:2
FNDA:2,(anonymous_0)
FNDA:1,(anonymous_1)
DA:3,7
DA:4,7
DA:6,7
DA:7,2
DA:8,2
DA:11,2
DA:12,1
DA:16,2
DA:17,1
DA:18,1
DA:22,2
DA:24,2
DA:29,0
LF:13
LH:12
BRDA:11,0,0,1
BRDA:16,1,0,1
BRDA:16,2,0,2
BRDA:16,2,1,1
BRF:4
BRH:4
end_of_record
TN:
SF:src/controllers/scanController.ts
FN:10,(anonymous_0)
FN:25,(anonymous_1)
FN:26,(anonymous_2)
FN:42,(anonymous_3)
FNF:4
FNH:3
FNDA:39,(anonymous_0)
FNDA:38,(anonymous_1)
FNDA:0,(anonymous_2)
FNDA:160,(anonymous_3)
DA:2,7
DA:5,7
DA:8,7
DA:10,7
DA:11,39
DA:12,39
DA:15,39
DA:16,1
DA:23,38
DA:25,38
DA:26,38
DA:30,38
DA:31,38
DA:36,38
DA:40,38
DA:42,160
DA:46,38
DA:47,38
DA:49,0
LF:19
LH:18
BRDA:15,0,0,1
BRDA:40,1,0,38
BRDA:40,1,1,0
BRDA:40,2,0,38
BRDA:40,2,1,38
BRDA:42,3,0,160
BRDA:42,3,1,22
BRDA:46,4,0,0
BRDA:46,4,1,38
BRF:9
BRH:7
end_of_record
TN:
SF:src/middleware/errorHandler.ts
FN:4,(anonymous_0)
FNF:1
FNH:1
FNDA:1,(anonymous_0)
DA:4,6
DA:11,1
DA:12,1
DA:16,1
DA:19,0
DA:20,0
DA:21,0
DA:27,0
DA:28,0
DA:35,0
DA:37,0
DA:42,0
LF:12
LH:4
BRDA:11,0,0,1
BRDA:11,1,0,1
BRDA:11,1,1,1
BRDA:11,1,2,1
BRDA:11,1,3,1
BRDA:19,2,0,0
BRDA:20,3,0,0
BRDA:27,4,0,0
BRDA:27,5,0,0
BRDA:27,5,1,0
BRF:10
BRH:5
end_of_record
TN:
SF:src/middleware/rateLimiter.ts
FN:12,(anonymous_0)
FN:40,(anonymous_1)
FNF:2
FNH:2
FNDA:3,(anonymous_0)
FNDA:50,(anonymous_1)
DA:8,7
DA:9,7
DA:10,7
DA:12,7
DA:13,3
DA:14,3
DA:16,3
DA:17,3
DA:18,1
DA:19,1
DA:20,1
DA:23,2
DA:24,2
DA:25,0
DA:30,0
DA:33,2
DA:36,7
DA:37,7
DA:38,7
DA:40,7
DA:41,50
DA:42,50
DA:44,50
DA:45,50
DA:46,6
DA:47,6
DA:48,6
DA:51,44
DA:52,44
DA:53,0
DA:58,0
DA:61,44
LF:32
LH:28
BRDA:13,0,0,3
BRDA:13,0,1,0
BRDA:13,0,2,0
BRDA:17,1,0,1
BRDA:17,2,0,3
BRDA:17,2,1,2
BRDA:24,3,0,0
BRDA:41,4,0,50
BRDA:41,4,1,0
BRDA:41,4,2,0
BRDA:45,5,0,6
BRDA:45,6,0,50
BRDA:45,6,1,44
BRDA:52,7,0,0
BRF:14
BRH:8
end_of_record
TN:
SF:src/middleware/validator.ts
FN:12,(anonymous_1)
FN:29,(anonymous_2)
FN:30,(anonymous_3)
FN:43,(anonymous_4)
FN:55,(anonymous_5)
FN:56,(anonymous_6)
FN:67,(anonymous_7)
FN:75,(anonymous_8)
FNF:8
FNH:7
FNDA:84,(anonymous_1)
FNDA:14,(anonymous_2)
FNDA:44,(anonymous_3)
FNDA:8,(anonymous_4)
FNDA:7,(anonymous_5)
FNDA:39,(anonymous_6)
FNDA:39,(anonymous_7)
FNDA:0,(anonymous_8)
DA:1,7
DA:2,7
DA:4,7
DA:5,7
DA:7,7
DA:8,7
DA:11,7
DA:12,84
DA:14,7
DA:15,84
DA:16,84
DA:18,84
DA:19,56
DA:21,84
DA:23,84
DA:24,84
DA:26,84
DA:29,7
DA:30,14
DA:31,44
DA:33,44
DA:34,0
DA:40,44
DA:42,44
DA:43,8
DA:44,3
DA:51,41
DA:55,7
DA:56,7
DA:57,39
DA:59,39
DA:60,0
DA:66,39
DA:67,39
DA:69,39
DA:70,1
DA:73,38
DA:74,38
DA:75,0
DA:76,0
DA:77,0
DA:78,0
DA:84,38
DA:87,39
LF:44
LH:38
BRDA:18,0,0,56
BRDA:23,1,0,84
BRDA:33,2,0,0
BRDA:42,3,0,3
BRDA:59,4,0,0
BRDA:69,5,0,1
BRDA:74,6,0,0
BRF:7
BRH:4
end_of_record
TN:
SF:src/routes/api.ts
FN:13,(anonymous_0)
FN:35,(anonymous_1)
FNF:2
FNH:1
FNDA:1,(anonymous_0)
FNDA:0,(anonymous_1)
DA:1,7
DA:2,7
DA:3,7
DA:4,7
DA:5,7
DA:6,7
DA:7,7
DA:8,7
DA:10,7
DA:13,7
DA:14,1
DA:26,7
DA:29,7
DA:32,7
DA:35,7
DA:36,0
DA:37,0
DA:38,0
DA:42,0
DA:45,0
DA:53,0
DA:62,7
DA:63,7
DA:65,7
LF:24
LH:18
BRDA:37,0,0,0
BRDA:37,1,0,0
BRDA:37,1,1,0
BRDA:37,1,2,0
BRF:4
BRH:0
end_of_record
TN:
SF:src/services/analyzer.ts
FN:30,(anonymous_0)
FN:69,(anonymous_1)
FN:90,(anonymous_2)
FN:279,(anonymous_3)
FNF:4
FNH:3
FNDA:41,(anonymous_0)
FNDA:410,(anonymous_1)
FNDA:41,(anonymous_2)
FNDA:0,(anonymous_3)
DA:1,8
DA:12,8
DA:13,8
DA:14,8
DA:15,8
DA:16,8
DA:17,8
DA:29,8
DA:31,41
DA:32,41
DA:39,41
DA:40,41
DA:41,9
DA:42,9
DA:43,9
DA:44,9
DA:47,32
DA:48,32
DA:49,1
DA:54,41
DA:55,41
DA:56,1
DA:60,41
DA:61,33
DA:62,33
DA:63,6
DA:68,41
DA:69,41
DA:70,410
DA:71,26
DA:75,41
DA:76,3
DA:79,41
DA:80,9
DA:83,41
DA:91,41
DA:92,41
DA:93,41
DA:94,41
DA:96,41
DA:97,41
DA:98,41
DA:101,41
DA:102,41
DA:103,41
DA:104,29
DA:105,25
DA:106,12
DA:107,12
DA:109,41
DA:111,41
DA:112,41
DA:113,41
DA:114,41
DA:115,41
DA:116,41
DA:119,41
DA:122,41
DA:125,41
DA:126,41
DA:127,41
DA:128,41
DA:131,41
DA:133,41
DA:134,41
DA:135,41
DA:136,41
DA:138,41
DA:139,8
DA:140,8
DA:141,8
DA:144,41
DA:145,8
DA:148,41
DA:149,41
DA:150,41
DA:153,41
DA:154,41
DA:155,1
DA:156,1
DA:157,1
DA:158,40
DA:159,5
DA:160,5
DA:161,5
DA:162,35
DA:163,2
DA:164,2
DA:165,2
DA:166,33
DA:167,1
DA:168,1
DA:169,1
DA:170,32
DA:171,13
DA:172,13
DA:173,13
DA:174,19
DA:175,2
DA:176,2
DA:177,2
DA:181,41
DA:182,8
DA:184,8
DA:185,4
DA:186,4
DA:187,4
DA:191,8
DA:192,1
DA:193,1
DA:196,8
DA:197,1
DA:198,1
DA:201,8
DA:202,4
DA:203,4
DA:206,8
DA:207,0
DA:208,0
DA:211,8
DA:212,0
DA:213,0
DA:216,8
DA:217,0
DA:218,0
DA:223,41
DA:224,8
DA:226,8
DA:227,3
DA:228,3
DA:231,8
DA:232,4
DA:233,1
DA:234,1
DA:236,3
DA:237,3
DA:241,8
DA:242,1
DA:243,1
DA:248,41
DA:249,4
DA:250,4
DA:251,4
DA:254,41
DA:255,1
DA:256,1
DA:257,1
DA:260,41
DA:261,2
DA:262,2
DA:263,2
DA:267,41
DA:268,41
DA:269,6
DA:270,6
DA:277,6
DA:278,0
DA:279,0
DA:280,0
DA:281,0
DA:286,41
DA:287,19
DA:288,17
DA:289,13
DA:292,41
DA:293,41
DA:294,41
DA:295,41
DA:298,41
DA:299,41
DA:300,22
DA:301,22
DA:302,22
DA:324,19
DA:325,2
DA:326,2
DA:338,17
DA:339,4
DA:348,13
DA:349,13
DA:361,41
DA:372,41
DA:385,41
DA:406,41
DA:411,41
DA:412,41
DA:413,28
DA:414,28
DA:415,28
DA:416,28
DA:417,28
DA:418,28
DA:419,28
DA:420,28
DA:421,28
DA:422,28
DA:423,28
DA:424,28
DA:425,28
DA:426,28
DA:427,28
DA:428,28
DA:429,28
DA:431,28
DA:432,8
DA:433,8
DA:434,8
DA:435,8
DA:437,8
DA:438,1
DA:439,1
DA:440,1
DA:441,1
DA:442,1
DA:443,1
DA:444,1
DA:445,1
DA:446,7
DA:447,5
DA:448,5
DA:449,5
DA:450,5
DA:451,5
DA:452,5
DA:453,5
DA:454,5
DA:456,8
DA:457,8
DA:458,8
DA:459,20
DA:460,8
DA:461,3
DA:462,3
DA:463,3
DA:464,3
DA:465,3
DA:466,3
DA:467,3
DA:468,3
DA:469,3
DA:470,3
DA:471,3
DA:472,3
DA:473,3
DA:474,3
DA:475,3
DA:476,5
DA:477,3
DA:478,3
DA:479,3
DA:480,3
DA:481,3
DA:482,3
DA:483,3
DA:484,3
DA:485,3
DA:486,3
DA:487,3
DA:488,3
DA:489,3
DA:490,3
DA:491,3
DA:492,2
DA:493,0
DA:494,0
DA:495,0
DA:496,0
DA:497,0
DA:498,0
DA:499,0
DA:500,0
DA:501,0
DA:502,0
DA:503,0
DA:504,0
DA:505,0
DA:506,0
DA:507,0
DA:508,2
DA:509,0
DA:510,0
DA:511,0
DA:512,0
DA:513,0
DA:514,0
DA:515,0
DA:516,0
DA:517,0
DA:518,0
DA:519,0
DA:520,0
DA:521,0
DA:522,0
DA:523,0
DA:525,2
DA:526,2
DA:527,2
DA:528,2
DA:529,0
DA:530,0
DA:531,0
DA:532,0
DA:533,0
DA:534,0
DA:535,0
DA:536,0
DA:538,2
DA:539,2
DA:540,2
DA:541,2
DA:542,2
DA:543,2
DA:544,2
DA:545,2
DA:547,2
DA:548,2
DA:549,2
DA:550,2
DA:552,12
DA:553,5
DA:554,5
DA:555,5
DA:556,5
DA:557,5
DA:558,5
DA:559,5
DA:560,5
DA:561,5
DA:562,5
DA:563,5
DA:564,5
DA:565,5
DA:566,5
DA:567,5
DA:568,7
DA:569,1
DA:570,1
DA:571,1
DA:572,1
DA:573,1
DA:574,1
DA:575,1
DA:576,1
DA:577,1
DA:578,1
DA:579,1
DA:580,1
DA:581,1
DA:582,1
DA:583,1
DA:586,28
DA:609,41
LF:352
LH:304
BRDA:40,0,0,9
BRDA:40,0,1,32
BRDA:42,1,0,9
BRDA:42,1,1,0
BRDA:44,2,0,8
BRDA:48,3,0,1
BRDA:55,4,0,1
BRDA:60,5,0,33
BRDA:62,6,0,6
BRDA:70,7,0,26
BRDA:75,8,0,3
BRDA:75,9,0,41
BRDA:75,9,1,6
BRDA:79,10,0,9
BRDA:79,11,0,41
BRDA:79,11,1,38
BRDA:101,12,0,41
BRDA:101,12,1,10
BRDA:103,13,0,12
BRDA:103,13,1,29
BRDA:104,14,0,4
BRDA:104,14,1,25
BRDA:105,15,0,13
BRDA:105,15,1,12
BRDA:106,16,0,0
BRDA:106,16,1,12
BRDA:107,17,0,1
BRDA:111,18,0,1
BRDA:112,19,0,10
BRDA:113,20,0,14
BRDA:114,21,0,19
BRDA:115,22,0,3
BRDA:116,23,0,9
BRDA:125,24,0,10
BRDA:125,24,1,31
BRDA:125,25,0,1
BRDA:125,25,1,30
BRDA:126,26,0,1
BRDA:126,26,1,40
BRDA:127,27,0,10
BRDA:127,27,1,31
BRDA:131,28,0,41
BRDA:131,28,1,8
BRDA:133,29,0,1
BRDA:134,30,0,1
BRDA:135,31,0,8
BRDA:136,32,0,5
BRDA:138,33,0,8
BRDA:140,34,0,2
BRDA:141,35,0,1
BRDA:144,36,0,8
BRDA:153,37,0,41
BRDA:153,37,1,2
BRDA:153,37,2,2
BRDA:153,37,3,2
BRDA:153,37,4,2
BRDA:153,37,5,2
BRDA:154,38,0,1
BRDA:154,38,1,40
BRDA:158,39,0,5
BRDA:158,39,1,35
BRDA:162,40,0,2
BRDA:162,40,1,33
BRDA:166,41,0,1
BRDA:166,41,1,32
BRDA:170,42,0,13
BRDA:170,42,1,19
BRDA:174,43,0,2
BRDA:174,44,0,19
BRDA:174,44,1,19
BRDA:177,45,0,2
BRDA:177,45,1,0
BRDA:181,46,0,8
BRDA:181,47,0,41
BRDA:181,47,1,8
BRDA:184,48,0,4
BRDA:184,49,0,8
BRDA:184,49,1,4
BRDA:185,50,0,4
BRDA:191,51,0,1
BRDA:191,52,0,8
BRDA:191,52,1,2
BRDA:196,53,0,1
BRDA:196,54,0,8
BRDA:196,54,1,2
BRDA:196,54,2,1
BRDA:201,55,0,4
BRDA:203,56,0,1
BRDA:206,57,0,0
BRDA:206,58,0,8
BRDA:206,58,1,0
BRDA:211,59,0,0
BRDA:211,60,0,8
BRDA:211,60,1,2
BRDA:216,61,0,0
BRDA:216,62,0,8
BRDA:216,62,1,2
BRDA:218,63,0,0
BRDA:223,64,0,8
BRDA:226,65,0,3
BRDA:226,66,0,8
BRDA:226,66,1,5
BRDA:226,66,2,5
BRDA:231,67,0,4
BRDA:231,68,0,8
BRDA:231,68,1,5
BRDA:231,68,2,4
BRDA:231,68,3,4
BRDA:232,69,0,1
BRDA:232,69,1,3
BRDA:232,70,0,4
BRDA:232,70,1,3
BRDA:232,70,2,3
BRDA:241,71,0,1
BRDA:243,72,0,1
BRDA:248,73,0,4
BRDA:248,74,0,41
BRDA:248,74,1,4
BRDA:250,75,0,4
BRDA:254,76,0,1
BRDA:254,77,0,41
BRDA:254,77,1,12
BRDA:260,78,0,2
BRDA:260,79,0,41
BRDA:260,79,1,13
BRDA:260,79,2,13
BRDA:260,79,3,13
BRDA:268,80,0,6
BRDA:277,81,0,0
BRDA:286,82,0,22
BRDA:286,82,1,19
BRDA:287,83,0,2
BRDA:287,83,1,17
BRDA:288,84,0,4
BRDA:288,84,1,13
BRDA:294,85,0,0
BRDA:294,85,1,41
BRDA:298,86,0,14
BRDA:298,86,1,27
BRDA:299,87,0,22
BRDA:299,87,1,19
BRDA:300,88,0,22
BRDA:300,88,1,8
BRDA:304,89,0,5
BRDA:304,89,1,17
BRDA:306,90,0,6
BRDA:306,90,1,11
BRDA:308,91,0,7
BRDA:308,91,1,4
BRDA:311,92,0,5
BRDA:311,92,1,17
BRDA:313,93,0,6
BRDA:313,93,1,11
BRDA:315,94,0,7
BRDA:315,94,1,4
BRDA:318,95,0,6
BRDA:318,95,1,16
BRDA:320,96,0,7
BRDA:320,96,1,9
BRDA:324,97,0,2
BRDA:324,97,1,17
BRDA:328,98,0,0
BRDA:328,98,1,2
BRDA:331,99,0,0
BRDA:331,99,1,2
BRDA:334,100,0,0
BRDA:334,100,1,2
BRDA:338,101,0,4
BRDA:338,101,1,13
BRDA:342,102,0,0
BRDA:342,102,1,4
BRDA:351,103,0,2
BRDA:351,103,1,11
BRDA:352,104,0,2
BRDA:352,104,1,11
BRDA:355,105,0,2
BRDA:355,105,1,11
BRDA:373,106,0,5
BRDA:373,106,1,36
BRDA:374,107,0,8
BRDA:374,107,1,33
BRDA:375,108,0,9
BRDA:375,108,1,32
BRDA:376,109,0,9
BRDA:376,109,1,32
BRDA:379,110,0,5
BRDA:379,110,1,36
BRDA:388,111,0,1
BRDA:388,111,1,40
BRDA:389,112,0,10
BRDA:389,112,1,31
BRDA:390,113,0,9
BRDA:390,113,1,32
BRDA:391,114,0,8
BRDA:391,114,1,33
BRDA:392,115,0,8
BRDA:392,115,1,33
BRDA:393,116,0,3
BRDA:393,116,1,38
BRDA:396,117,0,1
BRDA:396,117,1,40
BRDA:397,118,0,10
BRDA:397,118,1,31
BRDA:397,119,0,0
BRDA:397,119,1,10
BRDA:398,120,0,9
BRDA:398,120,1,32
BRDA:399,121,0,8
BRDA:399,121,1,33
BRDA:400,122,0,8
BRDA:400,122,1,33
BRDA:401,123,0,3
BRDA:401,123,1,38
BRDA:406,124,0,41
BRDA:406,124,1,0
BRDA:412,125,0,28
BRDA:431,126,0,8
BRDA:431,126,1,20
BRDA:437,127,0,1
BRDA:437,127,1,7
BRDA:437,128,0,8
BRDA:437,128,1,2
BRDA:446,129,0,5
BRDA:446,130,0,7
BRDA:446,130,1,3
BRDA:459,131,0,8
BRDA:459,131,1,12
BRDA:460,132,0,3
BRDA:460,132,1,5
BRDA:476,133,0,3
BRDA:476,133,1,2
BRDA:492,134,0,0
BRDA:492,134,1,2
BRDA:508,135,0,0
BRDA:508,135,1,2
BRDA:528,136,0,0
BRDA:528,136,1,2
BRDA:552,137,0,5
BRDA:552,137,1,7
BRDA:568,138,0,1
BRDA:605,139,0,0
BRDA:605,139,1,28
BRF:242
BRH:222
end_of_record
TN:
SF:src/services/communityStore.ts
FN:40,(anonymous_9)
FN:58,(anonymous_10)
FN:59,(anonymous_11)
FN:62,(anonymous_12)
FN:63,(anonymous_13)
FN:78,(anonymous_14)
FN:84,(anonymous_15)
FN:101,(anonymous_16)
FN:115,(anonymous_17)
FN:129,(anonymous_18)
FN:173,(anonymous_19)
FN:177,(anonymous_20)
FN:195,(anonymous_21)
FN:214,(anonymous_22)
FN:218,(anonymous_23)
FN:221,(anonymous_24)
FN:223,(anonymous_25)
FN:225,(anonymous_26)
FN:229,(anonymous_27)
FN:231,(anonymous_28)
FNF:20
FNH:18
FNDA:8,(anonymous_9)
FNDA:327,(anonymous_10)
FNDA:653,(anonymous_11)
FNDA:8,(anonymous_12)
FNDA:56,(anonymous_13)
FNDA:8,(anonymous_14)
FNDA:312,(anonymous_15)
FNDA:4,(anonymous_16)
FNDA:0,(anonymous_17)
FNDA:316,(anonymous_18)
FNDA:4,(anonymous_19)
FNDA:0,(anonymous_20)
FNDA:11,(anonymous_21)
FNDA:1,(anonymous_22)
FNDA:1,(anonymous_23)
FNDA:1,(anonymous_24)
FNDA:11,(anonymous_25)
FNDA:24,(anonymous_26)
FNDA:2,(anonymous_27)
FNDA:78,(anonymous_28)
DA:1,8
DA:2,8
DA:25,8
DA:26,8
DA:27,8
DA:32,8
DA:35,8
DA:41,8
DA:42,8
DA:45,8
DA:55,8
DA:59,653
DA:63,8
DA:64,56
DA:65,56
DA:79,8
DA:80,8
DA:81,8
DA:82,8
DA:83,8
DA:84,8
DA:85,312
DA:89,8
DA:90,8
DA:91,8
DA:92,8
DA:93,8
DA:102,4
DA:103,4
DA:104,4
DA:105,0
DA:107,4
DA:108,4
DA:109,4
DA:116,0
DA:117,0
DA:118,0
DA:119,0
DA:121,0
DA:122,0
DA:123,0
DA:130,316
DA:131,316
DA:133,316
DA:136,316
DA:137,0
DA:140,316
DA:141,316
DA:143,316
DA:144,32
DA:155,32
DA:157,284
DA:158,284
DA:159,284
DA:161,284
DA:162,284
DA:163,284
DA:167,316
DA:168,4
DA:170,316
DA:174,4
DA:178,0
DA:179,0
DA:180,0
DA:181,0
DA:182,0
DA:183,0
DA:184,0
DA:186,0
DA:187,0
DA:192,0
DA:196,11
DA:197,11
DA:200,11
DA:201,1
DA:204,10
DA:205,107
DA:206,107
DA:207,1
DA:211,9
DA:215,1
DA:219,1
DA:222,1
DA:223,11
DA:225,24
DA:226,1
DA:231,2
DA:232,78
DA:233,78
DA:234,78
DA:236,2
DA:240,8
LF:92
LH:73
BRDA:80,0,0,8
BRDA:83,1,0,8
BRDA:89,2,0,8
BRDA:92,3,0,8
BRDA:104,4,0,0
BRDA:118,5,0,0
BRDA:131,6,0,0
BRDA:136,7,0,0
BRDA:140,8,0,316
BRDA:140,8,1,0
BRDA:140,9,0,316
BRDA:140,9,1,0
BRDA:143,10,0,32
BRDA:143,10,1,284
BRDA:150,11,0,32
BRDA:150,11,1,0
BRDA:151,12,0,32
BRDA:151,12,1,0
BRDA:158,13,0,284
BRDA:161,14,0,284
BRDA:161,14,1,0
BRDA:162,15,0,284
BRDA:167,16,0,4
BRDA:179,17,0,0
BRDA:182,18,0,0
BRDA:183,19,0,0
BRDA:186,20,0,0
BRDA:186,21,0,0
BRDA:186,21,1,0
BRDA:196,22,0,0
BRDA:200,23,0,1
BRDA:205,24,0,107
BRDA:206,25,0,1
BRDA:206,26,0,107
BRDA:206,26,1,106
BRDA:221,27,0,0
BRDA:229,28,0,0
BRDA:232,29,0,78
BRDA:232,29,1,0
BRDA:233,30,0,78
BRDA:233,30,1,0
BRF:41
BRH:21
end_of_record
TN:
SF:src/services/evidenceAggregator.ts
FN:17,(anonymous_0)
FN:22,(anonymous_1)
FN:28,(anonymous_2)
FN:29,(anonymous_3)
FN:29,(anonymous_4)
FN:32,(anonymous_5)
FN:33,(anonymous_6)
FN:33,(anonymous_7)
FN:36,(anonymous_8)
FN:37,(anonymous_9)
FN:40,(anonymous_10)
FN:44,(anonymous_11)
FN:52,(anonymous_12)
FNF:13
FNH:13
FNDA:41,(anonymous_0)
FNDA:172,(anonymous_1)
FNDA:72,(anonymous_2)
FNDA:418,(anonymous_3)
FNDA:94,(anonymous_4)
FNDA:82,(anonymous_5)
FNDA:344,(anonymous_6)
FNDA:118,(anonymous_7)
FNDA:69,(anonymous_8)
FNDA:315,(anonymous_9)
FNDA:41,(anonymous_10)
FNDA:172,(anonymous_11)
FNDA:41,(anonymous_12)
DA:12,8
DA:13,41
DA:18,41
DA:19,41
DA:23,172
DA:24,172
DA:25,172
DA:29,418
DA:33,344
DA:37,315
DA:41,41
DA:44,172
DA:53,41
LF:13
LH:13
BRF:0
BRH:0
end_of_record
TN:
SF:src/services/geminiReasoningService.ts
FN:82,shouldEscalateToGemini
FN:92,analyzeWithGemini
FN:121,(anonymous_2)
FN:122,(anonymous_3)
FN:176,(anonymous_4)
FNF:5
FNH:5
FNDA:49,shouldEscalateToGemini
FNDA:17,analyzeWithGemini
FNDA:10,(anonymous_2)
FNDA:2,(anonymous_3)
FNDA:2,(anonymous_4)
DA:19,10
DA:45,10
DA:46,10
DA:47,10
DA:48,10
DA:50,10
DA:82,10
DA:83,49
DA:92,10
DA:93,17
DA:102,17
DA:103,17
DA:104,7
DA:107,10
DA:108,10
DA:110,10
DA:121,10
DA:122,10
DA:125,10
DA:136,10
DA:137,10
DA:139,10
DA:142,7
DA:144,2
DA:148,5
DA:149,5
DA:150,0
DA:154,5
DA:155,5
DA:156,5
DA:157,3
DA:160,5
DA:163,3
DA:167,3
DA:171,3
DA:175,3
DA:176,2
DA:179,3
DA:189,5
DA:190,5
LF:40
LH:39
BRDA:83,0,0,49
BRDA:83,0,1,34
BRDA:103,1,0,7
BRDA:142,2,0,2
BRDA:149,3,0,0
BRDA:156,4,0,3
BRDA:163,5,0,3
BRDA:163,5,1,0
BRDA:167,6,0,3
BRDA:167,6,1,0
BRDA:171,7,0,3
BRDA:171,7,1,0
BRDA:175,8,0,2
BRDA:175,8,1,1
BRDA:189,9,0,5
BRDA:189,9,1,0
BRF:16
BRH:11
end_of_record
TN:
SF:src/services/incidentResponseService.ts
FN:15,(anonymous_0)
FN:37,(anonymous_1)
FN:38,(anonymous_2)
FN:39,(anonymous_3)
FN:40,(anonymous_4)
FNF:5
FNH:5
FNDA:8,(anonymous_0)
FNDA:10,(anonymous_1)
FNDA:11,(anonymous_2)
FNDA:10,(anonymous_3)
FNDA:11,(anonymous_4)
DA:14,7
DA:16,8
DA:17,8
DA:20,8
DA:21,2
DA:34,6
DA:35,6
DA:37,10
DA:38,11
DA:39,10
DA:40,11
DA:42,6
DA:43,2
DA:44,4
DA:45,1
DA:46,3
DA:47,1
DA:48,2
DA:49,1
DA:53,6
DA:54,6
DA:55,6
DA:56,6
DA:57,6
DA:59,6
DA:61,1
DA:62,1
DA:63,1
DA:64,1
DA:65,1
DA:67,1
DA:68,1
DA:69,1
DA:70,1
DA:71,1
DA:72,1
DA:74,2
DA:75,2
DA:76,2
DA:77,2
DA:78,2
DA:80,1
DA:81,1
DA:82,1
DA:83,1
DA:84,1
DA:86,1
DA:87,1
DA:91,6
DA:93,6
DA:106,7
LF:51
LH:51
BRDA:17,0,0,8
BRDA:17,0,1,0
BRDA:20,1,0,2
BRDA:35,2,0,0
BRDA:35,2,1,6
BRDA:37,3,0,10
BRDA:37,3,1,9
BRDA:37,3,2,9
BRDA:37,3,3,9
BRDA:37,3,4,9
BRDA:38,4,0,11
BRDA:38,4,1,9
BRDA:38,4,2,9
BRDA:38,4,3,9
BRDA:39,5,0,10
BRDA:39,5,1,10
BRDA:39,5,2,9
BRDA:39,5,3,9
BRDA:40,6,0,11
BRDA:40,6,1,11
BRDA:40,6,2,11
BRDA:40,6,3,11
BRDA:40,6,4,10
BRDA:42,7,0,2
BRDA:42,7,1,4
BRDA:44,8,0,1
BRDA:44,8,1,3
BRDA:46,9,0,1
BRDA:46,9,1,2
BRDA:48,10,0,1
BRDA:59,11,0,1
BRDA:59,11,1,1
BRDA:59,11,2,2
BRDA:59,11,3,1
BRDA:59,11,4,1
BRDA:91,12,0,6
BRDA:91,12,1,1
BRF:37
BRH:35
end_of_record
TN:
SF:src/services/extractors/piiSanitizer.ts
FN:45,sanitizeText
FN:53,(anonymous_1)
FN:69,(anonymous_2)
FN:81,(anonymous_3)
FN:93,(anonymous_4)
FN:105,(anonymous_5)
FN:118,(anonymous_6)
FN:141,sanitizeEvidenceData
FNF:8
FNH:8
FNDA:59,sanitizeText
FNDA:3,(anonymous_1)
FNDA:3,(anonymous_2)
FNDA:2,(anonymous_3)
FNDA:3,(anonymous_4)
FNDA:7,(anonymous_5)
FNDA:4,(anonymous_6)
FNDA:1,sanitizeEvidenceData
DA:24,10
DA:27,10
DA:30,10
DA:33,10
DA:36,10
DA:39,10
DA:45,10
DA:46,59
DA:47,59
DA:53,59
DA:55,3
DA:56,3
DA:58,3
DA:59,3
DA:65,3
DA:69,59
DA:70,3
DA:71,3
DA:77,3
DA:81,59
DA:82,2
DA:83,2
DA:89,2
DA:93,59
DA:94,3
DA:95,3
DA:101,3
DA:105,59
DA:106,7
DA:107,7
DA:108,7
DA:114,7
DA:118,59
DA:119,4
DA:120,4
DA:121,4
DA:127,4
DA:130,59
DA:141,10
DA:142,1
LF:40
LH:40
BRDA:56,0,0,0
BRF:1
BRH:0
end_of_record
TN:
SF:src/services/extractors/tradingFraudExtractor.ts
FN:117,extractTradingFraudSignals
FNF:1
FNH:1
FNDA:59,extractTradingFraudSignals
DA:36,10
DA:44,10
DA:51,10
DA:58,10
DA:66,10
DA:76,10
DA:85,10
DA:95,10
DA:104,10
DA:111,10
DA:117,10
DA:118,59
DA:137,59
DA:140,59
DA:141,173
DA:142,2
DA:143,2
DA:144,2
DA:149,59
DA:150,945
DA:152,4
DA:153,4
DA:154,4
DA:155,4
DA:156,4
DA:158,4
DA:163,59
DA:164,525
DA:165,1
DA:166,1
DA:167,1
DA:168,1
DA:169,1
DA:170,1
DA:176,59
DA:177,236
DA:178,236
DA:179,3
DA:180,3
DA:181,3
DA:186,59
DA:187,312
DA:188,312
DA:189,10
DA:190,10
DA:191,10
DA:192,10
DA:197,59
DA:198,285
DA:199,3
DA:200,3
DA:201,3
DA:206,59
DA:207,344
DA:208,3
DA:209,3
DA:210,3
DA:215,59
DA:216,263
DA:217,8
DA:218,8
DA:219,8
DA:224,59
DA:225,169
DA:226,5
DA:227,5
DA:228,5
DA:233,59
DA:234,171
DA:235,171
DA:236,3
DA:237,3
DA:238,3
DA:239,3
DA:244,59
DA:257,59
DA:258,59
DA:260,59
LF:78
LH:78
BRDA:141,0,0,2
BRDA:150,1,0,4
BRDA:153,2,0,4
BRDA:164,3,0,1
BRDA:167,4,0,1
BRDA:167,5,0,1
BRDA:167,5,1,0
BRDA:178,6,0,3
BRDA:188,7,0,10
BRDA:198,8,0,3
BRDA:207,9,0,3
BRDA:216,10,0,8
BRDA:225,11,0,5
BRDA:235,12,0,3
BRF:14
BRH:13
end_of_record
TN:
SF:src/services/extractors/upiFraudExtractor.ts
FN:82,extractUpiFraudSignals
FN:97,(anonymous_1)
FN:102,(anonymous_2)
FN:107,(anonymous_3)
FN:112,(anonymous_4)
FN:117,(anonymous_5)
FN:122,(anonymous_6)
FN:127,(anonymous_7)
FN:132,(anonymous_8)
FNF:9
FNH:9
FNDA:47,extractUpiFraudSignals
FNDA:133,(anonymous_1)
FNDA:141,(anonymous_2)
FNDA:176,(anonymous_3)
FNDA:182,(anonymous_4)
FNDA:139,(anonymous_5)
FNDA:94,(anonymous_6)
FNDA:141,(anonymous_7)
FNDA:94,(anonymous_8)
DA:27,9
DA:34,9
DA:41,9
DA:49,9
DA:57,9
DA:64,9
DA:70,9
DA:77,9
DA:82,9
DA:83,47
DA:97,133
DA:98,4
DA:99,4
DA:102,141
DA:103,1
DA:104,1
DA:107,176
DA:108,4
DA:109,4
DA:112,182
DA:113,2
DA:114,2
DA:117,139
DA:118,1
DA:119,1
DA:122,94
DA:123,1
DA:124,1
DA:127,141
DA:128,0
DA:129,0
DA:132,94
DA:133,0
DA:134,0
DA:137,47
DA:148,47
DA:149,47
DA:151,47
LF:38
LH:34
BRDA:97,0,0,4
BRDA:102,1,0,1
BRDA:107,2,0,4
BRDA:112,3,0,2
BRDA:117,4,0,1
BRDA:122,5,0,1
BRDA:127,6,0,0
BRDA:132,7,0,0
BRF:8
BRH:6
end_of_record
