<?xml version="1.0" encoding="UTF-8"?>
<testsuite name="com.refguard.platform.IngressManagerTest" tests="13" skipped="0" failures="0" errors="0" timestamp="2026-08-14T08:05:10.751Z" hostname="BARATHWAJ" time="0.158">
  <properties/>
  <testcase name="testShareSheetText" classname="com.refguard.platform.IngressManagerTest" time="0.12"/>
  <testcase name="testSourceChannelCorrectness" classname="com.refguard.platform.IngressManagerTest" time="0.0"/>
  <testcase name="testCameraPermissionDenied" classname="com.refguard.platform.IngressManagerTest" time="0.002"/>
  <testcase name="testEmptyInput" classname="com.refguard.platform.IngressManagerTest" time="0.003"/>
  <testcase name="testQrScanSuccess" classname="com.refguard.platform.IngressManagerTest" time="0.002"/>
  <testcase name="testInvalidScreenshot" classname="com.refguard.platform.IngressManagerTest" time="0.015"/>
  <testcase name="testOfflineStateAllowsCapture" classname="com.refguard.platform.IngressManagerTest" time="0.002"/>
  <testcase name="testManualUpiVpa" classname="com.refguard.platform.IngressManagerTest" time="0.002"/>
  <testcase name="testQrScanFailureMalformed" classname="com.refguard.platform.IngressManagerTest" time="0.002"/>
  <testcase name="testScreenshotImport" classname="com.refguard.platform.IngressManagerTest" time="0.001"/>
  <testcase name="testManualUrl" classname="com.refguard.platform.IngressManagerTest" time="0.002"/>
  <testcase name="testShareSheetUrl" classname="com.refguard.platform.IngressManagerTest" time="0.002"/>
  <testcase name="testClipboardText" classname="com.refguard.platform.IngressManagerTest" time="0.002"/>
  <system-out><![CDATA[]]></system-out>
  <system-err><![CDATA[]]></system-err>
</testsuite>
